Successful to build network!
[Env] device=cuda:0 model_training=True
【微调模式】成功加载预训练权重！保留了 62 个匹配的层。
[Data] mode=ccpd_board train_samples=100219 test_samples=99996 train_plate_box_aug=jitter_refine prob=0.85 board_anchors=1 pseudo_train=218 pseudo_val=53 province_balance=inv_sqrt first_char_aux=0.40
Epoch:1 || epochiter: 0/1566|| Totel iter 1 || Loss: 1.5293|| Aux: 2.6855||Batch time: 0.6973 sec. ||LR: 0.00005000
Epoch:1 || epochiter: 20/1566|| Totel iter 21 || Loss: 0.4417|| Aux: 0.6288||Batch time: 0.0446 sec. ||LR: 0.00005000
Epoch:1 || epochiter: 40/1566|| Totel iter 41 || Loss: 0.3309|| Aux: 0.5203||Batch time: 0.0453 sec. ||LR: 0.00005000
Epoch:1 || epochiter: 60/1566|| Totel iter 61 || Loss: 0.2617|| Aux: 0.3199||Batch time: 0.0474 sec. ||LR: 0.00005000
Epoch:1 || epochiter: 80/1566|| Totel iter 81 || Loss: 0.2791|| Aux: 0.3308||Batch time: 0.0446 sec. ||LR: 0.00005000
Epoch:1 || epochiter: 100/1566|| Totel iter 101 || Loss: 0.2262|| Aux: 0.1936||Batch time: 0.0443 sec. ||LR: 0.00005000
Epoch:1 || epochiter: 120/1566|| Totel iter 121 || Loss: 0.1555|| Aux: 0.1023||Batch time: 0.0438 sec. ||LR: 0.00005000
Epoch:1 || epochiter: 140/1566|| Totel iter 141 || Loss: 0.0970|| Aux: 0.0958||Batch time: 0.0473 sec. ||LR: 0.00005000
Epoch:1 || epochiter: 160/1566|| Totel iter 161 || Loss: 0.1032|| Aux: 0.1128||Batch time: 0.0459 sec. ||LR: 0.00005000
Epoch:1 || epochiter: 180/1566|| Totel iter 181 || Loss: 0.1961|| Aux: 0.1978||Batch time: 0.0468 sec. ||LR: 0.00005000
Epoch:1 || epochiter: 200/1566|| Totel iter 201 || Loss: 0.0898|| Aux: 0.1023||Batch time: 0.0451 sec. ||LR: 0.00005000
Epoch:1 || epochiter: 220/1566|| Totel iter 221 || Loss: 0.1104|| Aux: 0.0572||Batch time: 0.0468 sec. ||LR: 0.00005000
Epoch:1 || epochiter: 240/1566|| Totel iter 241 || Loss: 0.1443|| Aux: 0.1580||Batch time: 0.0435 sec. ||LR: 0.00005000
Epoch:1 || epochiter: 260/1566|| Totel iter 261 || Loss: 0.0984|| Aux: 0.1264||Batch time: 0.0478 sec. ||LR: 0.00005000
Epoch:1 || epochiter: 280/1566|| Totel iter 281 || Loss: 0.0677|| Aux: 0.0524||Batch time: 0.0463 sec. ||LR: 0.00005000
Epoch:1 || epochiter: 300/1566|| Totel iter 301 || Loss: 0.2105|| Aux: 0.2198||Batch time: 0.0435 sec. ||LR: 0.00005000
Epoch:1 || epochiter: 320/1566|| Totel iter 321 || Loss: 0.1312|| Aux: 0.0922||Batch time: 0.0456 sec. ||LR: 0.00005000
Epoch:1 || epochiter: 340/1566|| Totel iter 341 || Loss: 0.0812|| Aux: 0.0763||Batch time: 0.0453 sec. ||LR: 0.00005000
Epoch:1 || epochiter: 360/1566|| Totel iter 361 || Loss: 0.0836|| Aux: 0.0214||Batch time: 0.0466 sec. ||LR: 0.00005000
Epoch:1 || epochiter: 380/1566|| Totel iter 381 || Loss: 0.1482|| Aux: 0.1344||Batch time: 0.0457 sec. ||LR: 0.00005000
Epoch:1 || epochiter: 400/1566|| Totel iter 401 || Loss: 0.0692|| Aux: 0.0467||Batch time: 0.0442 sec. ||LR: 0.00005000
Epoch:1 || epochiter: 420/1566|| Totel iter 421 || Loss: 0.0950|| Aux: 0.0577||Batch time: 0.0441 sec. ||LR: 0.00005000
Epoch:1 || epochiter: 440/1566|| Totel iter 441 || Loss: 0.1004|| Aux: 0.0631||Batch time: 0.0447 sec. ||LR: 0.00005000
Epoch:1 || epochiter: 460/1566|| Totel iter 461 || Loss: 0.0544|| Aux: 0.0245||Batch time: 0.0429 sec. ||LR: 0.00005000
Epoch:1 || epochiter: 480/1566|| Totel iter 481 || Loss: 0.0537|| Aux: 0.0572||Batch time: 0.0442 sec. ||LR: 0.00005000
Epoch:1 || epochiter: 500/1566|| Totel iter 501 || Loss: 0.0557|| Aux: 0.0458||Batch time: 0.0443 sec. ||LR: 0.00005000
Epoch:1 || epochiter: 520/1566|| Totel iter 521 || Loss: 0.0670|| Aux: 0.0652||Batch time: 0.0464 sec. ||LR: 0.00005000
Epoch:1 || epochiter: 540/1566|| Totel iter 541 || Loss: 0.1620|| Aux: 0.1340||Batch time: 0.0453 sec. ||LR: 0.00005000
Epoch:1 || epochiter: 560/1566|| Totel iter 561 || Loss: 0.0986|| Aux: 0.0858||Batch time: 0.0463 sec. ||LR: 0.00005000
Epoch:1 || epochiter: 580/1566|| Totel iter 581 || Loss: 0.0504|| Aux: 0.0148||Batch time: 0.0447 sec. ||LR: 0.00005000
Epoch:1 || epochiter: 600/1566|| Totel iter 601 || Loss: 0.0451|| Aux: 0.0300||Batch time: 0.0472 sec. ||LR: 0.00005000
Epoch:1 || epochiter: 620/1566|| Totel iter 621 || Loss: 0.0574|| Aux: 0.0906||Batch time: 0.0439 sec. ||LR: 0.00005000
Epoch:1 || epochiter: 640/1566|| Totel iter 641 || Loss: 0.0278|| Aux: 0.0178||Batch time: 0.0455 sec. ||LR: 0.00005000
Epoch:1 || epochiter: 660/1566|| Totel iter 661 || Loss: 0.0414|| Aux: 0.0366||Batch time: 0.0457 sec. ||LR: 0.00005000
Epoch:1 || epochiter: 680/1566|| Totel iter 681 || Loss: 0.0598|| Aux: 0.0816||Batch time: 0.0463 sec. ||LR: 0.00005000
Epoch:1 || epochiter: 700/1566|| Totel iter 701 || Loss: 0.0366|| Aux: 0.0221||Batch time: 0.0441 sec. ||LR: 0.00005000
Epoch:1 || epochiter: 720/1566|| Totel iter 721 || Loss: 0.0804|| Aux: 0.0505||Batch time: 0.0454 sec. ||LR: 0.00005000
Epoch:1 || epochiter: 740/1566|| Totel iter 741 || Loss: 0.1195|| Aux: 0.1235||Batch time: 0.0431 sec. ||LR: 0.00005000
Epoch:1 || epochiter: 760/1566|| Totel iter 761 || Loss: 0.1218|| Aux: 0.0749||Batch time: 0.0458 sec. ||LR: 0.00005000
Epoch:1 || epochiter: 780/1566|| Totel iter 781 || Loss: 0.0984|| Aux: 0.1385||Batch time: 0.0451 sec. ||LR: 0.00005000
Epoch:1 || epochiter: 800/1566|| Totel iter 801 || Loss: 0.0549|| Aux: 0.0268||Batch time: 0.0484 sec. ||LR: 0.00005000
Epoch:1 || epochiter: 820/1566|| Totel iter 821 || Loss: 0.1373|| Aux: 0.1174||Batch time: 0.0452 sec. ||LR: 0.00005000
Epoch:1 || epochiter: 840/1566|| Totel iter 841 || Loss: 0.0263|| Aux: 0.0066||Batch time: 0.0436 sec. ||LR: 0.00005000
Epoch:1 || epochiter: 860/1566|| Totel iter 861 || Loss: 0.0846|| Aux: 0.0883||Batch time: 0.0451 sec. ||LR: 0.00005000
Epoch:1 || epochiter: 880/1566|| Totel iter 881 || Loss: 0.0470|| Aux: 0.0432||Batch time: 0.0450 sec. ||LR: 0.00005000
Epoch:1 || epochiter: 900/1566|| Totel iter 901 || Loss: 0.0476|| Aux: 0.0134||Batch time: 0.0456 sec. ||LR: 0.00005000
Epoch:1 || epochiter: 920/1566|| Totel iter 921 || Loss: 0.0498|| Aux: 0.0241||Batch time: 0.0446 sec. ||LR: 0.00005000
Epoch:1 || epochiter: 940/1566|| Totel iter 941 || Loss: 0.0705|| Aux: 0.0396||Batch time: 0.0446 sec. ||LR: 0.00005000
Epoch:1 || epochiter: 960/1566|| Totel iter 961 || Loss: 0.1499|| Aux: 0.0542||Batch time: 0.0453 sec. ||LR: 0.00005000
Epoch:1 || epochiter: 980/1566|| Totel iter 981 || Loss: 0.1102|| Aux: 0.0913||Batch time: 0.0453 sec. ||LR: 0.00005000
Epoch:1 || epochiter: 1000/1566|| Totel iter 1001 || Loss: 0.0354|| Aux: 0.0061||Batch time: 0.0457 sec. ||LR: 0.00005000
Epoch:1 || epochiter: 1020/1566|| Totel iter 1021 || Loss: 0.0298|| Aux: 0.0215||Batch time: 0.0449 sec. ||LR: 0.00005000
Epoch:1 || epochiter: 1040/1566|| Totel iter 1041 || Loss: 0.0838|| Aux: 0.0864||Batch time: 0.0443 sec. ||LR: 0.00005000
Epoch:1 || epochiter: 1060/1566|| Totel iter 1061 || Loss: 0.0546|| Aux: 0.0402||Batch time: 0.0457 sec. ||LR: 0.00005000
Epoch:1 || epochiter: 1080/1566|| Totel iter 1081 || Loss: 0.0839|| Aux: 0.0168||Batch time: 0.0467 sec. ||LR: 0.00005000
Epoch:1 || epochiter: 1100/1566|| Totel iter 1101 || Loss: 0.0486|| Aux: 0.0222||Batch time: 0.0460 sec. ||LR: 0.00005000
Epoch:1 || epochiter: 1120/1566|| Totel iter 1121 || Loss: 0.0418|| Aux: 0.0207||Batch time: 0.0444 sec. ||LR: 0.00005000
Epoch:1 || epochiter: 1140/1566|| Totel iter 1141 || Loss: 0.0351|| Aux: 0.0172||Batch time: 0.0445 sec. ||LR: 0.00005000
Epoch:1 || epochiter: 1160/1566|| Totel iter 1161 || Loss: 0.0591|| Aux: 0.1015||Batch time: 0.0456 sec. ||LR: 0.00005000
Epoch:1 || epochiter: 1180/1566|| Totel iter 1181 || Loss: 0.0469|| Aux: 0.0205||Batch time: 0.0445 sec. ||LR: 0.00005000
Epoch:1 || epochiter: 1200/1566|| Totel iter 1201 || Loss: 0.0448|| Aux: 0.0191||Batch time: 0.0451 sec. ||LR: 0.00005000
Epoch:1 || epochiter: 1220/1566|| Totel iter 1221 || Loss: 0.0606|| Aux: 0.0760||Batch time: 0.0473 sec. ||LR: 0.00005000
Epoch:1 || epochiter: 1240/1566|| Totel iter 1241 || Loss: 0.0360|| Aux: 0.0133||Batch time: 0.0465 sec. ||LR: 0.00005000
Epoch:1 || epochiter: 1260/1566|| Totel iter 1261 || Loss: 0.1309|| Aux: 0.1489||Batch time: 0.0448 sec. ||LR: 0.00005000
Epoch:1 || epochiter: 1280/1566|| Totel iter 1281 || Loss: 0.0549|| Aux: 0.0222||Batch time: 0.0458 sec. ||LR: 0.00005000
Epoch:1 || epochiter: 1300/1566|| Totel iter 1301 || Loss: 0.0127|| Aux: 0.0070||Batch time: 0.0466 sec. ||LR: 0.00005000
Epoch:1 || epochiter: 1320/1566|| Totel iter 1321 || Loss: 0.0266|| Aux: 0.0083||Batch time: 0.0466 sec. ||LR: 0.00005000
Epoch:1 || epochiter: 1340/1566|| Totel iter 1341 || Loss: 0.0825|| Aux: 0.0683||Batch time: 0.0457 sec. ||LR: 0.00005000
Epoch:1 || epochiter: 1360/1566|| Totel iter 1361 || Loss: 0.1005|| Aux: 0.0891||Batch time: 0.0461 sec. ||LR: 0.00005000
Epoch:1 || epochiter: 1380/1566|| Totel iter 1381 || Loss: 0.0728|| Aux: 0.0136||Batch time: 0.0486 sec. ||LR: 0.00005000
Epoch:1 || epochiter: 1400/1566|| Totel iter 1401 || Loss: 0.1304|| Aux: 0.0417||Batch time: 0.0462 sec. ||LR: 0.00005000
Epoch:1 || epochiter: 1420/1566|| Totel iter 1421 || Loss: 0.0430|| Aux: 0.0148||Batch time: 0.0458 sec. ||LR: 0.00005000
Epoch:1 || epochiter: 1440/1566|| Totel iter 1441 || Loss: 0.0629|| Aux: 0.1179||Batch time: 0.0451 sec. ||LR: 0.00005000
Epoch:1 || epochiter: 1460/1566|| Totel iter 1461 || Loss: 0.0689|| Aux: 0.0392||Batch time: 0.0427 sec. ||LR: 0.00005000
Epoch:1 || epochiter: 1480/1566|| Totel iter 1481 || Loss: 0.0952|| Aux: 0.1112||Batch time: 0.0486 sec. ||LR: 0.00005000
Epoch:1 || epochiter: 1500/1566|| Totel iter 1501 || Loss: 0.0519|| Aux: 0.0095||Batch time: 0.0472 sec. ||LR: 0.00005000
Epoch:1 || epochiter: 1520/1566|| Totel iter 1521 || Loss: 0.0576|| Aux: 0.0200||Batch time: 0.0443 sec. ||LR: 0.00005000
Epoch:1 || epochiter: 1540/1566|| Totel iter 1541 || Loss: 0.0325|| Aux: 0.0310||Batch time: 0.0445 sec. ||LR: 0.00005000
Epoch:1 || epochiter: 1560/1566|| Totel iter 1561 || Loss: 0.0348|| Aux: 0.0091||Batch time: 0.0440 sec. ||LR: 0.00005000
[Epoch Summary] Epoch 1 AvgLoss 0.0964 AvgAux 0.0887
[SelectionProxy] Epoch 1 exact 0.8718 on first 5000 eval samples
[PseudoAnchorVal] Epoch 1 exact 0.7547 first_char 0.8868 blank_mean 0.5052
[BoardAnchor] Epoch 1 exact 1.0000 first_char 1.0000 blank_mean 0.4444 pseudo_first 0.8868 pseudo_exact 0.7547 proxy_exact 0.8718
[BoardAnchor][1] gt=京N8P8F8 pred=京N8P8F8 blank=0.4444 top5=[('京', 0.9999845027923584), ('豫', 1.5044355677673593e-05), ('浙', 2.153079492472898e-07), ('闽', 1.2372210278499551e-07), ('苏', 7.596288753575209e-08)]
[BoardAnchor] New best checkpoint selected at epoch 1
Epoch:2 || epochiter: 0/1566|| Totel iter 1567 || Loss: 0.0489|| Aux: 0.0089||Batch time: 0.0308 sec. ||LR: 0.00005000
Epoch:2 || epochiter: 20/1566|| Totel iter 1587 || Loss: 0.0424|| Aux: 0.0559||Batch time: 0.0457 sec. ||LR: 0.00005000
Epoch:2 || epochiter: 40/1566|| Totel iter 1607 || Loss: 0.0326|| Aux: 0.0254||Batch time: 0.0438 sec. ||LR: 0.00005000
Epoch:2 || epochiter: 60/1566|| Totel iter 1627 || Loss: 0.0112|| Aux: 0.0103||Batch time: 0.0465 sec. ||LR: 0.00005000
Epoch:2 || epochiter: 80/1566|| Totel iter 1647 || Loss: 0.0712|| Aux: 0.0332||Batch time: 0.0465 sec. ||LR: 0.00005000
Epoch:2 || epochiter: 100/1566|| Totel iter 1667 || Loss: 0.0489|| Aux: 0.0221||Batch time: 0.0442 sec. ||LR: 0.00005000
Epoch:2 || epochiter: 120/1566|| Totel iter 1687 || Loss: 0.0562|| Aux: 0.0747||Batch time: 0.0463 sec. ||LR: 0.00005000
Epoch:2 || epochiter: 140/1566|| Totel iter 1707 || Loss: 0.0469|| Aux: 0.0202||Batch time: 0.0451 sec. ||LR: 0.00005000
Epoch:2 || epochiter: 160/1566|| Totel iter 1727 || Loss: 0.0532|| Aux: 0.0212||Batch time: 0.0457 sec. ||LR: 0.00005000
Epoch:2 || epochiter: 180/1566|| Totel iter 1747 || Loss: 0.0125|| Aux: 0.0147||Batch time: 0.0443 sec. ||LR: 0.00005000
Epoch:2 || epochiter: 200/1566|| Totel iter 1767 || Loss: 0.0326|| Aux: 0.0068||Batch time: 0.0447 sec. ||LR: 0.00005000
Epoch:2 || epochiter: 220/1566|| Totel iter 1787 || Loss: 0.0290|| Aux: 0.0203||Batch time: 0.0490 sec. ||LR: 0.00005000
Epoch:2 || epochiter: 240/1566|| Totel iter 1807 || Loss: 0.0157|| Aux: 0.0116||Batch time: 0.0467 sec. ||LR: 0.00005000
Epoch:2 || epochiter: 260/1566|| Totel iter 1827 || Loss: 0.0505|| Aux: 0.0186||Batch time: 0.0447 sec. ||LR: 0.00005000
Epoch:2 || epochiter: 280/1566|| Totel iter 1847 || Loss: 0.0200|| Aux: 0.0065||Batch time: 0.0479 sec. ||LR: 0.00005000
Epoch:2 || epochiter: 300/1566|| Totel iter 1867 || Loss: 0.0223|| Aux: 0.0214||Batch time: 0.0459 sec. ||LR: 0.00005000
Epoch:2 || epochiter: 320/1566|| Totel iter 1887 || Loss: 0.0589|| Aux: 0.0558||Batch time: 0.0461 sec. ||LR: 0.00005000
Epoch:2 || epochiter: 340/1566|| Totel iter 1907 || Loss: 0.0648|| Aux: 0.0382||Batch time: 0.0451 sec. ||LR: 0.00005000
Epoch:2 || epochiter: 360/1566|| Totel iter 1927 || Loss: 0.0283|| Aux: 0.0423||Batch time: 0.0452 sec. ||LR: 0.00005000
Epoch:2 || epochiter: 380/1566|| Totel iter 1947 || Loss: 0.0125|| Aux: 0.0175||Batch time: 0.0456 sec. ||LR: 0.00005000
Epoch:2 || epochiter: 400/1566|| Totel iter 1967 || Loss: 0.0437|| Aux: 0.0323||Batch time: 0.0451 sec. ||LR: 0.00005000
Epoch:2 || epochiter: 420/1566|| Totel iter 1987 || Loss: 0.0214|| Aux: 0.0096||Batch time: 0.0457 sec. ||LR: 0.00005000
Epoch:2 || epochiter: 440/1566|| Totel iter 2007 || Loss: 0.0167|| Aux: 0.0079||Batch time: 0.0446 sec. ||LR: 0.00005000
Epoch:2 || epochiter: 460/1566|| Totel iter 2027 || Loss: 0.0400|| Aux: 0.0141||Batch time: 0.0455 sec. ||LR: 0.00005000
Epoch:2 || epochiter: 480/1566|| Totel iter 2047 || Loss: 0.0101|| Aux: 0.0143||Batch time: 0.0466 sec. ||LR: 0.00005000
Epoch:2 || epochiter: 500/1566|| Totel iter 2067 || Loss: 0.0501|| Aux: 0.0092||Batch time: 0.0472 sec. ||LR: 0.00005000
Epoch:2 || epochiter: 520/1566|| Totel iter 2087 || Loss: 0.0211|| Aux: 0.0071||Batch time: 0.0452 sec. ||LR: 0.00005000
Epoch:2 || epochiter: 540/1566|| Totel iter 2107 || Loss: 0.0190|| Aux: 0.0058||Batch time: 0.0443 sec. ||LR: 0.00005000
Epoch:2 || epochiter: 560/1566|| Totel iter 2127 || Loss: 0.0375|| Aux: 0.0088||Batch time: 0.0453 sec. ||LR: 0.00005000
Epoch:2 || epochiter: 580/1566|| Totel iter 2147 || Loss: 0.0238|| Aux: 0.0023||Batch time: 0.0458 sec. ||LR: 0.00005000
Epoch:2 || epochiter: 600/1566|| Totel iter 2167 || Loss: 0.0201|| Aux: 0.0084||Batch time: 0.0452 sec. ||LR: 0.00005000
Epoch:2 || epochiter: 620/1566|| Totel iter 2187 || Loss: 0.0136|| Aux: 0.0057||Batch time: 0.0466 sec. ||LR: 0.00005000
Epoch:2 || epochiter: 640/1566|| Totel iter 2207 || Loss: 0.0297|| Aux: 0.0202||Batch time: 0.0435 sec. ||LR: 0.00005000
Epoch:2 || epochiter: 660/1566|| Totel iter 2227 || Loss: 0.0577|| Aux: 0.0211||Batch time: 0.0449 sec. ||LR: 0.00005000
Epoch:2 || epochiter: 680/1566|| Totel iter 2247 || Loss: 0.0444|| Aux: 0.0455||Batch time: 0.0464 sec. ||LR: 0.00005000
Epoch:2 || epochiter: 700/1566|| Totel iter 2267 || Loss: 0.0095|| Aux: 0.0036||Batch time: 0.0451 sec. ||LR: 0.00005000
Epoch:2 || epochiter: 720/1566|| Totel iter 2287 || Loss: 0.0456|| Aux: 0.0550||Batch time: 0.0451 sec. ||LR: 0.00005000
Epoch:2 || epochiter: 740/1566|| Totel iter 2307 || Loss: 0.0597|| Aux: 0.0167||Batch time: 0.0473 sec. ||LR: 0.00005000
Epoch:2 || epochiter: 760/1566|| Totel iter 2327 || Loss: 0.0361|| Aux: 0.0075||Batch time: 0.0458 sec. ||LR: 0.00005000
Epoch:2 || epochiter: 780/1566|| Totel iter 2347 || Loss: 0.0636|| Aux: 0.0790||Batch time: 0.0439 sec. ||LR: 0.00005000
Epoch:2 || epochiter: 800/1566|| Totel iter 2367 || Loss: 0.0388|| Aux: 0.0041||Batch time: 0.0438 sec. ||LR: 0.00005000
Epoch:2 || epochiter: 820/1566|| Totel iter 2387 || Loss: 0.0463|| Aux: 0.0142||Batch time: 0.0457 sec. ||LR: 0.00005000
Epoch:2 || epochiter: 840/1566|| Totel iter 2407 || Loss: 0.0101|| Aux: 0.0096||Batch time: 0.0440 sec. ||LR: 0.00005000
Epoch:2 || epochiter: 860/1566|| Totel iter 2427 || Loss: 0.0231|| Aux: 0.0068||Batch time: 0.0463 sec. ||LR: 0.00005000
Epoch:2 || epochiter: 880/1566|| Totel iter 2447 || Loss: 0.0970|| Aux: 0.0069||Batch time: 0.0450 sec. ||LR: 0.00005000
Epoch:2 || epochiter: 900/1566|| Totel iter 2467 || Loss: 0.0431|| Aux: 0.0407||Batch time: 0.0453 sec. ||LR: 0.00005000
Epoch:2 || epochiter: 920/1566|| Totel iter 2487 || Loss: 0.0206|| Aux: 0.0077||Batch time: 0.0449 sec. ||LR: 0.00005000
Epoch:2 || epochiter: 940/1566|| Totel iter 2507 || Loss: 0.0128|| Aux: 0.0171||Batch time: 0.0452 sec. ||LR: 0.00005000
Epoch:2 || epochiter: 960/1566|| Totel iter 2527 || Loss: 0.0418|| Aux: 0.0131||Batch time: 0.0455 sec. ||LR: 0.00005000
Epoch:2 || epochiter: 980/1566|| Totel iter 2547 || Loss: 0.0225|| Aux: 0.0113||Batch time: 0.0435 sec. ||LR: 0.00005000
Epoch:2 || epochiter: 1000/1566|| Totel iter 2567 || Loss: 0.0168|| Aux: 0.0072||Batch time: 0.0452 sec. ||LR: 0.00005000
Epoch:2 || epochiter: 1020/1566|| Totel iter 2587 || Loss: 0.0291|| Aux: 0.0230||Batch time: 0.0456 sec. ||LR: 0.00005000
Epoch:2 || epochiter: 1040/1566|| Totel iter 2607 || Loss: 0.0333|| Aux: 0.0499||Batch time: 0.0457 sec. ||LR: 0.00005000
Epoch:2 || epochiter: 1060/1566|| Totel iter 2627 || Loss: 0.0289|| Aux: 0.0223||Batch time: 0.0463 sec. ||LR: 0.00005000
Epoch:2 || epochiter: 1080/1566|| Totel iter 2647 || Loss: 0.0235|| Aux: 0.0274||Batch time: 0.0457 sec. ||LR: 0.00005000
Epoch:2 || epochiter: 1100/1566|| Totel iter 2667 || Loss: 0.0317|| Aux: 0.0059||Batch time: 0.0465 sec. ||LR: 0.00005000
Epoch:2 || epochiter: 1120/1566|| Totel iter 2687 || Loss: 0.0354|| Aux: 0.0479||Batch time: 0.0464 sec. ||LR: 0.00005000
Epoch:2 || epochiter: 1140/1566|| Totel iter 2707 || Loss: 0.0174|| Aux: 0.0206||Batch time: 0.0445 sec. ||LR: 0.00005000
Epoch:2 || epochiter: 1160/1566|| Totel iter 2727 || Loss: 0.0284|| Aux: 0.0334||Batch time: 0.0452 sec. ||LR: 0.00005000
Epoch:2 || epochiter: 1180/1566|| Totel iter 2747 || Loss: 0.0357|| Aux: 0.0208||Batch time: 0.0468 sec. ||LR: 0.00005000
Epoch:2 || epochiter: 1200/1566|| Totel iter 2767 || Loss: 0.0228|| Aux: 0.0106||Batch time: 0.0444 sec. ||LR: 0.00005000
Epoch:2 || epochiter: 1220/1566|| Totel iter 2787 || Loss: 0.0200|| Aux: 0.0256||Batch time: 0.0473 sec. ||LR: 0.00005000
Epoch:2 || epochiter: 1240/1566|| Totel iter 2807 || Loss: 0.0427|| Aux: 0.0079||Batch time: 0.0461 sec. ||LR: 0.00005000
Epoch:2 || epochiter: 1260/1566|| Totel iter 2827 || Loss: 0.0373|| Aux: 0.0184||Batch time: 0.0456 sec. ||LR: 0.00005000
Epoch:2 || epochiter: 1280/1566|| Totel iter 2847 || Loss: 0.0305|| Aux: 0.0114||Batch time: 0.0457 sec. ||LR: 0.00005000
Epoch:2 || epochiter: 1300/1566|| Totel iter 2867 || Loss: 0.0153|| Aux: 0.0040||Batch time: 0.0442 sec. ||LR: 0.00005000
Epoch:2 || epochiter: 1320/1566|| Totel iter 2887 || Loss: 0.0289|| Aux: 0.0432||Batch time: 0.0457 sec. ||LR: 0.00005000
Epoch:2 || epochiter: 1340/1566|| Totel iter 2907 || Loss: 0.0344|| Aux: 0.0130||Batch time: 0.0446 sec. ||LR: 0.00005000
Epoch:2 || epochiter: 1360/1566|| Totel iter 2927 || Loss: 0.0572|| Aux: 0.0165||Batch time: 0.0450 sec. ||LR: 0.00005000
Epoch:2 || epochiter: 1380/1566|| Totel iter 2947 || Loss: 0.0166|| Aux: 0.0116||Batch time: 0.0463 sec. ||LR: 0.00005000
Epoch:2 || epochiter: 1400/1566|| Totel iter 2967 || Loss: 0.0218|| Aux: 0.0048||Batch time: 0.0449 sec. ||LR: 0.00005000
Epoch:2 || epochiter: 1420/1566|| Totel iter 2987 || Loss: 0.0280|| Aux: 0.0155||Batch time: 0.0447 sec. ||LR: 0.00005000
Epoch:2 || epochiter: 1440/1566|| Totel iter 3007 || Loss: 0.0150|| Aux: 0.0134||Batch time: 0.0467 sec. ||LR: 0.00005000
Epoch:2 || epochiter: 1460/1566|| Totel iter 3027 || Loss: 0.0145|| Aux: 0.0021||Batch time: 0.0447 sec. ||LR: 0.00005000
Epoch:2 || epochiter: 1480/1566|| Totel iter 3047 || Loss: 0.0330|| Aux: 0.0111||Batch time: 0.0457 sec. ||LR: 0.00005000
Epoch:2 || epochiter: 1500/1566|| Totel iter 3067 || Loss: 0.0180|| Aux: 0.0201||Batch time: 0.0459 sec. ||LR: 0.00005000
Epoch:2 || epochiter: 1520/1566|| Totel iter 3087 || Loss: 0.0240|| Aux: 0.0353||Batch time: 0.0459 sec. ||LR: 0.00005000
Epoch:2 || epochiter: 1540/1566|| Totel iter 3107 || Loss: 0.0289|| Aux: 0.0147||Batch time: 0.0459 sec. ||LR: 0.00005000
Epoch:2 || epochiter: 1560/1566|| Totel iter 3127 || Loss: 0.0086|| Aux: 0.0042||Batch time: 0.0447 sec. ||LR: 0.00005000
[Epoch Summary] Epoch 2 AvgLoss 0.0432 AvgAux 0.0282
[SelectionProxy] Epoch 2 exact 0.8768 on first 5000 eval samples
[PseudoAnchorVal] Epoch 2 exact 0.8302 first_char 0.9245 blank_mean 0.5105
[BoardAnchor] Epoch 2 exact 1.0000 first_char 1.0000 blank_mean 0.5000 pseudo_first 0.9245 pseudo_exact 0.8302 proxy_exact 0.8768
[BoardAnchor][1] gt=京N8P8F8 pred=京N8P8F8 blank=0.5000 top5=[('京', 0.9997343420982361), ('豫', 0.00026009147404693067), ('浙', 2.8241468044143403e-06), ('沪', 1.5936096815494238e-06), ('闽', 9.738866992847761e-07)]
[BoardAnchor] New best checkpoint selected at epoch 2
Epoch:3 || epochiter: 0/1566|| Totel iter 3133 || Loss: 0.0300|| Aux: 0.0291||Batch time: 0.0317 sec. ||LR: 0.00000500
Epoch:3 || epochiter: 20/1566|| Totel iter 3153 || Loss: 0.0078|| Aux: 0.0014||Batch time: 0.0480 sec. ||LR: 0.00000500
Epoch:3 || epochiter: 40/1566|| Totel iter 3173 || Loss: 0.0308|| Aux: 0.0102||Batch time: 0.0465 sec. ||LR: 0.00000500
Epoch:3 || epochiter: 60/1566|| Totel iter 3193 || Loss: 0.0110|| Aux: 0.0025||Batch time: 0.0464 sec. ||LR: 0.00000500
Epoch:3 || epochiter: 80/1566|| Totel iter 3213 || Loss: 0.0123|| Aux: 0.0022||Batch time: 0.0448 sec. ||LR: 0.00000500
Epoch:3 || epochiter: 100/1566|| Totel iter 3233 || Loss: 0.0282|| Aux: 0.0091||Batch time: 0.0439 sec. ||LR: 0.00000500
Epoch:3 || epochiter: 120/1566|| Totel iter 3253 || Loss: 0.0354|| Aux: 0.0591||Batch time: 0.0454 sec. ||LR: 0.00000500
Epoch:3 || epochiter: 140/1566|| Totel iter 3273 || Loss: 0.1339|| Aux: 0.1175||Batch time: 0.0437 sec. ||LR: 0.00000500
Epoch:3 || epochiter: 160/1566|| Totel iter 3293 || Loss: 0.0594|| Aux: 0.0558||Batch time: 0.0469 sec. ||LR: 0.00000500
Epoch:3 || epochiter: 180/1566|| Totel iter 3313 || Loss: 0.0440|| Aux: 0.0526||Batch time: 0.0461 sec. ||LR: 0.00000500
Epoch:3 || epochiter: 200/1566|| Totel iter 3333 || Loss: 0.0078|| Aux: 0.0024||Batch time: 0.0464 sec. ||LR: 0.00000500
Epoch:3 || epochiter: 220/1566|| Totel iter 3353 || Loss: 0.0063|| Aux: 0.0015||Batch time: 0.0443 sec. ||LR: 0.00000500
Epoch:3 || epochiter: 240/1566|| Totel iter 3373 || Loss: 0.0692|| Aux: 0.0056||Batch time: 0.0441 sec. ||LR: 0.00000500
Epoch:3 || epochiter: 260/1566|| Totel iter 3393 || Loss: 0.0234|| Aux: 0.0102||Batch time: 0.0436 sec. ||LR: 0.00000500
Epoch:3 || epochiter: 280/1566|| Totel iter 3413 || Loss: 0.0316|| Aux: 0.0144||Batch time: 0.0455 sec. ||LR: 0.00000500
Epoch:3 || epochiter: 300/1566|| Totel iter 3433 || Loss: 0.0227|| Aux: 0.0107||Batch time: 0.0475 sec. ||LR: 0.00000500
Epoch:3 || epochiter: 320/1566|| Totel iter 3453 || Loss: 0.0241|| Aux: 0.0294||Batch time: 0.0445 sec. ||LR: 0.00000500
Epoch:3 || epochiter: 340/1566|| Totel iter 3473 || Loss: 0.0188|| Aux: 0.0088||Batch time: 0.0471 sec. ||LR: 0.00000500
Epoch:3 || epochiter: 360/1566|| Totel iter 3493 || Loss: 0.0057|| Aux: 0.0023||Batch time: 0.0456 sec. ||LR: 0.00000500
Epoch:3 || epochiter: 380/1566|| Totel iter 3513 || Loss: 0.0045|| Aux: 0.0021||Batch time: 0.0455 sec. ||LR: 0.00000500
Epoch:3 || epochiter: 400/1566|| Totel iter 3533 || Loss: 0.0062|| Aux: 0.0109||Batch time: 0.0436 sec. ||LR: 0.00000500
Epoch:3 || epochiter: 420/1566|| Totel iter 3553 || Loss: 0.0265|| Aux: 0.0430||Batch time: 0.0477 sec. ||LR: 0.00000500
Epoch:3 || epochiter: 440/1566|| Totel iter 3573 || Loss: 0.0245|| Aux: 0.0036||Batch time: 0.0491 sec. ||LR: 0.00000500
Epoch:3 || epochiter: 460/1566|| Totel iter 3593 || Loss: 0.0124|| Aux: 0.0032||Batch time: 0.0474 sec. ||LR: 0.00000500
Epoch:3 || epochiter: 480/1566|| Totel iter 3613 || Loss: 0.0284|| Aux: 0.0183||Batch time: 0.0461 sec. ||LR: 0.00000500
Epoch:3 || epochiter: 500/1566|| Totel iter 3633 || Loss: 0.0199|| Aux: 0.0045||Batch time: 0.0461 sec. ||LR: 0.00000500
Epoch:3 || epochiter: 520/1566|| Totel iter 3653 || Loss: 0.0230|| Aux: 0.0216||Batch time: 0.0449 sec. ||LR: 0.00000500
Epoch:3 || epochiter: 540/1566|| Totel iter 3673 || Loss: 0.0371|| Aux: 0.0181||Batch time: 0.0452 sec. ||LR: 0.00000500
Epoch:3 || epochiter: 560/1566|| Totel iter 3693 || Loss: 0.0354|| Aux: 0.0167||Batch time: 0.0450 sec. ||LR: 0.00000500
Epoch:3 || epochiter: 580/1566|| Totel iter 3713 || Loss: 0.0405|| Aux: 0.0289||Batch time: 0.0476 sec. ||LR: 0.00000500
Epoch:3 || epochiter: 600/1566|| Totel iter 3733 || Loss: 0.0466|| Aux: 0.0136||Batch time: 0.0478 sec. ||LR: 0.00000500
Epoch:3 || epochiter: 620/1566|| Totel iter 3753 || Loss: 0.0177|| Aux: 0.0028||Batch time: 0.0446 sec. ||LR: 0.00000500
Epoch:3 || epochiter: 640/1566|| Totel iter 3773 || Loss: 0.0604|| Aux: 0.0163||Batch time: 0.0468 sec. ||LR: 0.00000500
Epoch:3 || epochiter: 660/1566|| Totel iter 3793 || Loss: 0.0246|| Aux: 0.0050||Batch time: 0.0456 sec. ||LR: 0.00000500
Epoch:3 || epochiter: 680/1566|| Totel iter 3813 || Loss: 0.0312|| Aux: 0.0104||Batch time: 0.0462 sec. ||LR: 0.00000500
Epoch:3 || epochiter: 700/1566|| Totel iter 3833 || Loss: 0.0490|| Aux: 0.0058||Batch time: 0.0446 sec. ||LR: 0.00000500
Epoch:3 || epochiter: 720/1566|| Totel iter 3853 || Loss: 0.0132|| Aux: 0.0152||Batch time: 0.0444 sec. ||LR: 0.00000500
Epoch:3 || epochiter: 740/1566|| Totel iter 3873 || Loss: 0.0115|| Aux: 0.0124||Batch time: 0.0462 sec. ||LR: 0.00000500
Epoch:3 || epochiter: 760/1566|| Totel iter 3893 || Loss: 0.0222|| Aux: 0.0244||Batch time: 0.0448 sec. ||LR: 0.00000500
Epoch:3 || epochiter: 780/1566|| Totel iter 3913 || Loss: 0.0367|| Aux: 0.0302||Batch time: 0.0445 sec. ||LR: 0.00000500
Epoch:3 || epochiter: 800/1566|| Totel iter 3933 || Loss: 0.0141|| Aux: 0.0208||Batch time: 0.0464 sec. ||LR: 0.00000500
Epoch:3 || epochiter: 820/1566|| Totel iter 3953 || Loss: 0.0121|| Aux: 0.0054||Batch time: 0.0481 sec. ||LR: 0.00000500
Epoch:3 || epochiter: 840/1566|| Totel iter 3973 || Loss: 0.0347|| Aux: 0.0248||Batch time: 0.0467 sec. ||LR: 0.00000500
Epoch:3 || epochiter: 860/1566|| Totel iter 3993 || Loss: 0.0141|| Aux: 0.0048||Batch time: 0.0461 sec. ||LR: 0.00000500
Epoch:3 || epochiter: 880/1566|| Totel iter 4013 || Loss: 0.0609|| Aux: 0.0338||Batch time: 0.0434 sec. ||LR: 0.00000500
Epoch:3 || epochiter: 900/1566|| Totel iter 4033 || Loss: 0.0128|| Aux: 0.0053||Batch time: 0.0455 sec. ||LR: 0.00000500
Epoch:3 || epochiter: 920/1566|| Totel iter 4053 || Loss: 0.0470|| Aux: 0.0166||Batch time: 0.0471 sec. ||LR: 0.00000500
Epoch:3 || epochiter: 940/1566|| Totel iter 4073 || Loss: 0.0252|| Aux: 0.0174||Batch time: 0.0478 sec. ||LR: 0.00000500
Epoch:3 || epochiter: 960/1566|| Totel iter 4093 || Loss: 0.0174|| Aux: 0.0007||Batch time: 0.0444 sec. ||LR: 0.00000500
Epoch:3 || epochiter: 980/1566|| Totel iter 4113 || Loss: 0.0216|| Aux: 0.0068||Batch time: 0.0455 sec. ||LR: 0.00000500
Epoch:3 || epochiter: 1000/1566|| Totel iter 4133 || Loss: 0.0472|| Aux: 0.0150||Batch time: 0.0433 sec. ||LR: 0.00000500
Epoch:3 || epochiter: 1020/1566|| Totel iter 4153 || Loss: 0.0222|| Aux: 0.0418||Batch time: 0.0461 sec. ||LR: 0.00000500
Epoch:3 || epochiter: 1040/1566|| Totel iter 4173 || Loss: 0.0827|| Aux: 0.0221||Batch time: 0.0492 sec. ||LR: 0.00000500
Epoch:3 || epochiter: 1060/1566|| Totel iter 4193 || Loss: 0.0190|| Aux: 0.0398||Batch time: 0.0462 sec. ||LR: 0.00000500
Epoch:3 || epochiter: 1080/1566|| Totel iter 4213 || Loss: 0.0091|| Aux: 0.0027||Batch time: 0.0446 sec. ||LR: 0.00000500
Epoch:3 || epochiter: 1100/1566|| Totel iter 4233 || Loss: 0.0289|| Aux: 0.0028||Batch time: 0.0441 sec. ||LR: 0.00000500
Epoch:3 || epochiter: 1120/1566|| Totel iter 4253 || Loss: 0.0156|| Aux: 0.0040||Batch time: 0.0461 sec. ||LR: 0.00000500
Epoch:3 || epochiter: 1140/1566|| Totel iter 4273 || Loss: 0.0151|| Aux: 0.0120||Batch time: 0.0432 sec. ||LR: 0.00000500
Epoch:3 || epochiter: 1160/1566|| Totel iter 4293 || Loss: 0.0240|| Aux: 0.0262||Batch time: 0.0467 sec. ||LR: 0.00000500
Epoch:3 || epochiter: 1180/1566|| Totel iter 4313 || Loss: 0.0067|| Aux: 0.0030||Batch time: 0.0456 sec. ||LR: 0.00000500
Epoch:3 || epochiter: 1200/1566|| Totel iter 4333 || Loss: 0.0082|| Aux: 0.0068||Batch time: 0.0485 sec. ||LR: 0.00000500
Epoch:3 || epochiter: 1220/1566|| Totel iter 4353 || Loss: 0.0906|| Aux: 0.1061||Batch time: 0.0447 sec. ||LR: 0.00000500
Epoch:3 || epochiter: 1240/1566|| Totel iter 4373 || Loss: 0.0207|| Aux: 0.0083||Batch time: 0.0476 sec. ||LR: 0.00000500
Epoch:3 || epochiter: 1260/1566|| Totel iter 4393 || Loss: 0.0125|| Aux: 0.0076||Batch time: 0.0466 sec. ||LR: 0.00000500
Epoch:3 || epochiter: 1280/1566|| Totel iter 4413 || Loss: 0.0446|| Aux: 0.0523||Batch time: 0.0481 sec. ||LR: 0.00000500
Epoch:3 || epochiter: 1300/1566|| Totel iter 4433 || Loss: 0.0063|| Aux: 0.0032||Batch time: 0.0480 sec. ||LR: 0.00000500
Epoch:3 || epochiter: 1320/1566|| Totel iter 4453 || Loss: 0.0221|| Aux: 0.0020||Batch time: 0.0479 sec. ||LR: 0.00000500
Epoch:3 || epochiter: 1340/1566|| Totel iter 4473 || Loss: 0.0257|| Aux: 0.0124||Batch time: 0.0485 sec. ||LR: 0.00000500
Epoch:3 || epochiter: 1360/1566|| Totel iter 4493 || Loss: 0.0065|| Aux: 0.0014||Batch time: 0.0453 sec. ||LR: 0.00000500
Epoch:3 || epochiter: 1380/1566|| Totel iter 4513 || Loss: 0.0210|| Aux: 0.0045||Batch time: 0.0467 sec. ||LR: 0.00000500
Epoch:3 || epochiter: 1400/1566|| Totel iter 4533 || Loss: 0.0613|| Aux: 0.0282||Batch time: 0.0464 sec. ||LR: 0.00000500
Epoch:3 || epochiter: 1420/1566|| Totel iter 4553 || Loss: 0.0122|| Aux: 0.0035||Batch time: 0.0440 sec. ||LR: 0.00000500
Epoch:3 || epochiter: 1440/1566|| Totel iter 4573 || Loss: 0.0606|| Aux: 0.0301||Batch time: 0.0479 sec. ||LR: 0.00000500
Epoch:3 || epochiter: 1460/1566|| Totel iter 4593 || Loss: 0.0436|| Aux: 0.0206||Batch time: 0.0468 sec. ||LR: 0.00000500
Epoch:3 || epochiter: 1480/1566|| Totel iter 4613 || Loss: 0.0529|| Aux: 0.0073||Batch time: 0.0445 sec. ||LR: 0.00000500
Epoch:3 || epochiter: 1500/1566|| Totel iter 4633 || Loss: 0.0262|| Aux: 0.0041||Batch time: 0.0456 sec. ||LR: 0.00000500
Epoch:3 || epochiter: 1520/1566|| Totel iter 4653 || Loss: 0.0180|| Aux: 0.0050||Batch time: 0.0452 sec. ||LR: 0.00000500
Epoch:3 || epochiter: 1540/1566|| Totel iter 4673 || Loss: 0.0124|| Aux: 0.0034||Batch time: 0.0467 sec. ||LR: 0.00000500
Epoch:3 || epochiter: 1560/1566|| Totel iter 4693 || Loss: 0.0075|| Aux: 0.0021||Batch time: 0.0452 sec. ||LR: 0.00000500
[Epoch Summary] Epoch 3 AvgLoss 0.0292 AvgAux 0.0168
[SelectionProxy] Epoch 3 exact 0.9022 on first 5000 eval samples
[PseudoAnchorVal] Epoch 3 exact 0.8113 first_char 0.9245 blank_mean 0.5042
[BoardAnchor] Epoch 3 exact 1.0000 first_char 1.0000 blank_mean 0.5000 pseudo_first 0.9245 pseudo_exact 0.8113 proxy_exact 0.9022
[BoardAnchor][1] gt=京N8P8F8 pred=京N8P8F8 blank=0.5000 top5=[('京', 0.9999905824661255), ('豫', 8.037613042688463e-06), ('浙', 9.992935474656406e-07), ('闽', 2.571729282863089e-07), ('沪', 9.300411107915352e-08)]
Epoch:4 || epochiter: 0/1566|| Totel iter 4699 || Loss: 0.0355|| Aux: 0.0117||Batch time: 0.0281 sec. ||LR: 0.00000500
Epoch:4 || epochiter: 20/1566|| Totel iter 4719 || Loss: 0.0667|| Aux: 0.0461||Batch time: 0.0465 sec. ||LR: 0.00000500
Epoch:4 || epochiter: 40/1566|| Totel iter 4739 || Loss: 0.0054|| Aux: 0.0047||Batch time: 0.0459 sec. ||LR: 0.00000500
Epoch:4 || epochiter: 60/1566|| Totel iter 4759 || Loss: 0.0081|| Aux: 0.0051||Batch time: 0.0476 sec. ||LR: 0.00000500
Epoch:4 || epochiter: 80/1566|| Totel iter 4779 || Loss: 0.0106|| Aux: 0.0018||Batch time: 0.0457 sec. ||LR: 0.00000500
Epoch:4 || epochiter: 100/1566|| Totel iter 4799 || Loss: 0.0380|| Aux: 0.0209||Batch time: 0.0439 sec. ||LR: 0.00000500
Epoch:4 || epochiter: 120/1566|| Totel iter 4819 || Loss: 0.0148|| Aux: 0.0073||Batch time: 0.0463 sec. ||LR: 0.00000500
Epoch:4 || epochiter: 140/1566|| Totel iter 4839 || Loss: 0.0068|| Aux: 0.0032||Batch time: 0.0465 sec. ||LR: 0.00000500
Epoch:4 || epochiter: 160/1566|| Totel iter 4859 || Loss: 0.0144|| Aux: 0.0016||Batch time: 0.0451 sec. ||LR: 0.00000500
Epoch:4 || epochiter: 180/1566|| Totel iter 4879 || Loss: 0.0221|| Aux: 0.0013||Batch time: 0.0453 sec. ||LR: 0.00000500
Epoch:4 || epochiter: 200/1566|| Totel iter 4899 || Loss: 0.0393|| Aux: 0.0026||Batch time: 0.0451 sec. ||LR: 0.00000500
Epoch:4 || epochiter: 220/1566|| Totel iter 4919 || Loss: 0.0063|| Aux: 0.0019||Batch time: 0.0462 sec. ||LR: 0.00000500
Epoch:4 || epochiter: 240/1566|| Totel iter 4939 || Loss: 0.0086|| Aux: 0.0108||Batch time: 0.0460 sec. ||LR: 0.00000500
Epoch:4 || epochiter: 260/1566|| Totel iter 4959 || Loss: 0.0180|| Aux: 0.0051||Batch time: 0.0429 sec. ||LR: 0.00000500
Epoch:4 || epochiter: 280/1566|| Totel iter 4979 || Loss: 0.0161|| Aux: 0.0081||Batch time: 0.0447 sec. ||LR: 0.00000500
Epoch:4 || epochiter: 300/1566|| Totel iter 4999 || Loss: 0.0299|| Aux: 0.0128||Batch time: 0.0434 sec. ||LR: 0.00000500
Epoch:4 || epochiter: 320/1566|| Totel iter 5019 || Loss: 0.0227|| Aux: 0.0198||Batch time: 0.0454 sec. ||LR: 0.00000500
Epoch:4 || epochiter: 340/1566|| Totel iter 5039 || Loss: 0.0279|| Aux: 0.0073||Batch time: 0.0472 sec. ||LR: 0.00000500
Epoch:4 || epochiter: 360/1566|| Totel iter 5059 || Loss: 0.0231|| Aux: 0.0107||Batch time: 0.0476 sec. ||LR: 0.00000500
Epoch:4 || epochiter: 380/1566|| Totel iter 5079 || Loss: 0.0106|| Aux: 0.0070||Batch time: 0.0450 sec. ||LR: 0.00000500
Epoch:4 || epochiter: 400/1566|| Totel iter 5099 || Loss: 0.0203|| Aux: 0.0103||Batch time: 0.0507 sec. ||LR: 0.00000500
Epoch:4 || epochiter: 420/1566|| Totel iter 5119 || Loss: 0.0229|| Aux: 0.0067||Batch time: 0.0466 sec. ||LR: 0.00000500
Epoch:4 || epochiter: 440/1566|| Totel iter 5139 || Loss: 0.0081|| Aux: 0.0032||Batch time: 0.0482 sec. ||LR: 0.00000500
Epoch:4 || epochiter: 460/1566|| Totel iter 5159 || Loss: 0.0077|| Aux: 0.0071||Batch time: 0.0487 sec. ||LR: 0.00000500
Epoch:4 || epochiter: 480/1566|| Totel iter 5179 || Loss: 0.0423|| Aux: 0.0114||Batch time: 0.0478 sec. ||LR: 0.00000500
Epoch:4 || epochiter: 500/1566|| Totel iter 5199 || Loss: 0.0309|| Aux: 0.0075||Batch time: 0.0460 sec. ||LR: 0.00000500
Epoch:4 || epochiter: 520/1566|| Totel iter 5219 || Loss: 0.0590|| Aux: 0.1236||Batch time: 0.0456 sec. ||LR: 0.00000500
Epoch:4 || epochiter: 540/1566|| Totel iter 5239 || Loss: 0.0121|| Aux: 0.0032||Batch time: 0.0459 sec. ||LR: 0.00000500
Epoch:4 || epochiter: 560/1566|| Totel iter 5259 || Loss: 0.0284|| Aux: 0.0018||Batch time: 0.0465 sec. ||LR: 0.00000500
Epoch:4 || epochiter: 580/1566|| Totel iter 5279 || Loss: 0.0401|| Aux: 0.0067||Batch time: 0.0474 sec. ||LR: 0.00000500
Epoch:4 || epochiter: 600/1566|| Totel iter 5299 || Loss: 0.0060|| Aux: 0.0038||Batch time: 0.0439 sec. ||LR: 0.00000500
Epoch:4 || epochiter: 620/1566|| Totel iter 5319 || Loss: 0.0480|| Aux: 0.0055||Batch time: 0.0455 sec. ||LR: 0.00000500
Epoch:4 || epochiter: 640/1566|| Totel iter 5339 || Loss: 0.0378|| Aux: 0.0067||Batch time: 0.0445 sec. ||LR: 0.00000500
Epoch:4 || epochiter: 660/1566|| Totel iter 5359 || Loss: 0.0193|| Aux: 0.0061||Batch time: 0.0427 sec. ||LR: 0.00000500
Epoch:4 || epochiter: 680/1566|| Totel iter 5379 || Loss: 0.0245|| Aux: 0.0013||Batch time: 0.0494 sec. ||LR: 0.00000500
Epoch:4 || epochiter: 700/1566|| Totel iter 5399 || Loss: 0.0133|| Aux: 0.0031||Batch time: 0.0460 sec. ||LR: 0.00000500
Epoch:4 || epochiter: 720/1566|| Totel iter 5419 || Loss: 0.0053|| Aux: 0.0020||Batch time: 0.0452 sec. ||LR: 0.00000500
Epoch:4 || epochiter: 740/1566|| Totel iter 5439 || Loss: 0.0087|| Aux: 0.0096||Batch time: 0.0470 sec. ||LR: 0.00000500
Epoch:4 || epochiter: 760/1566|| Totel iter 5459 || Loss: 0.0258|| Aux: 0.0188||Batch time: 0.0449 sec. ||LR: 0.00000500
Epoch:4 || epochiter: 780/1566|| Totel iter 5479 || Loss: 0.0228|| Aux: 0.0019||Batch time: 0.0446 sec. ||LR: 0.00000500
Epoch:4 || epochiter: 800/1566|| Totel iter 5499 || Loss: 0.0578|| Aux: 0.0008||Batch time: 0.0468 sec. ||LR: 0.00000500
Epoch:4 || epochiter: 820/1566|| Totel iter 5519 || Loss: 0.0317|| Aux: 0.0113||Batch time: 0.0483 sec. ||LR: 0.00000500
Epoch:4 || epochiter: 840/1566|| Totel iter 5539 || Loss: 0.0124|| Aux: 0.0129||Batch time: 0.0477 sec. ||LR: 0.00000500
Epoch:4 || epochiter: 860/1566|| Totel iter 5559 || Loss: 0.0424|| Aux: 0.0029||Batch time: 0.0499 sec. ||LR: 0.00000500
Epoch:4 || epochiter: 880/1566|| Totel iter 5579 || Loss: 0.0120|| Aux: 0.0061||Batch time: 0.0453 sec. ||LR: 0.00000500
Epoch:4 || epochiter: 900/1566|| Totel iter 5599 || Loss: 0.0125|| Aux: 0.0091||Batch time: 0.0479 sec. ||LR: 0.00000500
Epoch:4 || epochiter: 920/1566|| Totel iter 5619 || Loss: 0.0076|| Aux: 0.0034||Batch time: 0.0468 sec. ||LR: 0.00000500
Epoch:4 || epochiter: 940/1566|| Totel iter 5639 || Loss: 0.0463|| Aux: 0.0316||Batch time: 0.0466 sec. ||LR: 0.00000500
Epoch:4 || epochiter: 960/1566|| Totel iter 5659 || Loss: 0.1048|| Aux: 0.0128||Batch time: 0.0460 sec. ||LR: 0.00000500
Epoch:4 || epochiter: 980/1566|| Totel iter 5679 || Loss: 0.0411|| Aux: 0.0072||Batch time: 0.0471 sec. ||LR: 0.00000500
Epoch:4 || epochiter: 1000/1566|| Totel iter 5699 || Loss: 0.0175|| Aux: 0.0235||Batch time: 0.0456 sec. ||LR: 0.00000500
Epoch:4 || epochiter: 1020/1566|| Totel iter 5719 || Loss: 0.0045|| Aux: 0.0008||Batch time: 0.0446 sec. ||LR: 0.00000500
Epoch:4 || epochiter: 1040/1566|| Totel iter 5739 || Loss: 0.0124|| Aux: 0.0109||Batch time: 0.0445 sec. ||LR: 0.00000500
Epoch:4 || epochiter: 1060/1566|| Totel iter 5759 || Loss: 0.0157|| Aux: 0.0162||Batch time: 0.0459 sec. ||LR: 0.00000500
Epoch:4 || epochiter: 1080/1566|| Totel iter 5779 || Loss: 0.0048|| Aux: 0.0061||Batch time: 0.0439 sec. ||LR: 0.00000500
Epoch:4 || epochiter: 1100/1566|| Totel iter 5799 || Loss: 0.0034|| Aux: 0.0031||Batch time: 0.0462 sec. ||LR: 0.00000500
Epoch:4 || epochiter: 1120/1566|| Totel iter 5819 || Loss: 0.0094|| Aux: 0.0026||Batch time: 0.0470 sec. ||LR: 0.00000500
Epoch:4 || epochiter: 1140/1566|| Totel iter 5839 || Loss: 0.0353|| Aux: 0.0290||Batch time: 0.0448 sec. ||LR: 0.00000500
Epoch:4 || epochiter: 1160/1566|| Totel iter 5859 || Loss: 0.0142|| Aux: 0.0169||Batch time: 0.0467 sec. ||LR: 0.00000500
Epoch:4 || epochiter: 1180/1566|| Totel iter 5879 || Loss: 0.0304|| Aux: 0.0120||Batch time: 0.0470 sec. ||LR: 0.00000500
Epoch:4 || epochiter: 1200/1566|| Totel iter 5899 || Loss: 0.0054|| Aux: 0.0035||Batch time: 0.0449 sec. ||LR: 0.00000500
Epoch:4 || epochiter: 1220/1566|| Totel iter 5919 || Loss: 0.0143|| Aux: 0.0018||Batch time: 0.0435 sec. ||LR: 0.00000500
Epoch:4 || epochiter: 1240/1566|| Totel iter 5939 || Loss: 0.0106|| Aux: 0.0066||Batch time: 0.0456 sec. ||LR: 0.00000500
Epoch:4 || epochiter: 1260/1566|| Totel iter 5959 || Loss: 0.0279|| Aux: 0.0045||Batch time: 0.0446 sec. ||LR: 0.00000500
Epoch:4 || epochiter: 1280/1566|| Totel iter 5979 || Loss: 0.0713|| Aux: 0.0522||Batch time: 0.0454 sec. ||LR: 0.00000500
Epoch:4 || epochiter: 1300/1566|| Totel iter 5999 || Loss: 0.0115|| Aux: 0.0105||Batch time: 0.0457 sec. ||LR: 0.00000500
Epoch:4 || epochiter: 1320/1566|| Totel iter 6019 || Loss: 0.0235|| Aux: 0.0103||Batch time: 0.0443 sec. ||LR: 0.00000500
Epoch:4 || epochiter: 1340/1566|| Totel iter 6039 || Loss: 0.0211|| Aux: 0.0023||Batch time: 0.0443 sec. ||LR: 0.00000500
Epoch:4 || epochiter: 1360/1566|| Totel iter 6059 || Loss: 0.0652|| Aux: 0.0563||Batch time: 0.0454 sec. ||LR: 0.00000500
Epoch:4 || epochiter: 1380/1566|| Totel iter 6079 || Loss: 0.0382|| Aux: 0.0177||Batch time: 0.0476 sec. ||LR: 0.00000500
Epoch:4 || epochiter: 1400/1566|| Totel iter 6099 || Loss: 0.0112|| Aux: 0.0036||Batch time: 0.0471 sec. ||LR: 0.00000500
Epoch:4 || epochiter: 1420/1566|| Totel iter 6119 || Loss: 0.0102|| Aux: 0.0016||Batch time: 0.0452 sec. ||LR: 0.00000500
Epoch:4 || epochiter: 1440/1566|| Totel iter 6139 || Loss: 0.0358|| Aux: 0.0014||Batch time: 0.0462 sec. ||LR: 0.00000500
Epoch:4 || epochiter: 1460/1566|| Totel iter 6159 || Loss: 0.0094|| Aux: 0.0073||Batch time: 0.0485 sec. ||LR: 0.00000500
Epoch:4 || epochiter: 1480/1566|| Totel iter 6179 || Loss: 0.0351|| Aux: 0.0021||Batch time: 0.0482 sec. ||LR: 0.00000500
Epoch:4 || epochiter: 1500/1566|| Totel iter 6199 || Loss: 0.0340|| Aux: 0.0034||Batch time: 0.0476 sec. ||LR: 0.00000500
Epoch:4 || epochiter: 1520/1566|| Totel iter 6219 || Loss: 0.0678|| Aux: 0.0061||Batch time: 0.0450 sec. ||LR: 0.00000500
Epoch:4 || epochiter: 1540/1566|| Totel iter 6239 || Loss: 0.0302|| Aux: 0.0095||Batch time: 0.0451 sec. ||LR: 0.00000500
Epoch:4 || epochiter: 1560/1566|| Totel iter 6259 || Loss: 0.0144|| Aux: 0.0035||Batch time: 0.0439 sec. ||LR: 0.00000500
[Epoch Summary] Epoch 4 AvgLoss 0.0272 AvgAux 0.0147
[SelectionProxy] Epoch 4 exact 0.9052 on first 5000 eval samples
[PseudoAnchorVal] Epoch 4 exact 0.8302 first_char 0.9434 blank_mean 0.5021
[BoardAnchor] Epoch 4 exact 1.0000 first_char 1.0000 blank_mean 0.5000 pseudo_first 0.9434 pseudo_exact 0.8302 proxy_exact 0.9052
[BoardAnchor][1] gt=京N8P8F8 pred=京N8P8F8 blank=0.5000 top5=[('京', 0.999991774559021), ('豫', 7.005726274655899e-06), ('浙', 6.641417371611169e-07), ('沪', 2.770541129848425e-07), ('苏', 1.510091323098095e-07)]
[BoardAnchor] New best checkpoint selected at epoch 4
Epoch:5 || epochiter: 0/1566|| Totel iter 6265 || Loss: 0.0146|| Aux: 0.0097||Batch time: 0.0312 sec. ||LR: 0.00000050
Epoch:5 || epochiter: 20/1566|| Totel iter 6285 || Loss: 0.0242|| Aux: 0.0058||Batch time: 0.0473 sec. ||LR: 0.00000050
Epoch:5 || epochiter: 40/1566|| Totel iter 6305 || Loss: 0.0057|| Aux: 0.0078||Batch time: 0.0460 sec. ||LR: 0.00000050
Epoch:5 || epochiter: 60/1566|| Totel iter 6325 || Loss: 0.0051|| Aux: 0.0043||Batch time: 0.0441 sec. ||LR: 0.00000050
Epoch:5 || epochiter: 80/1566|| Totel iter 6345 || Loss: 0.0330|| Aux: 0.0086||Batch time: 0.0462 sec. ||LR: 0.00000050
Epoch:5 || epochiter: 100/1566|| Totel iter 6365 || Loss: 0.0374|| Aux: 0.0073||Batch time: 0.0447 sec. ||LR: 0.00000050
Epoch:5 || epochiter: 120/1566|| Totel iter 6385 || Loss: 0.0235|| Aux: 0.0121||Batch time: 0.0474 sec. ||LR: 0.00000050
Epoch:5 || epochiter: 140/1566|| Totel iter 6405 || Loss: 0.0503|| Aux: 0.0053||Batch time: 0.0467 sec. ||LR: 0.00000050
Epoch:5 || epochiter: 160/1566|| Totel iter 6425 || Loss: 0.0227|| Aux: 0.0058||Batch time: 0.0449 sec. ||LR: 0.00000050
Epoch:5 || epochiter: 180/1566|| Totel iter 6445 || Loss: 0.0385|| Aux: 0.0111||Batch time: 0.0442 sec. ||LR: 0.00000050
Epoch:5 || epochiter: 200/1566|| Totel iter 6465 || Loss: 0.0308|| Aux: 0.0172||Batch time: 0.0456 sec. ||LR: 0.00000050
Epoch:5 || epochiter: 220/1566|| Totel iter 6485 || Loss: 0.0351|| Aux: 0.0052||Batch time: 0.0459 sec. ||LR: 0.00000050
Epoch:5 || epochiter: 240/1566|| Totel iter 6505 || Loss: 0.0272|| Aux: 0.0090||Batch time: 0.0468 sec. ||LR: 0.00000050
Epoch:5 || epochiter: 260/1566|| Totel iter 6525 || Loss: 0.0634|| Aux: 0.0460||Batch time: 0.0480 sec. ||LR: 0.00000050
Epoch:5 || epochiter: 280/1566|| Totel iter 6545 || Loss: 0.0137|| Aux: 0.0016||Batch time: 0.0465 sec. ||LR: 0.00000050
Epoch:5 || epochiter: 300/1566|| Totel iter 6565 || Loss: 0.0089|| Aux: 0.0035||Batch time: 0.0445 sec. ||LR: 0.00000050
Epoch:5 || epochiter: 320/1566|| Totel iter 6585 || Loss: 0.0047|| Aux: 0.0034||Batch time: 0.0454 sec. ||LR: 0.00000050
Epoch:5 || epochiter: 340/1566|| Totel iter 6605 || Loss: 0.0075|| Aux: 0.0034||Batch time: 0.0439 sec. ||LR: 0.00000050
Epoch:5 || epochiter: 360/1566|| Totel iter 6625 || Loss: 0.0433|| Aux: 0.0037||Batch time: 0.0471 sec. ||LR: 0.00000050
Epoch:5 || epochiter: 380/1566|| Totel iter 6645 || Loss: 0.0091|| Aux: 0.0018||Batch time: 0.0467 sec. ||LR: 0.00000050
Epoch:5 || epochiter: 400/1566|| Totel iter 6665 || Loss: 0.0061|| Aux: 0.0029||Batch time: 0.0473 sec. ||LR: 0.00000050
Epoch:5 || epochiter: 420/1566|| Totel iter 6685 || Loss: 0.0142|| Aux: 0.0055||Batch time: 0.0450 sec. ||LR: 0.00000050
Epoch:5 || epochiter: 440/1566|| Totel iter 6705 || Loss: 0.0069|| Aux: 0.0088||Batch time: 0.0483 sec. ||LR: 0.00000050
Epoch:5 || epochiter: 460/1566|| Totel iter 6725 || Loss: 0.0115|| Aux: 0.0068||Batch time: 0.0456 sec. ||LR: 0.00000050
Epoch:5 || epochiter: 480/1566|| Totel iter 6745 || Loss: 0.0267|| Aux: 0.0292||Batch time: 0.0467 sec. ||LR: 0.00000050
Epoch:5 || epochiter: 500/1566|| Totel iter 6765 || Loss: 0.0336|| Aux: 0.0195||Batch time: 0.0450 sec. ||LR: 0.00000050
Epoch:5 || epochiter: 520/1566|| Totel iter 6785 || Loss: 0.0189|| Aux: 0.0011||Batch time: 0.0464 sec. ||LR: 0.00000050
Epoch:5 || epochiter: 540/1566|| Totel iter 6805 || Loss: 0.0466|| Aux: 0.0334||Batch time: 0.0462 sec. ||LR: 0.00000050
Epoch:5 || epochiter: 560/1566|| Totel iter 6825 || Loss: 0.0474|| Aux: 0.0510||Batch time: 0.0497 sec. ||LR: 0.00000050
Epoch:5 || epochiter: 580/1566|| Totel iter 6845 || Loss: 0.0284|| Aux: 0.0045||Batch time: 0.0461 sec. ||LR: 0.00000050
Epoch:5 || epochiter: 600/1566|| Totel iter 6865 || Loss: 0.0447|| Aux: 0.0042||Batch time: 0.0489 sec. ||LR: 0.00000050
Epoch:5 || epochiter: 620/1566|| Totel iter 6885 || Loss: 0.0732|| Aux: 0.0034||Batch time: 0.0468 sec. ||LR: 0.00000050
Epoch:5 || epochiter: 640/1566|| Totel iter 6905 || Loss: 0.0140|| Aux: 0.0272||Batch time: 0.0437 sec. ||LR: 0.00000050
Epoch:5 || epochiter: 660/1566|| Totel iter 6925 || Loss: 0.0371|| Aux: 0.0177||Batch time: 0.0453 sec. ||LR: 0.00000050
Epoch:5 || epochiter: 680/1566|| Totel iter 6945 || Loss: 0.0618|| Aux: 0.0550||Batch time: 0.0466 sec. ||LR: 0.00000050
Epoch:5 || epochiter: 700/1566|| Totel iter 6965 || Loss: 0.0460|| Aux: 0.0175||Batch time: 0.0457 sec. ||LR: 0.00000050
Epoch:5 || epochiter: 720/1566|| Totel iter 6985 || Loss: 0.0208|| Aux: 0.0074||Batch time: 0.0454 sec. ||LR: 0.00000050
Epoch:5 || epochiter: 740/1566|| Totel iter 7005 || Loss: 0.0085|| Aux: 0.0018||Batch time: 0.0459 sec. ||LR: 0.00000050
Epoch:5 || epochiter: 760/1566|| Totel iter 7025 || Loss: 0.0441|| Aux: 0.0037||Batch time: 0.0442 sec. ||LR: 0.00000050
Epoch:5 || epochiter: 780/1566|| Totel iter 7045 || Loss: 0.0250|| Aux: 0.0030||Batch time: 0.0432 sec. ||LR: 0.00000050
Epoch:5 || epochiter: 800/1566|| Totel iter 7065 || Loss: 0.0080|| Aux: 0.0013||Batch time: 0.0447 sec. ||LR: 0.00000050
Epoch:5 || epochiter: 820/1566|| Totel iter 7085 || Loss: 0.0200|| Aux: 0.0019||Batch time: 0.0459 sec. ||LR: 0.00000050
Epoch:5 || epochiter: 840/1566|| Totel iter 7105 || Loss: 0.0700|| Aux: 0.0193||Batch time: 0.0477 sec. ||LR: 0.00000050
Epoch:5 || epochiter: 860/1566|| Totel iter 7125 || Loss: 0.0082|| Aux: 0.0006||Batch time: 0.0487 sec. ||LR: 0.00000050
Epoch:5 || epochiter: 880/1566|| Totel iter 7145 || Loss: 0.0155|| Aux: 0.0022||Batch time: 0.0468 sec. ||LR: 0.00000050
Epoch:5 || epochiter: 900/1566|| Totel iter 7165 || Loss: 0.0353|| Aux: 0.0266||Batch time: 0.0450 sec. ||LR: 0.00000050
Epoch:5 || epochiter: 920/1566|| Totel iter 7185 || Loss: 0.0157|| Aux: 0.0017||Batch time: 0.0455 sec. ||LR: 0.00000050
Epoch:5 || epochiter: 940/1566|| Totel iter 7205 || Loss: 0.0083|| Aux: 0.0034||Batch time: 0.0476 sec. ||LR: 0.00000050
Epoch:5 || epochiter: 960/1566|| Totel iter 7225 || Loss: 0.0561|| Aux: 0.0151||Batch time: 0.0453 sec. ||LR: 0.00000050
Epoch:5 || epochiter: 980/1566|| Totel iter 7245 || Loss: 0.0234|| Aux: 0.0023||Batch time: 0.0468 sec. ||LR: 0.00000050
Epoch:5 || epochiter: 1000/1566|| Totel iter 7265 || Loss: 0.0088|| Aux: 0.0013||Batch time: 0.0452 sec. ||LR: 0.00000050
Epoch:5 || epochiter: 1020/1566|| Totel iter 7285 || Loss: 0.0588|| Aux: 0.0488||Batch time: 0.0475 sec. ||LR: 0.00000050
Epoch:5 || epochiter: 1040/1566|| Totel iter 7305 || Loss: 0.0336|| Aux: 0.0341||Batch time: 0.0466 sec. ||LR: 0.00000050
Epoch:5 || epochiter: 1060/1566|| Totel iter 7325 || Loss: 0.0265|| Aux: 0.0180||Batch time: 0.0453 sec. ||LR: 0.00000050
Epoch:5 || epochiter: 1080/1566|| Totel iter 7345 || Loss: 0.0201|| Aux: 0.0030||Batch time: 0.0458 sec. ||LR: 0.00000050
Epoch:5 || epochiter: 1100/1566|| Totel iter 7365 || Loss: 0.0277|| Aux: 0.0166||Batch time: 0.0482 sec. ||LR: 0.00000050
Epoch:5 || epochiter: 1120/1566|| Totel iter 7385 || Loss: 0.0055|| Aux: 0.0021||Batch time: 0.0485 sec. ||LR: 0.00000050
Epoch:5 || epochiter: 1140/1566|| Totel iter 7405 || Loss: 0.0034|| Aux: 0.0014||Batch time: 0.0473 sec. ||LR: 0.00000050
Epoch:5 || epochiter: 1160/1566|| Totel iter 7425 || Loss: 0.0035|| Aux: 0.0010||Batch time: 0.0458 sec. ||LR: 0.00000050
Epoch:5 || epochiter: 1180/1566|| Totel iter 7445 || Loss: 0.0156|| Aux: 0.0073||Batch time: 0.0477 sec. ||LR: 0.00000050
Epoch:5 || epochiter: 1200/1566|| Totel iter 7465 || Loss: 0.0189|| Aux: 0.0202||Batch time: 0.0500 sec. ||LR: 0.00000050
Epoch:5 || epochiter: 1220/1566|| Totel iter 7485 || Loss: 0.0190|| Aux: 0.0040||Batch time: 0.0448 sec. ||LR: 0.00000050
Epoch:5 || epochiter: 1240/1566|| Totel iter 7505 || Loss: 0.0621|| Aux: 0.0048||Batch time: 0.0462 sec. ||LR: 0.00000050
Epoch:5 || epochiter: 1260/1566|| Totel iter 7525 || Loss: 0.0328|| Aux: 0.0013||Batch time: 0.0457 sec. ||LR: 0.00000050
Epoch:5 || epochiter: 1280/1566|| Totel iter 7545 || Loss: 0.0616|| Aux: 0.0428||Batch time: 0.0458 sec. ||LR: 0.00000050
Epoch:5 || epochiter: 1300/1566|| Totel iter 7565 || Loss: 0.0623|| Aux: 0.0075||Batch time: 0.0453 sec. ||LR: 0.00000050
Epoch:5 || epochiter: 1320/1566|| Totel iter 7585 || Loss: 0.0150|| Aux: 0.0253||Batch time: 0.0458 sec. ||LR: 0.00000050
Epoch:5 || epochiter: 1340/1566|| Totel iter 7605 || Loss: 0.0165|| Aux: 0.0069||Batch time: 0.0474 sec. ||LR: 0.00000050
Epoch:5 || epochiter: 1360/1566|| Totel iter 7625 || Loss: 0.0147|| Aux: 0.0017||Batch time: 0.0459 sec. ||LR: 0.00000050
Epoch:5 || epochiter: 1380/1566|| Totel iter 7645 || Loss: 0.1122|| Aux: 0.1689||Batch time: 0.0451 sec. ||LR: 0.00000050
Epoch:5 || epochiter: 1400/1566|| Totel iter 7665 || Loss: 0.0067|| Aux: 0.0026||Batch time: 0.0451 sec. ||LR: 0.00000050
Epoch:5 || epochiter: 1420/1566|| Totel iter 7685 || Loss: 0.0096|| Aux: 0.0088||Batch time: 0.0472 sec. ||LR: 0.00000050
Epoch:5 || epochiter: 1440/1566|| Totel iter 7705 || Loss: 0.0824|| Aux: 0.0659||Batch time: 0.0473 sec. ||LR: 0.00000050
Epoch:5 || epochiter: 1460/1566|| Totel iter 7725 || Loss: 0.0184|| Aux: 0.0070||Batch time: 0.0473 sec. ||LR: 0.00000050
Epoch:5 || epochiter: 1480/1566|| Totel iter 7745 || Loss: 0.0246|| Aux: 0.0191||Batch time: 0.0437 sec. ||LR: 0.00000050
Epoch:5 || epochiter: 1500/1566|| Totel iter 7765 || Loss: 0.0320|| Aux: 0.0026||Batch time: 0.0456 sec. ||LR: 0.00000050
Epoch:5 || epochiter: 1520/1566|| Totel iter 7785 || Loss: 0.0346|| Aux: 0.0391||Batch time: 0.0467 sec. ||LR: 0.00000050
Epoch:5 || epochiter: 1540/1566|| Totel iter 7805 || Loss: 0.0028|| Aux: 0.0018||Batch time: 0.0453 sec. ||LR: 0.00000050
Epoch:5 || epochiter: 1560/1566|| Totel iter 7825 || Loss: 0.0805|| Aux: 0.0137||Batch time: 0.0450 sec. ||LR: 0.00000050
[Epoch Summary] Epoch 5 AvgLoss 0.0271 AvgAux 0.0147
[SelectionProxy] Epoch 5 exact 0.9050 on first 5000 eval samples
[PseudoAnchorVal] Epoch 5 exact 0.8302 first_char 0.9434 blank_mean 0.5021
[BoardAnchor] Epoch 5 exact 1.0000 first_char 1.0000 blank_mean 0.5000 pseudo_first 0.9434 pseudo_exact 0.8302 proxy_exact 0.9050
[BoardAnchor][1] gt=京N8P8F8 pred=京N8P8F8 blank=0.5000 top5=[('京', 0.9999935626983643), ('豫', 5.655356289935298e-06), ('浙', 5.183649136597523e-07), ('沪', 1.0376655268373725e-07), ('闽', 9.584691440522874e-08)]
Epoch:6 || epochiter: 0/1566|| Totel iter 7831 || Loss: 0.0043|| Aux: 0.0056||Batch time: 0.0334 sec. ||LR: 0.00000005
Epoch:6 || epochiter: 20/1566|| Totel iter 7851 || Loss: 0.1037|| Aux: 0.2236||Batch time: 0.0455 sec. ||LR: 0.00000005
Epoch:6 || epochiter: 40/1566|| Totel iter 7871 || Loss: 0.0455|| Aux: 0.0094||Batch time: 0.0442 sec. ||LR: 0.00000005
Epoch:6 || epochiter: 60/1566|| Totel iter 7891 || Loss: 0.0212|| Aux: 0.0060||Batch time: 0.0455 sec. ||LR: 0.00000005
Epoch:6 || epochiter: 80/1566|| Totel iter 7911 || Loss: 0.0096|| Aux: 0.0034||Batch time: 0.0437 sec. ||LR: 0.00000005
Epoch:6 || epochiter: 100/1566|| Totel iter 7931 || Loss: 0.0287|| Aux: 0.0075||Batch time: 0.0439 sec. ||LR: 0.00000005
Epoch:6 || epochiter: 120/1566|| Totel iter 7951 || Loss: 0.0206|| Aux: 0.0033||Batch time: 0.0453 sec. ||LR: 0.00000005
Epoch:6 || epochiter: 140/1566|| Totel iter 7971 || Loss: 0.0093|| Aux: 0.0017||Batch time: 0.0473 sec. ||LR: 0.00000005
Epoch:6 || epochiter: 160/1566|| Totel iter 7991 || Loss: 0.0060|| Aux: 0.0033||Batch time: 0.0484 sec. ||LR: 0.00000005
Epoch:6 || epochiter: 180/1566|| Totel iter 8011 || Loss: 0.0959|| Aux: 0.0604||Batch time: 0.0486 sec. ||LR: 0.00000005
Epoch:6 || epochiter: 200/1566|| Totel iter 8031 || Loss: 0.0386|| Aux: 0.0016||Batch time: 0.0445 sec. ||LR: 0.00000005
Epoch:6 || epochiter: 220/1566|| Totel iter 8051 || Loss: 0.0286|| Aux: 0.0075||Batch time: 0.0474 sec. ||LR: 0.00000005
Epoch:6 || epochiter: 240/1566|| Totel iter 8071 || Loss: 0.0154|| Aux: 0.0141||Batch time: 0.0461 sec. ||LR: 0.00000005
Epoch:6 || epochiter: 260/1566|| Totel iter 8091 || Loss: 0.0120|| Aux: 0.0103||Batch time: 0.0453 sec. ||LR: 0.00000005
Epoch:6 || epochiter: 280/1566|| Totel iter 8111 || Loss: 0.0312|| Aux: 0.0088||Batch time: 0.0464 sec. ||LR: 0.00000005
Epoch:6 || epochiter: 300/1566|| Totel iter 8131 || Loss: 0.0332|| Aux: 0.0252||Batch time: 0.0454 sec. ||LR: 0.00000005
Epoch:6 || epochiter: 320/1566|| Totel iter 8151 || Loss: 0.0061|| Aux: 0.0033||Batch time: 0.0473 sec. ||LR: 0.00000005
Epoch:6 || epochiter: 340/1566|| Totel iter 8171 || Loss: 0.0196|| Aux: 0.0017||Batch time: 0.0445 sec. ||LR: 0.00000005
Epoch:6 || epochiter: 360/1566|| Totel iter 8191 || Loss: 0.0093|| Aux: 0.0086||Batch time: 0.0477 sec. ||LR: 0.00000005
Epoch:6 || epochiter: 380/1566|| Totel iter 8211 || Loss: 0.0103|| Aux: 0.0042||Batch time: 0.0454 sec. ||LR: 0.00000005
Epoch:6 || epochiter: 400/1566|| Totel iter 8231 || Loss: 0.0156|| Aux: 0.0134||Batch time: 0.0459 sec. ||LR: 0.00000005
Epoch:6 || epochiter: 420/1566|| Totel iter 8251 || Loss: 0.0910|| Aux: 0.0802||Batch time: 0.0458 sec. ||LR: 0.00000005
Epoch:6 || epochiter: 440/1566|| Totel iter 8271 || Loss: 0.0136|| Aux: 0.0076||Batch time: 0.0456 sec. ||LR: 0.00000005
Epoch:6 || epochiter: 460/1566|| Totel iter 8291 || Loss: 0.0436|| Aux: 0.0067||Batch time: 0.0448 sec. ||LR: 0.00000005
Epoch:6 || epochiter: 480/1566|| Totel iter 8311 || Loss: 0.0154|| Aux: 0.0320||Batch time: 0.0477 sec. ||LR: 0.00000005
Epoch:6 || epochiter: 500/1566|| Totel iter 8331 || Loss: 0.0148|| Aux: 0.0110||Batch time: 0.0467 sec. ||LR: 0.00000005
Epoch:6 || epochiter: 520/1566|| Totel iter 8351 || Loss: 0.0091|| Aux: 0.0034||Batch time: 0.0461 sec. ||LR: 0.00000005
Epoch:6 || epochiter: 540/1566|| Totel iter 8371 || Loss: 0.0783|| Aux: 0.0012||Batch time: 0.0449 sec. ||LR: 0.00000005
Epoch:6 || epochiter: 560/1566|| Totel iter 8391 || Loss: 0.0379|| Aux: 0.0063||Batch time: 0.0456 sec. ||LR: 0.00000005
Epoch:6 || epochiter: 580/1566|| Totel iter 8411 || Loss: 0.0045|| Aux: 0.0018||Batch time: 0.0440 sec. ||LR: 0.00000005
Epoch:6 || epochiter: 600/1566|| Totel iter 8431 || Loss: 0.0734|| Aux: 0.0588||Batch time: 0.0450 sec. ||LR: 0.00000005
Epoch:6 || epochiter: 620/1566|| Totel iter 8451 || Loss: 0.0125|| Aux: 0.0095||Batch time: 0.0456 sec. ||LR: 0.00000005
Epoch:6 || epochiter: 640/1566|| Totel iter 8471 || Loss: 0.0293|| Aux: 0.0147||Batch time: 0.0462 sec. ||LR: 0.00000005
Epoch:6 || epochiter: 660/1566|| Totel iter 8491 || Loss: 0.0106|| Aux: 0.0029||Batch time: 0.0460 sec. ||LR: 0.00000005
Epoch:6 || epochiter: 680/1566|| Totel iter 8511 || Loss: 0.0089|| Aux: 0.0040||Batch time: 0.0457 sec. ||LR: 0.00000005
Epoch:6 || epochiter: 700/1566|| Totel iter 8531 || Loss: 0.1100|| Aux: 0.0095||Batch time: 0.0450 sec. ||LR: 0.00000005
Epoch:6 || epochiter: 720/1566|| Totel iter 8551 || Loss: 0.0207|| Aux: 0.0045||Batch time: 0.0456 sec. ||LR: 0.00000005
Epoch:6 || epochiter: 740/1566|| Totel iter 8571 || Loss: 0.0188|| Aux: 0.0010||Batch time: 0.0448 sec. ||LR: 0.00000005
Epoch:6 || epochiter: 760/1566|| Totel iter 8591 || Loss: 0.0103|| Aux: 0.0055||Batch time: 0.0457 sec. ||LR: 0.00000005
Epoch:6 || epochiter: 780/1566|| Totel iter 8611 || Loss: 0.0084|| Aux: 0.0023||Batch time: 0.0453 sec. ||LR: 0.00000005
Epoch:6 || epochiter: 800/1566|| Totel iter 8631 || Loss: 0.0076|| Aux: 0.0020||Batch time: 0.0444 sec. ||LR: 0.00000005
Epoch:6 || epochiter: 820/1566|| Totel iter 8651 || Loss: 0.0590|| Aux: 0.0024||Batch time: 0.0488 sec. ||LR: 0.00000005
Epoch:6 || epochiter: 840/1566|| Totel iter 8671 || Loss: 0.0075|| Aux: 0.0047||Batch time: 0.0443 sec. ||LR: 0.00000005
Epoch:6 || epochiter: 860/1566|| Totel iter 8691 || Loss: 0.0163|| Aux: 0.0221||Batch time: 0.0453 sec. ||LR: 0.00000005
Epoch:6 || epochiter: 880/1566|| Totel iter 8711 || Loss: 0.0136|| Aux: 0.0141||Batch time: 0.0454 sec. ||LR: 0.00000005
Epoch:6 || epochiter: 900/1566|| Totel iter 8731 || Loss: 0.0054|| Aux: 0.0014||Batch time: 0.0458 sec. ||LR: 0.00000005
Epoch:6 || epochiter: 920/1566|| Totel iter 8751 || Loss: 0.0263|| Aux: 0.0219||Batch time: 0.0488 sec. ||LR: 0.00000005
Epoch:6 || epochiter: 940/1566|| Totel iter 8771 || Loss: 0.0099|| Aux: 0.0006||Batch time: 0.0471 sec. ||LR: 0.00000005
Epoch:6 || epochiter: 960/1566|| Totel iter 8791 || Loss: 0.0076|| Aux: 0.0020||Batch time: 0.0453 sec. ||LR: 0.00000005
Epoch:6 || epochiter: 980/1566|| Totel iter 8811 || Loss: 0.0108|| Aux: 0.0053||Batch time: 0.0434 sec. ||LR: 0.00000005
Epoch:6 || epochiter: 1000/1566|| Totel iter 8831 || Loss: 0.0404|| Aux: 0.0118||Batch time: 0.0452 sec. ||LR: 0.00000005
Epoch:6 || epochiter: 1020/1566|| Totel iter 8851 || Loss: 0.0030|| Aux: 0.0021||Batch time: 0.0453 sec. ||LR: 0.00000005
Epoch:6 || epochiter: 1040/1566|| Totel iter 8871 || Loss: 0.0183|| Aux: 0.0057||Batch time: 0.0474 sec. ||LR: 0.00000005
Epoch:6 || epochiter: 1060/1566|| Totel iter 8891 || Loss: 0.0106|| Aux: 0.0018||Batch time: 0.0481 sec. ||LR: 0.00000005
Epoch:6 || epochiter: 1080/1566|| Totel iter 8911 || Loss: 0.0094|| Aux: 0.0083||Batch time: 0.0448 sec. ||LR: 0.00000005
Epoch:6 || epochiter: 1100/1566|| Totel iter 8931 || Loss: 0.0068|| Aux: 0.0040||Batch time: 0.0482 sec. ||LR: 0.00000005
Epoch:6 || epochiter: 1120/1566|| Totel iter 8951 || Loss: 0.0069|| Aux: 0.0008||Batch time: 0.0440 sec. ||LR: 0.00000005
Epoch:6 || epochiter: 1140/1566|| Totel iter 8971 || Loss: 0.0321|| Aux: 0.0036||Batch time: 0.0474 sec. ||LR: 0.00000005
Epoch:6 || epochiter: 1160/1566|| Totel iter 8991 || Loss: 0.0118|| Aux: 0.0040||Batch time: 0.0452 sec. ||LR: 0.00000005
Epoch:6 || epochiter: 1180/1566|| Totel iter 9011 || Loss: 0.0583|| Aux: 0.0731||Batch time: 0.0464 sec. ||LR: 0.00000005
Epoch:6 || epochiter: 1200/1566|| Totel iter 9031 || Loss: 0.0181|| Aux: 0.0105||Batch time: 0.0463 sec. ||LR: 0.00000005
Epoch:6 || epochiter: 1220/1566|| Totel iter 9051 || Loss: 0.0962|| Aux: 0.0025||Batch time: 0.0477 sec. ||LR: 0.00000005
Epoch:6 || epochiter: 1240/1566|| Totel iter 9071 || Loss: 0.0272|| Aux: 0.0056||Batch time: 0.0454 sec. ||LR: 0.00000005
Epoch:6 || epochiter: 1260/1566|| Totel iter 9091 || Loss: 0.0211|| Aux: 0.0081||Batch time: 0.0484 sec. ||LR: 0.00000005
Epoch:6 || epochiter: 1280/1566|| Totel iter 9111 || Loss: 0.0086|| Aux: 0.0058||Batch time: 0.0444 sec. ||LR: 0.00000005
Epoch:6 || epochiter: 1300/1566|| Totel iter 9131 || Loss: 0.0402|| Aux: 0.0035||Batch time: 0.0441 sec. ||LR: 0.00000005
Epoch:6 || epochiter: 1320/1566|| Totel iter 9151 || Loss: 0.0099|| Aux: 0.0054||Batch time: 0.0455 sec. ||LR: 0.00000005
Epoch:6 || epochiter: 1340/1566|| Totel iter 9171 || Loss: 0.0080|| Aux: 0.0019||Batch time: 0.0466 sec. ||LR: 0.00000005
Epoch:6 || epochiter: 1360/1566|| Totel iter 9191 || Loss: 0.0349|| Aux: 0.0250||Batch time: 0.0472 sec. ||LR: 0.00000005
Epoch:6 || epochiter: 1380/1566|| Totel iter 9211 || Loss: 0.0802|| Aux: 0.0254||Batch time: 0.0457 sec. ||LR: 0.00000005
Epoch:6 || epochiter: 1400/1566|| Totel iter 9231 || Loss: 0.0079|| Aux: 0.0041||Batch time: 0.0458 sec. ||LR: 0.00000005
Epoch:6 || epochiter: 1420/1566|| Totel iter 9251 || Loss: 0.0056|| Aux: 0.0008||Batch time: 0.0500 sec. ||LR: 0.00000005
Epoch:6 || epochiter: 1440/1566|| Totel iter 9271 || Loss: 0.0061|| Aux: 0.0029||Batch time: 0.0466 sec. ||LR: 0.00000005
Epoch:6 || epochiter: 1460/1566|| Totel iter 9291 || Loss: 0.0678|| Aux: 0.0809||Batch time: 0.0471 sec. ||LR: 0.00000005
Epoch:6 || epochiter: 1480/1566|| Totel iter 9311 || Loss: 0.0288|| Aux: 0.0024||Batch time: 0.0454 sec. ||LR: 0.00000005
Epoch:6 || epochiter: 1500/1566|| Totel iter 9331 || Loss: 0.0177|| Aux: 0.0034||Batch time: 0.0457 sec. ||LR: 0.00000005
Epoch:6 || epochiter: 1520/1566|| Totel iter 9351 || Loss: 0.0295|| Aux: 0.0041||Batch time: 0.0482 sec. ||LR: 0.00000005
Epoch:6 || epochiter: 1540/1566|| Totel iter 9371 || Loss: 0.0903|| Aux: 0.1282||Batch time: 0.0446 sec. ||LR: 0.00000005
Epoch:6 || epochiter: 1560/1566|| Totel iter 9391 || Loss: 0.0077|| Aux: 0.0022||Batch time: 0.0437 sec. ||LR: 0.00000005
[Epoch Summary] Epoch 6 AvgLoss 0.0265 AvgAux 0.0140
[SelectionProxy] Epoch 6 exact 0.9020 on first 5000 eval samples
[PseudoAnchorVal] Epoch 6 exact 0.8302 first_char 0.9434 blank_mean 0.5042
[BoardAnchor] Epoch 6 exact 1.0000 first_char 1.0000 blank_mean 0.5000 pseudo_first 0.9434 pseudo_exact 0.8302 proxy_exact 0.9020
[BoardAnchor][1] gt=京N8P8F8 pred=京N8P8F8 blank=0.5000 top5=[('京', 0.9999933242797852), ('豫', 5.750728632847313e-06), ('浙', 6.158458631944086e-07), ('沪', 1.5393372621019807e-07), ('闽', 1.042171788867563e-07)]
[Training Done] Load best board-anchor checkpoint from epoch 4
Final test Accuracy:
[Info] Test Accuracy: 0.7817126850740296 [78140:5047:16773:99960]
[Training Done] Best Test Accuracy: 0.781713
[Training Done] Best board anchor metrics: exact 1.0000 first_char 1.0000 blank_mean 0.5000 pseudo_first 0.9434 pseudo_exact 0.8302 proxy_exact 0.9052
