Successful to build network!
[Env] device=cuda:0 model_training=True
【微调模式】成功加载预训练权重！保留了 62 个匹配的层。
[Data] mode=ccpd_board train_samples=100000 test_samples=99996 train_plate_box_aug=jitter_refine prob=0.85
Epoch:1 || epochiter: 0/1562|| Totel iter 0 || Loss: 0.0974||Batch time: 1.0803 sec. ||LR: 0.00030000
Epoch:1 || epochiter: 20/1562|| Totel iter 20 || Loss: 0.0978||Batch time: 0.0516 sec. ||LR: 0.00030000
Epoch:1 || epochiter: 40/1562|| Totel iter 40 || Loss: 0.0999||Batch time: 0.0452 sec. ||LR: 0.00030000
Epoch:1 || epochiter: 60/1562|| Totel iter 60 || Loss: 0.0574||Batch time: 0.0428 sec. ||LR: 0.00030000
Epoch:1 || epochiter: 80/1562|| Totel iter 80 || Loss: 0.0814||Batch time: 0.0434 sec. ||LR: 0.00030000
Epoch:1 || epochiter: 100/1562|| Totel iter 100 || Loss: 0.0753||Batch time: 0.0435 sec. ||LR: 0.00030000
Epoch:1 || epochiter: 120/1562|| Totel iter 120 || Loss: 0.0943||Batch time: 0.0472 sec. ||LR: 0.00030000
Epoch:1 || epochiter: 140/1562|| Totel iter 140 || Loss: 0.0310||Batch time: 0.0467 sec. ||LR: 0.00030000
Epoch:1 || epochiter: 160/1562|| Totel iter 160 || Loss: 0.0562||Batch time: 0.0450 sec. ||LR: 0.00030000
Epoch:1 || epochiter: 180/1562|| Totel iter 180 || Loss: 0.1540||Batch time: 0.0473 sec. ||LR: 0.00030000
Epoch:1 || epochiter: 200/1562|| Totel iter 200 || Loss: 0.0808||Batch time: 0.0455 sec. ||LR: 0.00030000
Epoch:1 || epochiter: 220/1562|| Totel iter 220 || Loss: 0.0335||Batch time: 0.0448 sec. ||LR: 0.00030000
Epoch:1 || epochiter: 240/1562|| Totel iter 240 || Loss: 0.0339||Batch time: 0.0515 sec. ||LR: 0.00030000
Epoch:1 || epochiter: 260/1562|| Totel iter 260 || Loss: 0.0896||Batch time: 0.0544 sec. ||LR: 0.00030000
Epoch:1 || epochiter: 280/1562|| Totel iter 280 || Loss: 0.0745||Batch time: 0.0542 sec. ||LR: 0.00030000
Epoch:1 || epochiter: 300/1562|| Totel iter 300 || Loss: 0.0820||Batch time: 0.0565 sec. ||LR: 0.00030000
Epoch:1 || epochiter: 320/1562|| Totel iter 320 || Loss: 0.0851||Batch time: 0.0483 sec. ||LR: 0.00030000
Epoch:1 || epochiter: 340/1562|| Totel iter 340 || Loss: 0.1847||Batch time: 0.0440 sec. ||LR: 0.00030000
Epoch:1 || epochiter: 360/1562|| Totel iter 360 || Loss: 0.0690||Batch time: 0.0537 sec. ||LR: 0.00030000
Epoch:1 || epochiter: 380/1562|| Totel iter 380 || Loss: 0.0590||Batch time: 0.0549 sec. ||LR: 0.00030000
Epoch:1 || epochiter: 400/1562|| Totel iter 400 || Loss: 0.0907||Batch time: 0.0460 sec. ||LR: 0.00030000
Epoch:1 || epochiter: 420/1562|| Totel iter 420 || Loss: 0.1209||Batch time: 0.0464 sec. ||LR: 0.00030000
Epoch:1 || epochiter: 440/1562|| Totel iter 440 || Loss: 0.0879||Batch time: 0.0449 sec. ||LR: 0.00030000
Epoch:1 || epochiter: 460/1562|| Totel iter 460 || Loss: 0.0772||Batch time: 0.0438 sec. ||LR: 0.00030000
Epoch:1 || epochiter: 480/1562|| Totel iter 480 || Loss: 0.0976||Batch time: 0.0453 sec. ||LR: 0.00030000
Epoch:1 || epochiter: 500/1562|| Totel iter 500 || Loss: 0.1552||Batch time: 0.0443 sec. ||LR: 0.00030000
Epoch:1 || epochiter: 520/1562|| Totel iter 520 || Loss: 0.0896||Batch time: 0.0856 sec. ||LR: 0.00030000
Epoch:1 || epochiter: 540/1562|| Totel iter 540 || Loss: 0.0879||Batch time: 0.0460 sec. ||LR: 0.00030000
Epoch:1 || epochiter: 560/1562|| Totel iter 560 || Loss: 0.0636||Batch time: 0.0457 sec. ||LR: 0.00030000
Epoch:1 || epochiter: 580/1562|| Totel iter 580 || Loss: 0.1370||Batch time: 0.0452 sec. ||LR: 0.00030000
Epoch:1 || epochiter: 600/1562|| Totel iter 600 || Loss: 0.0434||Batch time: 0.0473 sec. ||LR: 0.00030000
Epoch:1 || epochiter: 620/1562|| Totel iter 620 || Loss: 0.0897||Batch time: 0.0477 sec. ||LR: 0.00030000
Epoch:1 || epochiter: 640/1562|| Totel iter 640 || Loss: 0.0717||Batch time: 0.0451 sec. ||LR: 0.00030000
Epoch:1 || epochiter: 660/1562|| Totel iter 660 || Loss: 0.0805||Batch time: 0.0460 sec. ||LR: 0.00030000
Epoch:1 || epochiter: 680/1562|| Totel iter 680 || Loss: 0.0971||Batch time: 0.0444 sec. ||LR: 0.00030000
Epoch:1 || epochiter: 700/1562|| Totel iter 700 || Loss: 0.1010||Batch time: 0.0450 sec. ||LR: 0.00030000
Epoch:1 || epochiter: 720/1562|| Totel iter 720 || Loss: 0.0779||Batch time: 0.0467 sec. ||LR: 0.00030000
Epoch:1 || epochiter: 740/1562|| Totel iter 740 || Loss: 0.0734||Batch time: 0.0450 sec. ||LR: 0.00030000
Epoch:1 || epochiter: 760/1562|| Totel iter 760 || Loss: 0.0943||Batch time: 0.0458 sec. ||LR: 0.00030000
Epoch:1 || epochiter: 780/1562|| Totel iter 780 || Loss: 0.0823||Batch time: 0.0440 sec. ||LR: 0.00030000
Epoch:1 || epochiter: 800/1562|| Totel iter 800 || Loss: 0.0776||Batch time: 0.0446 sec. ||LR: 0.00030000
Epoch:1 || epochiter: 820/1562|| Totel iter 820 || Loss: 0.0464||Batch time: 0.0464 sec. ||LR: 0.00030000
Epoch:1 || epochiter: 840/1562|| Totel iter 840 || Loss: 0.0549||Batch time: 0.0460 sec. ||LR: 0.00030000
Epoch:1 || epochiter: 860/1562|| Totel iter 860 || Loss: 0.0237||Batch time: 0.0398 sec. ||LR: 0.00030000
Epoch:1 || epochiter: 880/1562|| Totel iter 880 || Loss: 0.0440||Batch time: 0.0484 sec. ||LR: 0.00030000
Epoch:1 || epochiter: 900/1562|| Totel iter 900 || Loss: 0.1038||Batch time: 0.0463 sec. ||LR: 0.00030000
Epoch:1 || epochiter: 920/1562|| Totel iter 920 || Loss: 0.1163||Batch time: 0.0448 sec. ||LR: 0.00030000
Epoch:1 || epochiter: 940/1562|| Totel iter 940 || Loss: 0.0752||Batch time: 0.0437 sec. ||LR: 0.00030000
Epoch:1 || epochiter: 960/1562|| Totel iter 960 || Loss: 0.0466||Batch time: 0.0458 sec. ||LR: 0.00030000
Epoch:1 || epochiter: 980/1562|| Totel iter 980 || Loss: 0.0750||Batch time: 0.0457 sec. ||LR: 0.00030000
Epoch:1 || epochiter: 1000/1562|| Totel iter 1000 || Loss: 0.0896||Batch time: 0.0477 sec. ||LR: 0.00030000
Epoch:1 || epochiter: 1020/1562|| Totel iter 1020 || Loss: 0.1207||Batch time: 0.0450 sec. ||LR: 0.00030000
Epoch:1 || epochiter: 1040/1562|| Totel iter 1040 || Loss: 0.0331||Batch time: 0.0456 sec. ||LR: 0.00030000
Epoch:1 || epochiter: 1060/1562|| Totel iter 1060 || Loss: 0.0767||Batch time: 0.0468 sec. ||LR: 0.00030000
Epoch:1 || epochiter: 1080/1562|| Totel iter 1080 || Loss: 0.1012||Batch time: 0.0454 sec. ||LR: 0.00030000
Epoch:1 || epochiter: 1100/1562|| Totel iter 1100 || Loss: 0.0581||Batch time: 0.0442 sec. ||LR: 0.00030000
Epoch:1 || epochiter: 1120/1562|| Totel iter 1120 || Loss: 0.1196||Batch time: 0.0460 sec. ||LR: 0.00030000
Epoch:1 || epochiter: 1140/1562|| Totel iter 1140 || Loss: 0.1099||Batch time: 0.0474 sec. ||LR: 0.00030000
Epoch:1 || epochiter: 1160/1562|| Totel iter 1160 || Loss: 0.0594||Batch time: 0.0454 sec. ||LR: 0.00030000
Epoch:1 || epochiter: 1180/1562|| Totel iter 1180 || Loss: 0.0820||Batch time: 0.0461 sec. ||LR: 0.00030000
Epoch:1 || epochiter: 1200/1562|| Totel iter 1200 || Loss: 0.0908||Batch time: 0.0451 sec. ||LR: 0.00030000
Epoch:1 || epochiter: 1220/1562|| Totel iter 1220 || Loss: 0.0952||Batch time: 0.0458 sec. ||LR: 0.00030000
Epoch:1 || epochiter: 1240/1562|| Totel iter 1240 || Loss: 0.1020||Batch time: 0.0437 sec. ||LR: 0.00030000
Epoch:1 || epochiter: 1260/1562|| Totel iter 1260 || Loss: 0.1463||Batch time: 0.0449 sec. ||LR: 0.00030000
Epoch:1 || epochiter: 1280/1562|| Totel iter 1280 || Loss: 0.1335||Batch time: 0.0454 sec. ||LR: 0.00030000
Epoch:1 || epochiter: 1300/1562|| Totel iter 1300 || Loss: 0.0739||Batch time: 0.0443 sec. ||LR: 0.00030000
Epoch:1 || epochiter: 1320/1562|| Totel iter 1320 || Loss: 0.0759||Batch time: 0.0452 sec. ||LR: 0.00030000
Epoch:1 || epochiter: 1340/1562|| Totel iter 1340 || Loss: 0.0541||Batch time: 0.0479 sec. ||LR: 0.00030000
Epoch:1 || epochiter: 1360/1562|| Totel iter 1360 || Loss: 0.0641||Batch time: 0.0465 sec. ||LR: 0.00030000
Epoch:1 || epochiter: 1380/1562|| Totel iter 1380 || Loss: 0.0575||Batch time: 0.0454 sec. ||LR: 0.00030000
Epoch:1 || epochiter: 1400/1562|| Totel iter 1400 || Loss: 0.0541||Batch time: 0.0440 sec. ||LR: 0.00030000
Epoch:1 || epochiter: 1420/1562|| Totel iter 1420 || Loss: 0.0442||Batch time: 0.0447 sec. ||LR: 0.00030000
Epoch:1 || epochiter: 1440/1562|| Totel iter 1440 || Loss: 0.0298||Batch time: 0.0446 sec. ||LR: 0.00030000
Epoch:1 || epochiter: 1460/1562|| Totel iter 1460 || Loss: 0.0740||Batch time: 0.0451 sec. ||LR: 0.00030000
Epoch:1 || epochiter: 1480/1562|| Totel iter 1480 || Loss: 0.0614||Batch time: 0.0463 sec. ||LR: 0.00030000
Epoch:1 || epochiter: 1500/1562|| Totel iter 1500 || Loss: 0.0625||Batch time: 0.0459 sec. ||LR: 0.00030000
Epoch:1 || epochiter: 1520/1562|| Totel iter 1520 || Loss: 0.0492||Batch time: 0.0449 sec. ||LR: 0.00030000
Epoch:1 || epochiter: 1540/1562|| Totel iter 1540 || Loss: 0.0512||Batch time: 0.0448 sec. ||LR: 0.00030000
Epoch:1 || epochiter: 1560/1562|| Totel iter 1560 || Loss: 0.0530||Batch time: 0.0448 sec. ||LR: 0.00030000
[Epoch Summary] Epoch 1 AvgLoss 0.0755
Epoch:2 || epochiter: 18/1562|| Totel iter 1580 || Loss: 0.1474||Batch time: 0.0459 sec. ||LR: 0.00030000
Epoch:2 || epochiter: 38/1562|| Totel iter 1600 || Loss: 0.0284||Batch time: 0.0447 sec. ||LR: 0.00030000
Epoch:2 || epochiter: 58/1562|| Totel iter 1620 || Loss: 0.1106||Batch time: 0.0474 sec. ||LR: 0.00030000
Epoch:2 || epochiter: 78/1562|| Totel iter 1640 || Loss: 0.0579||Batch time: 0.0439 sec. ||LR: 0.00030000
Epoch:2 || epochiter: 98/1562|| Totel iter 1660 || Loss: 0.0473||Batch time: 0.0449 sec. ||LR: 0.00030000
Epoch:2 || epochiter: 118/1562|| Totel iter 1680 || Loss: 0.0328||Batch time: 0.0449 sec. ||LR: 0.00030000
Epoch:2 || epochiter: 138/1562|| Totel iter 1700 || Loss: 0.1174||Batch time: 0.0459 sec. ||LR: 0.00030000
Epoch:2 || epochiter: 158/1562|| Totel iter 1720 || Loss: 0.0406||Batch time: 0.0466 sec. ||LR: 0.00030000
Epoch:2 || epochiter: 178/1562|| Totel iter 1740 || Loss: 0.0764||Batch time: 0.0445 sec. ||LR: 0.00030000
Epoch:2 || epochiter: 198/1562|| Totel iter 1760 || Loss: 0.0546||Batch time: 0.0441 sec. ||LR: 0.00030000
Epoch:2 || epochiter: 218/1562|| Totel iter 1780 || Loss: 0.0657||Batch time: 0.0452 sec. ||LR: 0.00030000
Epoch:2 || epochiter: 238/1562|| Totel iter 1800 || Loss: 0.0946||Batch time: 0.0465 sec. ||LR: 0.00030000
Epoch:2 || epochiter: 258/1562|| Totel iter 1820 || Loss: 0.0569||Batch time: 0.0491 sec. ||LR: 0.00030000
Epoch:2 || epochiter: 278/1562|| Totel iter 1840 || Loss: 0.0737||Batch time: 0.0442 sec. ||LR: 0.00030000
Epoch:2 || epochiter: 298/1562|| Totel iter 1860 || Loss: 0.1533||Batch time: 0.0451 sec. ||LR: 0.00030000
Epoch:2 || epochiter: 318/1562|| Totel iter 1880 || Loss: 0.0324||Batch time: 0.0463 sec. ||LR: 0.00030000
Epoch:2 || epochiter: 338/1562|| Totel iter 1900 || Loss: 0.1254||Batch time: 0.0456 sec. ||LR: 0.00030000
Epoch:2 || epochiter: 358/1562|| Totel iter 1920 || Loss: 0.0876||Batch time: 0.0458 sec. ||LR: 0.00030000
Epoch:2 || epochiter: 378/1562|| Totel iter 1940 || Loss: 0.0403||Batch time: 0.0443 sec. ||LR: 0.00030000
Epoch:2 || epochiter: 398/1562|| Totel iter 1960 || Loss: 0.1039||Batch time: 0.0441 sec. ||LR: 0.00030000
Epoch:2 || epochiter: 418/1562|| Totel iter 1980 || Loss: 0.0692||Batch time: 0.0442 sec. ||LR: 0.00030000
Epoch:2 || epochiter: 438/1562|| Totel iter 2000 || Loss: 0.0314||Batch time: 0.0213 sec. ||LR: 0.00030000
Epoch:2 || epochiter: 458/1562|| Totel iter 2020 || Loss: 0.0394||Batch time: 0.0462 sec. ||LR: 0.00030000
Epoch:2 || epochiter: 478/1562|| Totel iter 2040 || Loss: 0.0998||Batch time: 0.0444 sec. ||LR: 0.00030000
Epoch:2 || epochiter: 498/1562|| Totel iter 2060 || Loss: 0.0365||Batch time: 0.0442 sec. ||LR: 0.00030000
Epoch:2 || epochiter: 518/1562|| Totel iter 2080 || Loss: 0.0351||Batch time: 0.0453 sec. ||LR: 0.00030000
Epoch:2 || epochiter: 538/1562|| Totel iter 2100 || Loss: 0.0746||Batch time: 0.0446 sec. ||LR: 0.00030000
Epoch:2 || epochiter: 558/1562|| Totel iter 2120 || Loss: 0.0530||Batch time: 0.0466 sec. ||LR: 0.00030000
Epoch:2 || epochiter: 578/1562|| Totel iter 2140 || Loss: 0.0710||Batch time: 0.0467 sec. ||LR: 0.00030000
Epoch:2 || epochiter: 598/1562|| Totel iter 2160 || Loss: 0.1058||Batch time: 0.0469 sec. ||LR: 0.00030000
Epoch:2 || epochiter: 618/1562|| Totel iter 2180 || Loss: 0.0395||Batch time: 0.0440 sec. ||LR: 0.00030000
Epoch:2 || epochiter: 638/1562|| Totel iter 2200 || Loss: 0.1050||Batch time: 0.0441 sec. ||LR: 0.00030000
Epoch:2 || epochiter: 658/1562|| Totel iter 2220 || Loss: 0.0573||Batch time: 0.0461 sec. ||LR: 0.00030000
Epoch:2 || epochiter: 678/1562|| Totel iter 2240 || Loss: 0.0675||Batch time: 0.0443 sec. ||LR: 0.00030000
Epoch:2 || epochiter: 698/1562|| Totel iter 2260 || Loss: 0.0686||Batch time: 0.0452 sec. ||LR: 0.00030000
Epoch:2 || epochiter: 718/1562|| Totel iter 2280 || Loss: 0.0341||Batch time: 0.0465 sec. ||LR: 0.00030000
Epoch:2 || epochiter: 738/1562|| Totel iter 2300 || Loss: 0.1076||Batch time: 0.0429 sec. ||LR: 0.00030000
Epoch:2 || epochiter: 758/1562|| Totel iter 2320 || Loss: 0.0692||Batch time: 0.0465 sec. ||LR: 0.00030000
Epoch:2 || epochiter: 778/1562|| Totel iter 2340 || Loss: 0.0760||Batch time: 0.0453 sec. ||LR: 0.00030000
Epoch:2 || epochiter: 798/1562|| Totel iter 2360 || Loss: 0.0652||Batch time: 0.0449 sec. ||LR: 0.00030000
Epoch:2 || epochiter: 818/1562|| Totel iter 2380 || Loss: 0.0636||Batch time: 0.0461 sec. ||LR: 0.00030000
Epoch:2 || epochiter: 838/1562|| Totel iter 2400 || Loss: 0.1255||Batch time: 0.0477 sec. ||LR: 0.00030000
Epoch:2 || epochiter: 858/1562|| Totel iter 2420 || Loss: 0.0400||Batch time: 0.0470 sec. ||LR: 0.00030000
Epoch:2 || epochiter: 878/1562|| Totel iter 2440 || Loss: 0.1088||Batch time: 0.0455 sec. ||LR: 0.00030000
Epoch:2 || epochiter: 898/1562|| Totel iter 2460 || Loss: 0.0486||Batch time: 0.0466 sec. ||LR: 0.00030000
Epoch:2 || epochiter: 918/1562|| Totel iter 2480 || Loss: 0.0265||Batch time: 0.0465 sec. ||LR: 0.00030000
Epoch:2 || epochiter: 938/1562|| Totel iter 2500 || Loss: 0.0633||Batch time: 0.0451 sec. ||LR: 0.00030000
Epoch:2 || epochiter: 958/1562|| Totel iter 2520 || Loss: 0.0722||Batch time: 0.0436 sec. ||LR: 0.00030000
Epoch:2 || epochiter: 978/1562|| Totel iter 2540 || Loss: 0.0449||Batch time: 0.0455 sec. ||LR: 0.00030000
Epoch:2 || epochiter: 998/1562|| Totel iter 2560 || Loss: 0.1089||Batch time: 0.0465 sec. ||LR: 0.00030000
Epoch:2 || epochiter: 1018/1562|| Totel iter 2580 || Loss: 0.1228||Batch time: 0.0491 sec. ||LR: 0.00030000
Epoch:2 || epochiter: 1038/1562|| Totel iter 2600 || Loss: 0.1049||Batch time: 0.0457 sec. ||LR: 0.00030000
Epoch:2 || epochiter: 1058/1562|| Totel iter 2620 || Loss: 0.0633||Batch time: 0.0488 sec. ||LR: 0.00030000
Epoch:2 || epochiter: 1078/1562|| Totel iter 2640 || Loss: 0.0427||Batch time: 0.0453 sec. ||LR: 0.00030000
Epoch:2 || epochiter: 1098/1562|| Totel iter 2660 || Loss: 0.0206||Batch time: 0.0471 sec. ||LR: 0.00030000
Epoch:2 || epochiter: 1118/1562|| Totel iter 2680 || Loss: 0.0644||Batch time: 0.0462 sec. ||LR: 0.00030000
Epoch:2 || epochiter: 1138/1562|| Totel iter 2700 || Loss: 0.0492||Batch time: 0.0454 sec. ||LR: 0.00030000
Epoch:2 || epochiter: 1158/1562|| Totel iter 2720 || Loss: 0.0230||Batch time: 0.0460 sec. ||LR: 0.00030000
Epoch:2 || epochiter: 1178/1562|| Totel iter 2740 || Loss: 0.0613||Batch time: 0.0444 sec. ||LR: 0.00030000
Epoch:2 || epochiter: 1198/1562|| Totel iter 2760 || Loss: 0.0510||Batch time: 0.0455 sec. ||LR: 0.00030000
Epoch:2 || epochiter: 1218/1562|| Totel iter 2780 || Loss: 0.0599||Batch time: 0.0470 sec. ||LR: 0.00030000
Epoch:2 || epochiter: 1238/1562|| Totel iter 2800 || Loss: 0.0832||Batch time: 0.0452 sec. ||LR: 0.00030000
Epoch:2 || epochiter: 1258/1562|| Totel iter 2820 || Loss: 0.0823||Batch time: 0.0455 sec. ||LR: 0.00030000
Epoch:2 || epochiter: 1278/1562|| Totel iter 2840 || Loss: 0.0586||Batch time: 0.0479 sec. ||LR: 0.00030000
Epoch:2 || epochiter: 1298/1562|| Totel iter 2860 || Loss: 0.0968||Batch time: 0.0487 sec. ||LR: 0.00030000
Epoch:2 || epochiter: 1318/1562|| Totel iter 2880 || Loss: 0.0792||Batch time: 0.0468 sec. ||LR: 0.00030000
Epoch:2 || epochiter: 1338/1562|| Totel iter 2900 || Loss: 0.0356||Batch time: 0.0446 sec. ||LR: 0.00030000
Epoch:2 || epochiter: 1358/1562|| Totel iter 2920 || Loss: 0.0249||Batch time: 0.0466 sec. ||LR: 0.00030000
Epoch:2 || epochiter: 1378/1562|| Totel iter 2940 || Loss: 0.0499||Batch time: 0.0473 sec. ||LR: 0.00030000
Epoch:2 || epochiter: 1398/1562|| Totel iter 2960 || Loss: 0.1006||Batch time: 0.0521 sec. ||LR: 0.00030000
Epoch:2 || epochiter: 1418/1562|| Totel iter 2980 || Loss: 0.0471||Batch time: 0.0455 sec. ||LR: 0.00030000
Epoch:2 || epochiter: 1438/1562|| Totel iter 3000 || Loss: 0.0300||Batch time: 0.0442 sec. ||LR: 0.00030000
Epoch:2 || epochiter: 1458/1562|| Totel iter 3020 || Loss: 0.0477||Batch time: 0.0455 sec. ||LR: 0.00030000
Epoch:2 || epochiter: 1478/1562|| Totel iter 3040 || Loss: 0.0524||Batch time: 0.0441 sec. ||LR: 0.00030000
Epoch:2 || epochiter: 1498/1562|| Totel iter 3060 || Loss: 0.0213||Batch time: 0.0471 sec. ||LR: 0.00030000
Epoch:2 || epochiter: 1518/1562|| Totel iter 3080 || Loss: 0.1195||Batch time: 0.0460 sec. ||LR: 0.00030000
Epoch:2 || epochiter: 1538/1562|| Totel iter 3100 || Loss: 0.0639||Batch time: 0.0459 sec. ||LR: 0.00030000
Epoch:2 || epochiter: 1558/1562|| Totel iter 3120 || Loss: 0.0532||Batch time: 0.0436 sec. ||LR: 0.00030000
[Epoch Summary] Epoch 2 AvgLoss 0.0700
Epoch:3 || epochiter: 16/1562|| Totel iter 3140 || Loss: 0.0554||Batch time: 0.0459 sec. ||LR: 0.00030000
Epoch:3 || epochiter: 36/1562|| Totel iter 3160 || Loss: 0.0357||Batch time: 0.0473 sec. ||LR: 0.00030000
Epoch:3 || epochiter: 56/1562|| Totel iter 3180 || Loss: 0.0929||Batch time: 0.0458 sec. ||LR: 0.00030000
Epoch:3 || epochiter: 76/1562|| Totel iter 3200 || Loss: 0.0817||Batch time: 0.0454 sec. ||LR: 0.00030000
Epoch:3 || epochiter: 96/1562|| Totel iter 3220 || Loss: 0.0644||Batch time: 0.0468 sec. ||LR: 0.00030000
Epoch:3 || epochiter: 116/1562|| Totel iter 3240 || Loss: 0.0355||Batch time: 0.0462 sec. ||LR: 0.00030000
Epoch:3 || epochiter: 136/1562|| Totel iter 3260 || Loss: 0.0557||Batch time: 0.0463 sec. ||LR: 0.00030000
Epoch:3 || epochiter: 156/1562|| Totel iter 3280 || Loss: 0.0487||Batch time: 0.0486 sec. ||LR: 0.00030000
Epoch:3 || epochiter: 176/1562|| Totel iter 3300 || Loss: 0.0474||Batch time: 0.0484 sec. ||LR: 0.00030000
Epoch:3 || epochiter: 196/1562|| Totel iter 3320 || Loss: 0.0533||Batch time: 0.0456 sec. ||LR: 0.00030000
Epoch:3 || epochiter: 216/1562|| Totel iter 3340 || Loss: 0.0527||Batch time: 0.0458 sec. ||LR: 0.00030000
Epoch:3 || epochiter: 236/1562|| Totel iter 3360 || Loss: 0.0479||Batch time: 0.0486 sec. ||LR: 0.00030000
Epoch:3 || epochiter: 256/1562|| Totel iter 3380 || Loss: 0.0698||Batch time: 0.0473 sec. ||LR: 0.00030000
Epoch:3 || epochiter: 276/1562|| Totel iter 3400 || Loss: 0.0508||Batch time: 0.0464 sec. ||LR: 0.00030000
Epoch:3 || epochiter: 296/1562|| Totel iter 3420 || Loss: 0.0953||Batch time: 0.0540 sec. ||LR: 0.00030000
Epoch:3 || epochiter: 316/1562|| Totel iter 3440 || Loss: 0.0671||Batch time: 0.0466 sec. ||LR: 0.00030000
Epoch:3 || epochiter: 336/1562|| Totel iter 3460 || Loss: 0.0500||Batch time: 0.0446 sec. ||LR: 0.00030000
Epoch:3 || epochiter: 356/1562|| Totel iter 3480 || Loss: 0.0147||Batch time: 0.0471 sec. ||LR: 0.00030000
Epoch:3 || epochiter: 376/1562|| Totel iter 3500 || Loss: 0.0614||Batch time: 0.0445 sec. ||LR: 0.00030000
Epoch:3 || epochiter: 396/1562|| Totel iter 3520 || Loss: 0.0445||Batch time: 0.0446 sec. ||LR: 0.00030000
Epoch:3 || epochiter: 416/1562|| Totel iter 3540 || Loss: 0.1033||Batch time: 0.0441 sec. ||LR: 0.00030000
Epoch:3 || epochiter: 436/1562|| Totel iter 3560 || Loss: 0.0356||Batch time: 0.0435 sec. ||LR: 0.00030000
Epoch:3 || epochiter: 456/1562|| Totel iter 3580 || Loss: 0.0386||Batch time: 0.0460 sec. ||LR: 0.00030000
Epoch:3 || epochiter: 476/1562|| Totel iter 3600 || Loss: 0.0669||Batch time: 0.0449 sec. ||LR: 0.00030000
Epoch:3 || epochiter: 496/1562|| Totel iter 3620 || Loss: 0.0699||Batch time: 0.0447 sec. ||LR: 0.00030000
Epoch:3 || epochiter: 516/1562|| Totel iter 3640 || Loss: 0.0722||Batch time: 0.0457 sec. ||LR: 0.00030000
Epoch:3 || epochiter: 536/1562|| Totel iter 3660 || Loss: 0.0972||Batch time: 0.0451 sec. ||LR: 0.00030000
Epoch:3 || epochiter: 556/1562|| Totel iter 3680 || Loss: 0.0457||Batch time: 0.0489 sec. ||LR: 0.00030000
Epoch:3 || epochiter: 576/1562|| Totel iter 3700 || Loss: 0.0601||Batch time: 0.0434 sec. ||LR: 0.00030000
Epoch:3 || epochiter: 596/1562|| Totel iter 3720 || Loss: 0.0450||Batch time: 0.0545 sec. ||LR: 0.00030000
Epoch:3 || epochiter: 616/1562|| Totel iter 3740 || Loss: 0.0622||Batch time: 0.0605 sec. ||LR: 0.00030000
Epoch:3 || epochiter: 636/1562|| Totel iter 3760 || Loss: 0.0412||Batch time: 0.0822 sec. ||LR: 0.00030000
Epoch:3 || epochiter: 656/1562|| Totel iter 3780 || Loss: 0.0693||Batch time: 0.0564 sec. ||LR: 0.00030000
Epoch:3 || epochiter: 676/1562|| Totel iter 3800 || Loss: 0.0710||Batch time: 0.0463 sec. ||LR: 0.00030000
Epoch:3 || epochiter: 696/1562|| Totel iter 3820 || Loss: 0.0273||Batch time: 0.0461 sec. ||LR: 0.00030000
Epoch:3 || epochiter: 716/1562|| Totel iter 3840 || Loss: 0.0670||Batch time: 0.0461 sec. ||LR: 0.00030000
Epoch:3 || epochiter: 736/1562|| Totel iter 3860 || Loss: 0.0455||Batch time: 0.0467 sec. ||LR: 0.00030000
Epoch:3 || epochiter: 756/1562|| Totel iter 3880 || Loss: 0.0608||Batch time: 0.0434 sec. ||LR: 0.00030000
Epoch:3 || epochiter: 776/1562|| Totel iter 3900 || Loss: 0.0384||Batch time: 0.0461 sec. ||LR: 0.00030000
Epoch:3 || epochiter: 796/1562|| Totel iter 3920 || Loss: 0.0403||Batch time: 0.0617 sec. ||LR: 0.00030000
Epoch:3 || epochiter: 816/1562|| Totel iter 3940 || Loss: 0.0422||Batch time: 0.0459 sec. ||LR: 0.00030000
Epoch:3 || epochiter: 836/1562|| Totel iter 3960 || Loss: 0.0669||Batch time: 0.0463 sec. ||LR: 0.00030000
Epoch:3 || epochiter: 856/1562|| Totel iter 3980 || Loss: 0.0303||Batch time: 0.0456 sec. ||LR: 0.00030000
Epoch:3 || epochiter: 876/1562|| Totel iter 4000 || Loss: 0.0498||Batch time: 0.0294 sec. ||LR: 0.00030000
Epoch:3 || epochiter: 896/1562|| Totel iter 4020 || Loss: 0.1244||Batch time: 0.0764 sec. ||LR: 0.00030000
Epoch:3 || epochiter: 916/1562|| Totel iter 4040 || Loss: 0.0822||Batch time: 0.1083 sec. ||LR: 0.00030000
Epoch:3 || epochiter: 936/1562|| Totel iter 4060 || Loss: 0.0275||Batch time: 0.0524 sec. ||LR: 0.00030000
Epoch:3 || epochiter: 956/1562|| Totel iter 4080 || Loss: 0.0504||Batch time: 0.0507 sec. ||LR: 0.00030000
Epoch:3 || epochiter: 976/1562|| Totel iter 4100 || Loss: 0.1481||Batch time: 0.0475 sec. ||LR: 0.00030000
Epoch:3 || epochiter: 996/1562|| Totel iter 4120 || Loss: 0.0672||Batch time: 0.0456 sec. ||LR: 0.00030000
Epoch:3 || epochiter: 1016/1562|| Totel iter 4140 || Loss: 0.1406||Batch time: 0.0523 sec. ||LR: 0.00030000
Epoch:3 || epochiter: 1036/1562|| Totel iter 4160 || Loss: 0.0649||Batch time: 0.0574 sec. ||LR: 0.00030000
Epoch:3 || epochiter: 1056/1562|| Totel iter 4180 || Loss: 0.0645||Batch time: 0.0588 sec. ||LR: 0.00030000
Epoch:3 || epochiter: 1076/1562|| Totel iter 4200 || Loss: 0.0481||Batch time: 0.0470 sec. ||LR: 0.00030000
Epoch:3 || epochiter: 1096/1562|| Totel iter 4220 || Loss: 0.0696||Batch time: 0.0496 sec. ||LR: 0.00030000
Epoch:3 || epochiter: 1116/1562|| Totel iter 4240 || Loss: 0.0253||Batch time: 0.0468 sec. ||LR: 0.00030000
Epoch:3 || epochiter: 1136/1562|| Totel iter 4260 || Loss: 0.0629||Batch time: 0.0456 sec. ||LR: 0.00030000
Epoch:3 || epochiter: 1156/1562|| Totel iter 4280 || Loss: 0.0449||Batch time: 0.0457 sec. ||LR: 0.00030000
Epoch:3 || epochiter: 1176/1562|| Totel iter 4300 || Loss: 0.0226||Batch time: 0.0463 sec. ||LR: 0.00030000
Epoch:3 || epochiter: 1196/1562|| Totel iter 4320 || Loss: 0.0688||Batch time: 0.0427 sec. ||LR: 0.00030000
Epoch:3 || epochiter: 1216/1562|| Totel iter 4340 || Loss: 0.0472||Batch time: 0.0472 sec. ||LR: 0.00030000
Epoch:3 || epochiter: 1236/1562|| Totel iter 4360 || Loss: 0.0831||Batch time: 0.0435 sec. ||LR: 0.00030000
Epoch:3 || epochiter: 1256/1562|| Totel iter 4380 || Loss: 0.1248||Batch time: 0.0438 sec. ||LR: 0.00030000
Epoch:3 || epochiter: 1276/1562|| Totel iter 4400 || Loss: 0.0448||Batch time: 0.0466 sec. ||LR: 0.00030000
Epoch:3 || epochiter: 1296/1562|| Totel iter 4420 || Loss: 0.1029||Batch time: 0.0459 sec. ||LR: 0.00030000
Epoch:3 || epochiter: 1316/1562|| Totel iter 4440 || Loss: 0.0514||Batch time: 0.0429 sec. ||LR: 0.00030000
Epoch:3 || epochiter: 1336/1562|| Totel iter 4460 || Loss: 0.0573||Batch time: 0.0471 sec. ||LR: 0.00030000
Epoch:3 || epochiter: 1356/1562|| Totel iter 4480 || Loss: 0.0875||Batch time: 0.0440 sec. ||LR: 0.00030000
Epoch:3 || epochiter: 1376/1562|| Totel iter 4500 || Loss: 0.0266||Batch time: 0.0483 sec. ||LR: 0.00030000
Epoch:3 || epochiter: 1396/1562|| Totel iter 4520 || Loss: 0.1623||Batch time: 0.0436 sec. ||LR: 0.00030000
Epoch:3 || epochiter: 1416/1562|| Totel iter 4540 || Loss: 0.0472||Batch time: 0.0605 sec. ||LR: 0.00030000
Epoch:3 || epochiter: 1436/1562|| Totel iter 4560 || Loss: 0.0422||Batch time: 0.0501 sec. ||LR: 0.00030000
Epoch:3 || epochiter: 1456/1562|| Totel iter 4580 || Loss: 0.0560||Batch time: 0.0458 sec. ||LR: 0.00030000
Epoch:3 || epochiter: 1476/1562|| Totel iter 4600 || Loss: 0.0677||Batch time: 0.0474 sec. ||LR: 0.00030000
Epoch:3 || epochiter: 1496/1562|| Totel iter 4620 || Loss: 0.1034||Batch time: 0.0460 sec. ||LR: 0.00030000
Epoch:3 || epochiter: 1516/1562|| Totel iter 4640 || Loss: 0.0596||Batch time: 0.0456 sec. ||LR: 0.00030000
Epoch:3 || epochiter: 1536/1562|| Totel iter 4660 || Loss: 0.0669||Batch time: 0.0476 sec. ||LR: 0.00030000
Epoch:3 || epochiter: 1556/1562|| Totel iter 4680 || Loss: 0.0851||Batch time: 0.0525 sec. ||LR: 0.00030000
[Epoch Summary] Epoch 3 AvgLoss 0.0686
Epoch:4 || epochiter: 14/1562|| Totel iter 4700 || Loss: 0.0364||Batch time: 0.0461 sec. ||LR: 0.00003000
Epoch:4 || epochiter: 34/1562|| Totel iter 4720 || Loss: 0.0609||Batch time: 0.0467 sec. ||LR: 0.00003000
Epoch:4 || epochiter: 54/1562|| Totel iter 4740 || Loss: 0.0602||Batch time: 0.0480 sec. ||LR: 0.00003000
Epoch:4 || epochiter: 74/1562|| Totel iter 4760 || Loss: 0.0479||Batch time: 0.0423 sec. ||LR: 0.00003000
Epoch:4 || epochiter: 94/1562|| Totel iter 4780 || Loss: 0.0499||Batch time: 0.0471 sec. ||LR: 0.00003000
Epoch:4 || epochiter: 114/1562|| Totel iter 4800 || Loss: 0.0486||Batch time: 0.0450 sec. ||LR: 0.00003000
Epoch:4 || epochiter: 134/1562|| Totel iter 4820 || Loss: 0.0411||Batch time: 0.0466 sec. ||LR: 0.00003000
Epoch:4 || epochiter: 154/1562|| Totel iter 4840 || Loss: 0.0867||Batch time: 0.0453 sec. ||LR: 0.00003000
Epoch:4 || epochiter: 174/1562|| Totel iter 4860 || Loss: 0.0353||Batch time: 0.0467 sec. ||LR: 0.00003000
Epoch:4 || epochiter: 194/1562|| Totel iter 4880 || Loss: 0.0602||Batch time: 0.0491 sec. ||LR: 0.00003000
Epoch:4 || epochiter: 214/1562|| Totel iter 4900 || Loss: 0.0505||Batch time: 0.0445 sec. ||LR: 0.00003000
Epoch:4 || epochiter: 234/1562|| Totel iter 4920 || Loss: 0.0281||Batch time: 0.0460 sec. ||LR: 0.00003000
Epoch:4 || epochiter: 254/1562|| Totel iter 4940 || Loss: 0.0362||Batch time: 0.0444 sec. ||LR: 0.00003000
Epoch:4 || epochiter: 274/1562|| Totel iter 4960 || Loss: 0.0771||Batch time: 0.0436 sec. ||LR: 0.00003000
Epoch:4 || epochiter: 294/1562|| Totel iter 4980 || Loss: 0.0301||Batch time: 0.0465 sec. ||LR: 0.00003000
Epoch:4 || epochiter: 314/1562|| Totel iter 5000 || Loss: 0.0464||Batch time: 0.0463 sec. ||LR: 0.00003000
Epoch:4 || epochiter: 334/1562|| Totel iter 5020 || Loss: 0.0869||Batch time: 0.0458 sec. ||LR: 0.00003000
Epoch:4 || epochiter: 354/1562|| Totel iter 5040 || Loss: 0.0341||Batch time: 0.0505 sec. ||LR: 0.00003000
Epoch:4 || epochiter: 374/1562|| Totel iter 5060 || Loss: 0.0288||Batch time: 0.0503 sec. ||LR: 0.00003000
Epoch:4 || epochiter: 394/1562|| Totel iter 5080 || Loss: 0.0440||Batch time: 0.0469 sec. ||LR: 0.00003000
Epoch:4 || epochiter: 414/1562|| Totel iter 5100 || Loss: 0.0372||Batch time: 0.0477 sec. ||LR: 0.00003000
Epoch:4 || epochiter: 434/1562|| Totel iter 5120 || Loss: 0.0638||Batch time: 0.0473 sec. ||LR: 0.00003000
Epoch:4 || epochiter: 454/1562|| Totel iter 5140 || Loss: 0.0472||Batch time: 0.0474 sec. ||LR: 0.00003000
Epoch:4 || epochiter: 474/1562|| Totel iter 5160 || Loss: 0.0795||Batch time: 0.0457 sec. ||LR: 0.00003000
Epoch:4 || epochiter: 494/1562|| Totel iter 5180 || Loss: 0.0562||Batch time: 0.0455 sec. ||LR: 0.00003000
Epoch:4 || epochiter: 514/1562|| Totel iter 5200 || Loss: 0.0365||Batch time: 0.0455 sec. ||LR: 0.00003000
Epoch:4 || epochiter: 534/1562|| Totel iter 5220 || Loss: 0.0319||Batch time: 0.0486 sec. ||LR: 0.00003000
Epoch:4 || epochiter: 554/1562|| Totel iter 5240 || Loss: 0.0470||Batch time: 0.0454 sec. ||LR: 0.00003000
Epoch:4 || epochiter: 574/1562|| Totel iter 5260 || Loss: 0.0467||Batch time: 0.0448 sec. ||LR: 0.00003000
Epoch:4 || epochiter: 594/1562|| Totel iter 5280 || Loss: 0.0635||Batch time: 0.0457 sec. ||LR: 0.00003000
Epoch:4 || epochiter: 614/1562|| Totel iter 5300 || Loss: 0.0766||Batch time: 0.0464 sec. ||LR: 0.00003000
Epoch:4 || epochiter: 634/1562|| Totel iter 5320 || Loss: 0.0263||Batch time: 0.0461 sec. ||LR: 0.00003000
Epoch:4 || epochiter: 654/1562|| Totel iter 5340 || Loss: 0.0457||Batch time: 0.0485 sec. ||LR: 0.00003000
Epoch:4 || epochiter: 674/1562|| Totel iter 5360 || Loss: 0.0422||Batch time: 0.0454 sec. ||LR: 0.00003000
Epoch:4 || epochiter: 694/1562|| Totel iter 5380 || Loss: 0.0286||Batch time: 0.0445 sec. ||LR: 0.00003000
Epoch:4 || epochiter: 714/1562|| Totel iter 5400 || Loss: 0.0494||Batch time: 0.0463 sec. ||LR: 0.00003000
Epoch:4 || epochiter: 734/1562|| Totel iter 5420 || Loss: 0.0439||Batch time: 0.0417 sec. ||LR: 0.00003000
Epoch:4 || epochiter: 754/1562|| Totel iter 5440 || Loss: 0.0393||Batch time: 0.0470 sec. ||LR: 0.00003000
Epoch:4 || epochiter: 774/1562|| Totel iter 5460 || Loss: 0.0242||Batch time: 0.0443 sec. ||LR: 0.00003000
Epoch:4 || epochiter: 794/1562|| Totel iter 5480 || Loss: 0.0567||Batch time: 0.0489 sec. ||LR: 0.00003000
Epoch:4 || epochiter: 814/1562|| Totel iter 5500 || Loss: 0.0891||Batch time: 0.0448 sec. ||LR: 0.00003000
Epoch:4 || epochiter: 834/1562|| Totel iter 5520 || Loss: 0.0692||Batch time: 0.0473 sec. ||LR: 0.00003000
Epoch:4 || epochiter: 854/1562|| Totel iter 5540 || Loss: 0.0326||Batch time: 0.0459 sec. ||LR: 0.00003000
Epoch:4 || epochiter: 874/1562|| Totel iter 5560 || Loss: 0.0620||Batch time: 0.0478 sec. ||LR: 0.00003000
Epoch:4 || epochiter: 894/1562|| Totel iter 5580 || Loss: 0.0648||Batch time: 0.0464 sec. ||LR: 0.00003000
Epoch:4 || epochiter: 914/1562|| Totel iter 5600 || Loss: 0.0366||Batch time: 0.0461 sec. ||LR: 0.00003000
Epoch:4 || epochiter: 934/1562|| Totel iter 5620 || Loss: 0.0718||Batch time: 0.0467 sec. ||LR: 0.00003000
Epoch:4 || epochiter: 954/1562|| Totel iter 5640 || Loss: 0.0380||Batch time: 0.0461 sec. ||LR: 0.00003000
Epoch:4 || epochiter: 974/1562|| Totel iter 5660 || Loss: 0.0931||Batch time: 0.0463 sec. ||LR: 0.00003000
Epoch:4 || epochiter: 994/1562|| Totel iter 5680 || Loss: 0.0400||Batch time: 0.0613 sec. ||LR: 0.00003000
Epoch:4 || epochiter: 1014/1562|| Totel iter 5700 || Loss: 0.0785||Batch time: 0.0455 sec. ||LR: 0.00003000
Epoch:4 || epochiter: 1034/1562|| Totel iter 5720 || Loss: 0.0714||Batch time: 0.0472 sec. ||LR: 0.00003000
Epoch:4 || epochiter: 1054/1562|| Totel iter 5740 || Loss: 0.0552||Batch time: 0.0453 sec. ||LR: 0.00003000
Epoch:4 || epochiter: 1074/1562|| Totel iter 5760 || Loss: 0.0998||Batch time: 0.0468 sec. ||LR: 0.00003000
Epoch:4 || epochiter: 1094/1562|| Totel iter 5780 || Loss: 0.0644||Batch time: 0.0461 sec. ||LR: 0.00003000
Epoch:4 || epochiter: 1114/1562|| Totel iter 5800 || Loss: 0.0544||Batch time: 0.0451 sec. ||LR: 0.00003000
Epoch:4 || epochiter: 1134/1562|| Totel iter 5820 || Loss: 0.0780||Batch time: 0.0430 sec. ||LR: 0.00003000
Epoch:4 || epochiter: 1154/1562|| Totel iter 5840 || Loss: 0.0294||Batch time: 0.0487 sec. ||LR: 0.00003000
Epoch:4 || epochiter: 1174/1562|| Totel iter 5860 || Loss: 0.0240||Batch time: 0.0475 sec. ||LR: 0.00003000
Epoch:4 || epochiter: 1194/1562|| Totel iter 5880 || Loss: 0.0434||Batch time: 0.0439 sec. ||LR: 0.00003000
Epoch:4 || epochiter: 1214/1562|| Totel iter 5900 || Loss: 0.1047||Batch time: 0.0463 sec. ||LR: 0.00003000
Epoch:4 || epochiter: 1234/1562|| Totel iter 5920 || Loss: 0.0573||Batch time: 0.0473 sec. ||LR: 0.00003000
Epoch:4 || epochiter: 1254/1562|| Totel iter 5940 || Loss: 0.0508||Batch time: 0.0473 sec. ||LR: 0.00003000
Epoch:4 || epochiter: 1274/1562|| Totel iter 5960 || Loss: 0.0248||Batch time: 0.0473 sec. ||LR: 0.00003000
Epoch:4 || epochiter: 1294/1562|| Totel iter 5980 || Loss: 0.0344||Batch time: 0.0491 sec. ||LR: 0.00003000
Epoch:4 || epochiter: 1314/1562|| Totel iter 6000 || Loss: 0.0640||Batch time: 0.0198 sec. ||LR: 0.00003000
Epoch:4 || epochiter: 1334/1562|| Totel iter 6020 || Loss: 0.0478||Batch time: 0.0456 sec. ||LR: 0.00003000
Epoch:4 || epochiter: 1354/1562|| Totel iter 6040 || Loss: 0.0415||Batch time: 0.0459 sec. ||LR: 0.00003000
Epoch:4 || epochiter: 1374/1562|| Totel iter 6060 || Loss: 0.0443||Batch time: 0.0473 sec. ||LR: 0.00003000
Epoch:4 || epochiter: 1394/1562|| Totel iter 6080 || Loss: 0.0663||Batch time: 0.0463 sec. ||LR: 0.00003000
Epoch:4 || epochiter: 1414/1562|| Totel iter 6100 || Loss: 0.0232||Batch time: 0.0465 sec. ||LR: 0.00003000
Epoch:4 || epochiter: 1434/1562|| Totel iter 6120 || Loss: 0.0301||Batch time: 0.0453 sec. ||LR: 0.00003000
Epoch:4 || epochiter: 1454/1562|| Totel iter 6140 || Loss: 0.0382||Batch time: 0.0747 sec. ||LR: 0.00003000
Epoch:4 || epochiter: 1474/1562|| Totel iter 6160 || Loss: 0.0307||Batch time: 0.0457 sec. ||LR: 0.00003000
Epoch:4 || epochiter: 1494/1562|| Totel iter 6180 || Loss: 0.0204||Batch time: 0.0457 sec. ||LR: 0.00003000
Epoch:4 || epochiter: 1514/1562|| Totel iter 6200 || Loss: 0.0273||Batch time: 0.0448 sec. ||LR: 0.00003000
Epoch:4 || epochiter: 1534/1562|| Totel iter 6220 || Loss: 0.0908||Batch time: 0.0454 sec. ||LR: 0.00003000
Epoch:4 || epochiter: 1554/1562|| Totel iter 6240 || Loss: 0.0366||Batch time: 0.0453 sec. ||LR: 0.00003000
[Epoch Summary] Epoch 4 AvgLoss 0.0507
Epoch:5 || epochiter: 12/1562|| Totel iter 6260 || Loss: 0.0623||Batch time: 0.0517 sec. ||LR: 0.00003000
Epoch:5 || epochiter: 32/1562|| Totel iter 6280 || Loss: 0.0404||Batch time: 0.0452 sec. ||LR: 0.00003000
Epoch:5 || epochiter: 52/1562|| Totel iter 6300 || Loss: 0.0660||Batch time: 0.0466 sec. ||LR: 0.00003000
Epoch:5 || epochiter: 72/1562|| Totel iter 6320 || Loss: 0.0640||Batch time: 0.0454 sec. ||LR: 0.00003000
Epoch:5 || epochiter: 92/1562|| Totel iter 6340 || Loss: 0.0545||Batch time: 0.0456 sec. ||LR: 0.00003000
Epoch:5 || epochiter: 112/1562|| Totel iter 6360 || Loss: 0.0154||Batch time: 0.0455 sec. ||LR: 0.00003000
Epoch:5 || epochiter: 132/1562|| Totel iter 6380 || Loss: 0.0376||Batch time: 0.0468 sec. ||LR: 0.00003000
Epoch:5 || epochiter: 152/1562|| Totel iter 6400 || Loss: 0.0387||Batch time: 0.0425 sec. ||LR: 0.00003000
Epoch:5 || epochiter: 172/1562|| Totel iter 6420 || Loss: 0.0283||Batch time: 0.0487 sec. ||LR: 0.00003000
Epoch:5 || epochiter: 192/1562|| Totel iter 6440 || Loss: 0.0556||Batch time: 0.0522 sec. ||LR: 0.00003000
Epoch:5 || epochiter: 212/1562|| Totel iter 6460 || Loss: 0.0320||Batch time: 0.0441 sec. ||LR: 0.00003000
Epoch:5 || epochiter: 232/1562|| Totel iter 6480 || Loss: 0.0701||Batch time: 0.0457 sec. ||LR: 0.00003000
Epoch:5 || epochiter: 252/1562|| Totel iter 6500 || Loss: 0.0500||Batch time: 0.0460 sec. ||LR: 0.00003000
Epoch:5 || epochiter: 272/1562|| Totel iter 6520 || Loss: 0.0708||Batch time: 0.0456 sec. ||LR: 0.00003000
Epoch:5 || epochiter: 292/1562|| Totel iter 6540 || Loss: 0.0597||Batch time: 0.0493 sec. ||LR: 0.00003000
Epoch:5 || epochiter: 312/1562|| Totel iter 6560 || Loss: 0.0784||Batch time: 0.0463 sec. ||LR: 0.00003000
Epoch:5 || epochiter: 332/1562|| Totel iter 6580 || Loss: 0.0859||Batch time: 0.0450 sec. ||LR: 0.00003000
Epoch:5 || epochiter: 352/1562|| Totel iter 6600 || Loss: 0.0344||Batch time: 0.0445 sec. ||LR: 0.00003000
Epoch:5 || epochiter: 372/1562|| Totel iter 6620 || Loss: 0.0270||Batch time: 0.0461 sec. ||LR: 0.00003000
Epoch:5 || epochiter: 392/1562|| Totel iter 6640 || Loss: 0.1005||Batch time: 0.0446 sec. ||LR: 0.00003000
Epoch:5 || epochiter: 412/1562|| Totel iter 6660 || Loss: 0.0310||Batch time: 0.0443 sec. ||LR: 0.00003000
Epoch:5 || epochiter: 432/1562|| Totel iter 6680 || Loss: 0.0479||Batch time: 0.0444 sec. ||LR: 0.00003000
Epoch:5 || epochiter: 452/1562|| Totel iter 6700 || Loss: 0.0428||Batch time: 0.0476 sec. ||LR: 0.00003000
Epoch:5 || epochiter: 472/1562|| Totel iter 6720 || Loss: 0.0220||Batch time: 0.0828 sec. ||LR: 0.00003000
Epoch:5 || epochiter: 492/1562|| Totel iter 6740 || Loss: 0.0293||Batch time: 0.0530 sec. ||LR: 0.00003000
Epoch:5 || epochiter: 512/1562|| Totel iter 6760 || Loss: 0.0381||Batch time: 0.0447 sec. ||LR: 0.00003000
Epoch:5 || epochiter: 532/1562|| Totel iter 6780 || Loss: 0.0123||Batch time: 0.0460 sec. ||LR: 0.00003000
Epoch:5 || epochiter: 552/1562|| Totel iter 6800 || Loss: 0.0260||Batch time: 0.0449 sec. ||LR: 0.00003000
Epoch:5 || epochiter: 572/1562|| Totel iter 6820 || Loss: 0.0513||Batch time: 0.0450 sec. ||LR: 0.00003000
Epoch:5 || epochiter: 592/1562|| Totel iter 6840 || Loss: 0.0356||Batch time: 0.0440 sec. ||LR: 0.00003000
Epoch:5 || epochiter: 612/1562|| Totel iter 6860 || Loss: 0.0369||Batch time: 0.0455 sec. ||LR: 0.00003000
Epoch:5 || epochiter: 632/1562|| Totel iter 6880 || Loss: 0.0515||Batch time: 0.0494 sec. ||LR: 0.00003000
Epoch:5 || epochiter: 652/1562|| Totel iter 6900 || Loss: 0.0385||Batch time: 0.0472 sec. ||LR: 0.00003000
Epoch:5 || epochiter: 672/1562|| Totel iter 6920 || Loss: 0.0314||Batch time: 0.0467 sec. ||LR: 0.00003000
Epoch:5 || epochiter: 692/1562|| Totel iter 6940 || Loss: 0.0212||Batch time: 0.0454 sec. ||LR: 0.00003000
Epoch:5 || epochiter: 712/1562|| Totel iter 6960 || Loss: 0.0489||Batch time: 0.0457 sec. ||LR: 0.00003000
Epoch:5 || epochiter: 732/1562|| Totel iter 6980 || Loss: 0.0387||Batch time: 0.0454 sec. ||LR: 0.00003000
Epoch:5 || epochiter: 752/1562|| Totel iter 7000 || Loss: 0.0280||Batch time: 0.0448 sec. ||LR: 0.00003000
Epoch:5 || epochiter: 772/1562|| Totel iter 7020 || Loss: 0.0263||Batch time: 0.0469 sec. ||LR: 0.00003000
Epoch:5 || epochiter: 792/1562|| Totel iter 7040 || Loss: 0.0326||Batch time: 0.0443 sec. ||LR: 0.00003000
Epoch:5 || epochiter: 812/1562|| Totel iter 7060 || Loss: 0.0331||Batch time: 0.0446 sec. ||LR: 0.00003000
Epoch:5 || epochiter: 832/1562|| Totel iter 7080 || Loss: 0.0553||Batch time: 0.0450 sec. ||LR: 0.00003000
Epoch:5 || epochiter: 852/1562|| Totel iter 7100 || Loss: 0.0406||Batch time: 0.0444 sec. ||LR: 0.00003000
Epoch:5 || epochiter: 872/1562|| Totel iter 7120 || Loss: 0.0274||Batch time: 0.0458 sec. ||LR: 0.00003000
Epoch:5 || epochiter: 892/1562|| Totel iter 7140 || Loss: 0.0631||Batch time: 0.0476 sec. ||LR: 0.00003000
Epoch:5 || epochiter: 912/1562|| Totel iter 7160 || Loss: 0.0338||Batch time: 0.0453 sec. ||LR: 0.00003000
Epoch:5 || epochiter: 932/1562|| Totel iter 7180 || Loss: 0.0516||Batch time: 0.0442 sec. ||LR: 0.00003000
Epoch:5 || epochiter: 952/1562|| Totel iter 7200 || Loss: 0.0452||Batch time: 0.0469 sec. ||LR: 0.00003000
Epoch:5 || epochiter: 972/1562|| Totel iter 7220 || Loss: 0.0367||Batch time: 0.0459 sec. ||LR: 0.00003000
Epoch:5 || epochiter: 992/1562|| Totel iter 7240 || Loss: 0.0455||Batch time: 0.0464 sec. ||LR: 0.00003000
Epoch:5 || epochiter: 1012/1562|| Totel iter 7260 || Loss: 0.0247||Batch time: 0.0474 sec. ||LR: 0.00003000
Epoch:5 || epochiter: 1032/1562|| Totel iter 7280 || Loss: 0.0402||Batch time: 0.0469 sec. ||LR: 0.00003000
Epoch:5 || epochiter: 1052/1562|| Totel iter 7300 || Loss: 0.0290||Batch time: 0.0437 sec. ||LR: 0.00003000
Epoch:5 || epochiter: 1072/1562|| Totel iter 7320 || Loss: 0.0517||Batch time: 0.0463 sec. ||LR: 0.00003000
Epoch:5 || epochiter: 1092/1562|| Totel iter 7340 || Loss: 0.0440||Batch time: 0.0480 sec. ||LR: 0.00003000
Epoch:5 || epochiter: 1112/1562|| Totel iter 7360 || Loss: 0.0593||Batch time: 0.0463 sec. ||LR: 0.00003000
Epoch:5 || epochiter: 1132/1562|| Totel iter 7380 || Loss: 0.0365||Batch time: 0.0455 sec. ||LR: 0.00003000
Epoch:5 || epochiter: 1152/1562|| Totel iter 7400 || Loss: 0.0169||Batch time: 0.0462 sec. ||LR: 0.00003000
Epoch:5 || epochiter: 1172/1562|| Totel iter 7420 || Loss: 0.0377||Batch time: 0.0460 sec. ||LR: 0.00003000
Epoch:5 || epochiter: 1192/1562|| Totel iter 7440 || Loss: 0.0456||Batch time: 0.0433 sec. ||LR: 0.00003000
Epoch:5 || epochiter: 1212/1562|| Totel iter 7460 || Loss: 0.0437||Batch time: 0.0476 sec. ||LR: 0.00003000
Epoch:5 || epochiter: 1232/1562|| Totel iter 7480 || Loss: 0.0209||Batch time: 0.0477 sec. ||LR: 0.00003000
Epoch:5 || epochiter: 1252/1562|| Totel iter 7500 || Loss: 0.0348||Batch time: 0.0473 sec. ||LR: 0.00003000
Epoch:5 || epochiter: 1272/1562|| Totel iter 7520 || Loss: 0.0356||Batch time: 0.0445 sec. ||LR: 0.00003000
Epoch:5 || epochiter: 1292/1562|| Totel iter 7540 || Loss: 0.0950||Batch time: 0.0443 sec. ||LR: 0.00003000
Epoch:5 || epochiter: 1312/1562|| Totel iter 7560 || Loss: 0.0439||Batch time: 0.0441 sec. ||LR: 0.00003000
Epoch:5 || epochiter: 1332/1562|| Totel iter 7580 || Loss: 0.0622||Batch time: 0.0467 sec. ||LR: 0.00003000
Epoch:5 || epochiter: 1352/1562|| Totel iter 7600 || Loss: 0.0150||Batch time: 0.0457 sec. ||LR: 0.00003000
Epoch:5 || epochiter: 1372/1562|| Totel iter 7620 || Loss: 0.0703||Batch time: 0.0467 sec. ||LR: 0.00003000
Epoch:5 || epochiter: 1392/1562|| Totel iter 7640 || Loss: 0.0393||Batch time: 0.0466 sec. ||LR: 0.00003000
Epoch:5 || epochiter: 1412/1562|| Totel iter 7660 || Loss: 0.0573||Batch time: 0.0459 sec. ||LR: 0.00003000
Epoch:5 || epochiter: 1432/1562|| Totel iter 7680 || Loss: 0.0301||Batch time: 0.0465 sec. ||LR: 0.00003000
Epoch:5 || epochiter: 1452/1562|| Totel iter 7700 || Loss: 0.0644||Batch time: 0.0473 sec. ||LR: 0.00003000
Epoch:5 || epochiter: 1472/1562|| Totel iter 7720 || Loss: 0.0495||Batch time: 0.0445 sec. ||LR: 0.00003000
Epoch:5 || epochiter: 1492/1562|| Totel iter 7740 || Loss: 0.0286||Batch time: 0.0511 sec. ||LR: 0.00003000
Epoch:5 || epochiter: 1512/1562|| Totel iter 7760 || Loss: 0.0413||Batch time: 0.0467 sec. ||LR: 0.00003000
Epoch:5 || epochiter: 1532/1562|| Totel iter 7780 || Loss: 0.0307||Batch time: 0.0488 sec. ||LR: 0.00003000
Epoch:5 || epochiter: 1552/1562|| Totel iter 7800 || Loss: 0.0806||Batch time: 0.0429 sec. ||LR: 0.00003000
[Epoch Summary] Epoch 5 AvgLoss 0.0483
Epoch:6 || epochiter: 10/1562|| Totel iter 7820 || Loss: 0.0562||Batch time: 0.0463 sec. ||LR: 0.00003000
Epoch:6 || epochiter: 30/1562|| Totel iter 7840 || Loss: 0.0260||Batch time: 0.0459 sec. ||LR: 0.00003000
Epoch:6 || epochiter: 50/1562|| Totel iter 7860 || Loss: 0.0464||Batch time: 0.0450 sec. ||LR: 0.00003000
Epoch:6 || epochiter: 70/1562|| Totel iter 7880 || Loss: 0.0733||Batch time: 0.0448 sec. ||LR: 0.00003000
Epoch:6 || epochiter: 90/1562|| Totel iter 7900 || Loss: 0.0465||Batch time: 0.0470 sec. ||LR: 0.00003000
Epoch:6 || epochiter: 110/1562|| Totel iter 7920 || Loss: 0.0875||Batch time: 0.0458 sec. ||LR: 0.00003000
Epoch:6 || epochiter: 130/1562|| Totel iter 7940 || Loss: 0.0224||Batch time: 0.0444 sec. ||LR: 0.00003000
Epoch:6 || epochiter: 150/1562|| Totel iter 7960 || Loss: 0.0636||Batch time: 0.0446 sec. ||LR: 0.00003000
Epoch:6 || epochiter: 170/1562|| Totel iter 7980 || Loss: 0.0874||Batch time: 0.0612 sec. ||LR: 0.00003000
Epoch:6 || epochiter: 190/1562|| Totel iter 8000 || Loss: 0.0352||Batch time: 0.0248 sec. ||LR: 0.00003000
Epoch:6 || epochiter: 210/1562|| Totel iter 8020 || Loss: 0.0483||Batch time: 0.0481 sec. ||LR: 0.00003000
Epoch:6 || epochiter: 230/1562|| Totel iter 8040 || Loss: 0.0468||Batch time: 0.0513 sec. ||LR: 0.00003000
Epoch:6 || epochiter: 250/1562|| Totel iter 8060 || Loss: 0.0702||Batch time: 0.0494 sec. ||LR: 0.00003000
Epoch:6 || epochiter: 270/1562|| Totel iter 8080 || Loss: 0.0103||Batch time: 0.0502 sec. ||LR: 0.00003000
Epoch:6 || epochiter: 290/1562|| Totel iter 8100 || Loss: 0.0490||Batch time: 0.0490 sec. ||LR: 0.00003000
Epoch:6 || epochiter: 310/1562|| Totel iter 8120 || Loss: 0.0433||Batch time: 0.0435 sec. ||LR: 0.00003000
Epoch:6 || epochiter: 330/1562|| Totel iter 8140 || Loss: 0.0592||Batch time: 0.0545 sec. ||LR: 0.00003000
Epoch:6 || epochiter: 350/1562|| Totel iter 8160 || Loss: 0.0478||Batch time: 0.0536 sec. ||LR: 0.00003000
Epoch:6 || epochiter: 370/1562|| Totel iter 8180 || Loss: 0.0504||Batch time: 0.0440 sec. ||LR: 0.00003000
Epoch:6 || epochiter: 390/1562|| Totel iter 8200 || Loss: 0.0339||Batch time: 0.0430 sec. ||LR: 0.00003000
Epoch:6 || epochiter: 410/1562|| Totel iter 8220 || Loss: 0.0376||Batch time: 0.0432 sec. ||LR: 0.00003000
Epoch:6 || epochiter: 430/1562|| Totel iter 8240 || Loss: 0.0428||Batch time: 0.0468 sec. ||LR: 0.00003000
Epoch:6 || epochiter: 450/1562|| Totel iter 8260 || Loss: 0.0666||Batch time: 0.0487 sec. ||LR: 0.00003000
Epoch:6 || epochiter: 470/1562|| Totel iter 8280 || Loss: 0.0495||Batch time: 0.0465 sec. ||LR: 0.00003000
Epoch:6 || epochiter: 490/1562|| Totel iter 8300 || Loss: 0.0312||Batch time: 0.0514 sec. ||LR: 0.00003000
Epoch:6 || epochiter: 510/1562|| Totel iter 8320 || Loss: 0.0217||Batch time: 0.0492 sec. ||LR: 0.00003000
Epoch:6 || epochiter: 530/1562|| Totel iter 8340 || Loss: 0.0505||Batch time: 0.0554 sec. ||LR: 0.00003000
Epoch:6 || epochiter: 550/1562|| Totel iter 8360 || Loss: 0.1105||Batch time: 0.0619 sec. ||LR: 0.00003000
Epoch:6 || epochiter: 570/1562|| Totel iter 8380 || Loss: 0.0270||Batch time: 0.0464 sec. ||LR: 0.00003000
Epoch:6 || epochiter: 590/1562|| Totel iter 8400 || Loss: 0.0264||Batch time: 0.0582 sec. ||LR: 0.00003000
Epoch:6 || epochiter: 610/1562|| Totel iter 8420 || Loss: 0.0985||Batch time: 0.0643 sec. ||LR: 0.00003000
Epoch:6 || epochiter: 630/1562|| Totel iter 8440 || Loss: 0.0252||Batch time: 0.0646 sec. ||LR: 0.00003000
Epoch:6 || epochiter: 650/1562|| Totel iter 8460 || Loss: 0.0297||Batch time: 0.0511 sec. ||LR: 0.00003000
Epoch:6 || epochiter: 670/1562|| Totel iter 8480 || Loss: 0.0686||Batch time: 0.0468 sec. ||LR: 0.00003000
Epoch:6 || epochiter: 690/1562|| Totel iter 8500 || Loss: 0.0456||Batch time: 0.0431 sec. ||LR: 0.00003000
Epoch:6 || epochiter: 710/1562|| Totel iter 8520 || Loss: 0.0408||Batch time: 0.0442 sec. ||LR: 0.00003000
Epoch:6 || epochiter: 730/1562|| Totel iter 8540 || Loss: 0.0552||Batch time: 0.0502 sec. ||LR: 0.00003000
Epoch:6 || epochiter: 750/1562|| Totel iter 8560 || Loss: 0.0685||Batch time: 0.0458 sec. ||LR: 0.00003000
Epoch:6 || epochiter: 770/1562|| Totel iter 8580 || Loss: 0.0347||Batch time: 0.0466 sec. ||LR: 0.00003000
Epoch:6 || epochiter: 790/1562|| Totel iter 8600 || Loss: 0.0382||Batch time: 0.0452 sec. ||LR: 0.00003000
Epoch:6 || epochiter: 810/1562|| Totel iter 8620 || Loss: 0.0250||Batch time: 0.0455 sec. ||LR: 0.00003000
Epoch:6 || epochiter: 830/1562|| Totel iter 8640 || Loss: 0.0352||Batch time: 0.0437 sec. ||LR: 0.00003000
Epoch:6 || epochiter: 850/1562|| Totel iter 8660 || Loss: 0.0387||Batch time: 0.0439 sec. ||LR: 0.00003000
Epoch:6 || epochiter: 870/1562|| Totel iter 8680 || Loss: 0.0555||Batch time: 0.0445 sec. ||LR: 0.00003000
Epoch:6 || epochiter: 890/1562|| Totel iter 8700 || Loss: 0.0305||Batch time: 0.0460 sec. ||LR: 0.00003000
Epoch:6 || epochiter: 910/1562|| Totel iter 8720 || Loss: 0.0449||Batch time: 0.0464 sec. ||LR: 0.00003000
Epoch:6 || epochiter: 930/1562|| Totel iter 8740 || Loss: 0.0218||Batch time: 0.0469 sec. ||LR: 0.00003000
Epoch:6 || epochiter: 950/1562|| Totel iter 8760 || Loss: 0.0320||Batch time: 0.0428 sec. ||LR: 0.00003000
Epoch:6 || epochiter: 970/1562|| Totel iter 8780 || Loss: 0.0568||Batch time: 0.0467 sec. ||LR: 0.00003000
Epoch:6 || epochiter: 990/1562|| Totel iter 8800 || Loss: 0.0619||Batch time: 0.0442 sec. ||LR: 0.00003000
Epoch:6 || epochiter: 1010/1562|| Totel iter 8820 || Loss: 0.0187||Batch time: 0.0507 sec. ||LR: 0.00003000
Epoch:6 || epochiter: 1030/1562|| Totel iter 8840 || Loss: 0.0327||Batch time: 0.0464 sec. ||LR: 0.00003000
Epoch:6 || epochiter: 1050/1562|| Totel iter 8860 || Loss: 0.0596||Batch time: 0.0461 sec. ||LR: 0.00003000
Epoch:6 || epochiter: 1070/1562|| Totel iter 8880 || Loss: 0.0364||Batch time: 0.0449 sec. ||LR: 0.00003000
Epoch:6 || epochiter: 1090/1562|| Totel iter 8900 || Loss: 0.0124||Batch time: 0.0457 sec. ||LR: 0.00003000
Epoch:6 || epochiter: 1110/1562|| Totel iter 8920 || Loss: 0.0117||Batch time: 0.0461 sec. ||LR: 0.00003000
Epoch:6 || epochiter: 1130/1562|| Totel iter 8940 || Loss: 0.0582||Batch time: 0.0439 sec. ||LR: 0.00003000
Epoch:6 || epochiter: 1150/1562|| Totel iter 8960 || Loss: 0.0300||Batch time: 0.0484 sec. ||LR: 0.00003000
Epoch:6 || epochiter: 1170/1562|| Totel iter 8980 || Loss: 0.0951||Batch time: 0.0440 sec. ||LR: 0.00003000
Epoch:6 || epochiter: 1190/1562|| Totel iter 9000 || Loss: 0.0305||Batch time: 0.0450 sec. ||LR: 0.00003000
Epoch:6 || epochiter: 1210/1562|| Totel iter 9020 || Loss: 0.0137||Batch time: 0.0476 sec. ||LR: 0.00003000
Epoch:6 || epochiter: 1230/1562|| Totel iter 9040 || Loss: 0.0842||Batch time: 0.0450 sec. ||LR: 0.00003000
Epoch:6 || epochiter: 1250/1562|| Totel iter 9060 || Loss: 0.0251||Batch time: 0.0447 sec. ||LR: 0.00003000
Epoch:6 || epochiter: 1270/1562|| Totel iter 9080 || Loss: 0.0481||Batch time: 0.0457 sec. ||LR: 0.00003000
Epoch:6 || epochiter: 1290/1562|| Totel iter 9100 || Loss: 0.0467||Batch time: 0.0449 sec. ||LR: 0.00003000
Epoch:6 || epochiter: 1310/1562|| Totel iter 9120 || Loss: 0.0674||Batch time: 0.0444 sec. ||LR: 0.00003000
Epoch:6 || epochiter: 1330/1562|| Totel iter 9140 || Loss: 0.0449||Batch time: 0.0466 sec. ||LR: 0.00003000
Epoch:6 || epochiter: 1350/1562|| Totel iter 9160 || Loss: 0.0479||Batch time: 0.0505 sec. ||LR: 0.00003000
Epoch:6 || epochiter: 1370/1562|| Totel iter 9180 || Loss: 0.0391||Batch time: 0.0466 sec. ||LR: 0.00003000
Epoch:6 || epochiter: 1390/1562|| Totel iter 9200 || Loss: 0.0068||Batch time: 0.0462 sec. ||LR: 0.00003000
Epoch:6 || epochiter: 1410/1562|| Totel iter 9220 || Loss: 0.0424||Batch time: 0.0449 sec. ||LR: 0.00003000
Epoch:6 || epochiter: 1430/1562|| Totel iter 9240 || Loss: 0.0604||Batch time: 0.0441 sec. ||LR: 0.00003000
Epoch:6 || epochiter: 1450/1562|| Totel iter 9260 || Loss: 0.0937||Batch time: 0.0600 sec. ||LR: 0.00003000
Epoch:6 || epochiter: 1470/1562|| Totel iter 9280 || Loss: 0.0739||Batch time: 0.0461 sec. ||LR: 0.00003000
Epoch:6 || epochiter: 1490/1562|| Totel iter 9300 || Loss: 0.0466||Batch time: 0.0461 sec. ||LR: 0.00003000
Epoch:6 || epochiter: 1510/1562|| Totel iter 9320 || Loss: 0.0433||Batch time: 0.0511 sec. ||LR: 0.00003000
Epoch:6 || epochiter: 1530/1562|| Totel iter 9340 || Loss: 0.0445||Batch time: 0.0439 sec. ||LR: 0.00003000
Epoch:6 || epochiter: 1550/1562|| Totel iter 9360 || Loss: 0.0512||Batch time: 0.0535 sec. ||LR: 0.00003000
[Epoch Summary] Epoch 6 AvgLoss 0.0475
Epoch:7 || epochiter: 8/1562|| Totel iter 9380 || Loss: 0.0282||Batch time: 0.0449 sec. ||LR: 0.00003000
Epoch:7 || epochiter: 28/1562|| Totel iter 9400 || Loss: 0.0387||Batch time: 0.0462 sec. ||LR: 0.00003000
Epoch:7 || epochiter: 48/1562|| Totel iter 9420 || Loss: 0.0471||Batch time: 0.0484 sec. ||LR: 0.00003000
Epoch:7 || epochiter: 68/1562|| Totel iter 9440 || Loss: 0.0447||Batch time: 0.0740 sec. ||LR: 0.00003000
Epoch:7 || epochiter: 88/1562|| Totel iter 9460 || Loss: 0.0903||Batch time: 0.0823 sec. ||LR: 0.00003000
Epoch:7 || epochiter: 108/1562|| Totel iter 9480 || Loss: 0.0186||Batch time: 0.0585 sec. ||LR: 0.00003000
Epoch:7 || epochiter: 128/1562|| Totel iter 9500 || Loss: 0.0686||Batch time: 0.0657 sec. ||LR: 0.00003000
Epoch:7 || epochiter: 148/1562|| Totel iter 9520 || Loss: 0.0502||Batch time: 0.0495 sec. ||LR: 0.00003000
Epoch:7 || epochiter: 168/1562|| Totel iter 9540 || Loss: 0.0208||Batch time: 0.0562 sec. ||LR: 0.00003000
Epoch:7 || epochiter: 188/1562|| Totel iter 9560 || Loss: 0.0725||Batch time: 0.0697 sec. ||LR: 0.00003000
Epoch:7 || epochiter: 208/1562|| Totel iter 9580 || Loss: 0.0199||Batch time: 0.0442 sec. ||LR: 0.00003000
Epoch:7 || epochiter: 228/1562|| Totel iter 9600 || Loss: 0.0546||Batch time: 0.0548 sec. ||LR: 0.00003000
Epoch:7 || epochiter: 248/1562|| Totel iter 9620 || Loss: 0.0630||Batch time: 0.0542 sec. ||LR: 0.00003000
Epoch:7 || epochiter: 268/1562|| Totel iter 9640 || Loss: 0.0166||Batch time: 0.0444 sec. ||LR: 0.00003000
Epoch:7 || epochiter: 288/1562|| Totel iter 9660 || Loss: 0.0306||Batch time: 0.0441 sec. ||LR: 0.00003000
Epoch:7 || epochiter: 308/1562|| Totel iter 9680 || Loss: 0.0639||Batch time: 0.0447 sec. ||LR: 0.00003000
Epoch:7 || epochiter: 328/1562|| Totel iter 9700 || Loss: 0.0383||Batch time: 0.0583 sec. ||LR: 0.00003000
Epoch:7 || epochiter: 348/1562|| Totel iter 9720 || Loss: 0.0619||Batch time: 0.0614 sec. ||LR: 0.00003000
Epoch:7 || epochiter: 368/1562|| Totel iter 9740 || Loss: 0.0388||Batch time: 0.0655 sec. ||LR: 0.00003000
Epoch:7 || epochiter: 388/1562|| Totel iter 9760 || Loss: 0.0339||Batch time: 0.0618 sec. ||LR: 0.00003000
Epoch:7 || epochiter: 408/1562|| Totel iter 9780 || Loss: 0.0254||Batch time: 0.0577 sec. ||LR: 0.00003000
Epoch:7 || epochiter: 428/1562|| Totel iter 9800 || Loss: 0.0535||Batch time: 0.0644 sec. ||LR: 0.00003000
Epoch:7 || epochiter: 448/1562|| Totel iter 9820 || Loss: 0.0341||Batch time: 0.0467 sec. ||LR: 0.00003000
Epoch:7 || epochiter: 468/1562|| Totel iter 9840 || Loss: 0.0234||Batch time: 0.0463 sec. ||LR: 0.00003000
Epoch:7 || epochiter: 488/1562|| Totel iter 9860 || Loss: 0.0292||Batch time: 0.0438 sec. ||LR: 0.00003000
Epoch:7 || epochiter: 508/1562|| Totel iter 9880 || Loss: 0.0416||Batch time: 0.0483 sec. ||LR: 0.00003000
Epoch:7 || epochiter: 528/1562|| Totel iter 9900 || Loss: 0.0307||Batch time: 0.0436 sec. ||LR: 0.00003000
Epoch:7 || epochiter: 548/1562|| Totel iter 9920 || Loss: 0.0262||Batch time: 0.0459 sec. ||LR: 0.00003000
Epoch:7 || epochiter: 568/1562|| Totel iter 9940 || Loss: 0.0650||Batch time: 0.0456 sec. ||LR: 0.00003000
Epoch:7 || epochiter: 588/1562|| Totel iter 9960 || Loss: 0.0411||Batch time: 0.0461 sec. ||LR: 0.00003000
Epoch:7 || epochiter: 608/1562|| Totel iter 9980 || Loss: 0.0132||Batch time: 0.0444 sec. ||LR: 0.00003000
Epoch:7 || epochiter: 628/1562|| Totel iter 10000 || Loss: 0.0632||Batch time: 0.0209 sec. ||LR: 0.00003000
Epoch:7 || epochiter: 648/1562|| Totel iter 10020 || Loss: 0.0161||Batch time: 0.0486 sec. ||LR: 0.00003000
Epoch:7 || epochiter: 668/1562|| Totel iter 10040 || Loss: 0.1045||Batch time: 0.0448 sec. ||LR: 0.00003000
Epoch:7 || epochiter: 688/1562|| Totel iter 10060 || Loss: 0.0436||Batch time: 0.0539 sec. ||LR: 0.00003000
Epoch:7 || epochiter: 708/1562|| Totel iter 10080 || Loss: 0.0275||Batch time: 0.0410 sec. ||LR: 0.00003000
Epoch:7 || epochiter: 728/1562|| Totel iter 10100 || Loss: 0.0429||Batch time: 0.0512 sec. ||LR: 0.00003000
Epoch:7 || epochiter: 748/1562|| Totel iter 10120 || Loss: 0.0252||Batch time: 0.0433 sec. ||LR: 0.00003000
Epoch:7 || epochiter: 768/1562|| Totel iter 10140 || Loss: 0.0464||Batch time: 0.0459 sec. ||LR: 0.00003000
Epoch:7 || epochiter: 788/1562|| Totel iter 10160 || Loss: 0.0303||Batch time: 0.0571 sec. ||LR: 0.00003000
Epoch:7 || epochiter: 808/1562|| Totel iter 10180 || Loss: 0.1085||Batch time: 0.0488 sec. ||LR: 0.00003000
Epoch:7 || epochiter: 828/1562|| Totel iter 10200 || Loss: 0.0643||Batch time: 0.0437 sec. ||LR: 0.00003000
Epoch:7 || epochiter: 848/1562|| Totel iter 10220 || Loss: 0.0598||Batch time: 0.0497 sec. ||LR: 0.00003000
Epoch:7 || epochiter: 868/1562|| Totel iter 10240 || Loss: 0.0504||Batch time: 0.0413 sec. ||LR: 0.00003000
Epoch:7 || epochiter: 888/1562|| Totel iter 10260 || Loss: 0.0835||Batch time: 0.0412 sec. ||LR: 0.00003000
Epoch:7 || epochiter: 908/1562|| Totel iter 10280 || Loss: 0.0327||Batch time: 0.0439 sec. ||LR: 0.00003000
Epoch:7 || epochiter: 928/1562|| Totel iter 10300 || Loss: 0.0707||Batch time: 0.0444 sec. ||LR: 0.00003000
Epoch:7 || epochiter: 948/1562|| Totel iter 10320 || Loss: 0.0657||Batch time: 0.0502 sec. ||LR: 0.00003000
Epoch:7 || epochiter: 968/1562|| Totel iter 10340 || Loss: 0.0333||Batch time: 0.0436 sec. ||LR: 0.00003000
Epoch:7 || epochiter: 988/1562|| Totel iter 10360 || Loss: 0.0701||Batch time: 0.0451 sec. ||LR: 0.00003000
Epoch:7 || epochiter: 1008/1562|| Totel iter 10380 || Loss: 0.0593||Batch time: 0.0440 sec. ||LR: 0.00003000
Epoch:7 || epochiter: 1028/1562|| Totel iter 10400 || Loss: 0.0588||Batch time: 0.0438 sec. ||LR: 0.00003000
Epoch:7 || epochiter: 1048/1562|| Totel iter 10420 || Loss: 0.0823||Batch time: 0.0465 sec. ||LR: 0.00003000
Epoch:7 || epochiter: 1068/1562|| Totel iter 10440 || Loss: 0.0528||Batch time: 0.0437 sec. ||LR: 0.00003000
Epoch:7 || epochiter: 1088/1562|| Totel iter 10460 || Loss: 0.0445||Batch time: 0.0522 sec. ||LR: 0.00003000
Epoch:7 || epochiter: 1108/1562|| Totel iter 10480 || Loss: 0.0800||Batch time: 0.0476 sec. ||LR: 0.00003000
Epoch:7 || epochiter: 1128/1562|| Totel iter 10500 || Loss: 0.0159||Batch time: 0.0472 sec. ||LR: 0.00003000
Epoch:7 || epochiter: 1148/1562|| Totel iter 10520 || Loss: 0.1015||Batch time: 0.0462 sec. ||LR: 0.00003000
Epoch:7 || epochiter: 1168/1562|| Totel iter 10540 || Loss: 0.0367||Batch time: 0.0444 sec. ||LR: 0.00003000
Epoch:7 || epochiter: 1188/1562|| Totel iter 10560 || Loss: 0.0958||Batch time: 0.0448 sec. ||LR: 0.00003000
Epoch:7 || epochiter: 1208/1562|| Totel iter 10580 || Loss: 0.0401||Batch time: 0.0444 sec. ||LR: 0.00003000
Epoch:7 || epochiter: 1228/1562|| Totel iter 10600 || Loss: 0.0296||Batch time: 0.0461 sec. ||LR: 0.00003000
Epoch:7 || epochiter: 1248/1562|| Totel iter 10620 || Loss: 0.0195||Batch time: 0.0566 sec. ||LR: 0.00003000
Epoch:7 || epochiter: 1268/1562|| Totel iter 10640 || Loss: 0.0488||Batch time: 0.0453 sec. ||LR: 0.00003000
Epoch:7 || epochiter: 1288/1562|| Totel iter 10660 || Loss: 0.0762||Batch time: 0.0458 sec. ||LR: 0.00003000
Epoch:7 || epochiter: 1308/1562|| Totel iter 10680 || Loss: 0.0686||Batch time: 0.0456 sec. ||LR: 0.00003000
Epoch:7 || epochiter: 1328/1562|| Totel iter 10700 || Loss: 0.0266||Batch time: 0.0422 sec. ||LR: 0.00003000
Epoch:7 || epochiter: 1348/1562|| Totel iter 10720 || Loss: 0.0494||Batch time: 0.0449 sec. ||LR: 0.00003000
Epoch:7 || epochiter: 1368/1562|| Totel iter 10740 || Loss: 0.0502||Batch time: 0.0450 sec. ||LR: 0.00003000
Epoch:7 || epochiter: 1388/1562|| Totel iter 10760 || Loss: 0.0639||Batch time: 0.0437 sec. ||LR: 0.00003000
Epoch:7 || epochiter: 1408/1562|| Totel iter 10780 || Loss: 0.0459||Batch time: 0.0444 sec. ||LR: 0.00003000
Epoch:7 || epochiter: 1428/1562|| Totel iter 10800 || Loss: 0.0084||Batch time: 0.0460 sec. ||LR: 0.00003000
Epoch:7 || epochiter: 1448/1562|| Totel iter 10820 || Loss: 0.0489||Batch time: 0.0459 sec. ||LR: 0.00003000
Epoch:7 || epochiter: 1468/1562|| Totel iter 10840 || Loss: 0.0310||Batch time: 0.0458 sec. ||LR: 0.00003000
Epoch:7 || epochiter: 1488/1562|| Totel iter 10860 || Loss: 0.0289||Batch time: 0.0454 sec. ||LR: 0.00003000
Epoch:7 || epochiter: 1508/1562|| Totel iter 10880 || Loss: 0.0235||Batch time: 0.0461 sec. ||LR: 0.00003000
Epoch:7 || epochiter: 1528/1562|| Totel iter 10900 || Loss: 0.0522||Batch time: 0.0439 sec. ||LR: 0.00003000
Epoch:7 || epochiter: 1548/1562|| Totel iter 10920 || Loss: 0.0083||Batch time: 0.0500 sec. ||LR: 0.00003000
[Epoch Summary] Epoch 7 AvgLoss 0.0468
Epoch:8 || epochiter: 6/1562|| Totel iter 10940 || Loss: 0.0298||Batch time: 0.0495 sec. ||LR: 0.00000300
Epoch:8 || epochiter: 26/1562|| Totel iter 10960 || Loss: 0.0580||Batch time: 0.0424 sec. ||LR: 0.00000300
Epoch:8 || epochiter: 46/1562|| Totel iter 10980 || Loss: 0.0341||Batch time: 0.0465 sec. ||LR: 0.00000300
Epoch:8 || epochiter: 66/1562|| Totel iter 11000 || Loss: 0.0427||Batch time: 0.0507 sec. ||LR: 0.00000300
Epoch:8 || epochiter: 86/1562|| Totel iter 11020 || Loss: 0.0264||Batch time: 0.0436 sec. ||LR: 0.00000300
Epoch:8 || epochiter: 106/1562|| Totel iter 11040 || Loss: 0.0513||Batch time: 0.0450 sec. ||LR: 0.00000300
Epoch:8 || epochiter: 126/1562|| Totel iter 11060 || Loss: 0.0156||Batch time: 0.0443 sec. ||LR: 0.00000300
Epoch:8 || epochiter: 146/1562|| Totel iter 11080 || Loss: 0.0219||Batch time: 0.0467 sec. ||LR: 0.00000300
Epoch:8 || epochiter: 166/1562|| Totel iter 11100 || Loss: 0.0240||Batch time: 0.0468 sec. ||LR: 0.00000300
Epoch:8 || epochiter: 186/1562|| Totel iter 11120 || Loss: 0.0411||Batch time: 0.0494 sec. ||LR: 0.00000300
Epoch:8 || epochiter: 206/1562|| Totel iter 11140 || Loss: 0.0463||Batch time: 0.0533 sec. ||LR: 0.00000300
Epoch:8 || epochiter: 226/1562|| Totel iter 11160 || Loss: 0.0673||Batch time: 0.0571 sec. ||LR: 0.00000300
Epoch:8 || epochiter: 246/1562|| Totel iter 11180 || Loss: 0.0153||Batch time: 0.0447 sec. ||LR: 0.00000300
Epoch:8 || epochiter: 266/1562|| Totel iter 11200 || Loss: 0.0357||Batch time: 0.0456 sec. ||LR: 0.00000300
Epoch:8 || epochiter: 286/1562|| Totel iter 11220 || Loss: 0.0296||Batch time: 0.0470 sec. ||LR: 0.00000300
Epoch:8 || epochiter: 306/1562|| Totel iter 11240 || Loss: 0.0587||Batch time: 0.0509 sec. ||LR: 0.00000300
Epoch:8 || epochiter: 326/1562|| Totel iter 11260 || Loss: 0.0263||Batch time: 0.0448 sec. ||LR: 0.00000300
Epoch:8 || epochiter: 346/1562|| Totel iter 11280 || Loss: 0.0069||Batch time: 0.0471 sec. ||LR: 0.00000300
Epoch:8 || epochiter: 366/1562|| Totel iter 11300 || Loss: 0.0338||Batch time: 0.0510 sec. ||LR: 0.00000300
Epoch:8 || epochiter: 386/1562|| Totel iter 11320 || Loss: 0.0817||Batch time: 0.0484 sec. ||LR: 0.00000300
Epoch:8 || epochiter: 406/1562|| Totel iter 11340 || Loss: 0.0209||Batch time: 0.0444 sec. ||LR: 0.00000300
Epoch:8 || epochiter: 426/1562|| Totel iter 11360 || Loss: 0.0279||Batch time: 0.0480 sec. ||LR: 0.00000300
Epoch:8 || epochiter: 446/1562|| Totel iter 11380 || Loss: 0.0117||Batch time: 0.0473 sec. ||LR: 0.00000300
Epoch:8 || epochiter: 466/1562|| Totel iter 11400 || Loss: 0.0352||Batch time: 0.0577 sec. ||LR: 0.00000300
Epoch:8 || epochiter: 486/1562|| Totel iter 11420 || Loss: 0.0182||Batch time: 0.0511 sec. ||LR: 0.00000300
Epoch:8 || epochiter: 506/1562|| Totel iter 11440 || Loss: 0.0194||Batch time: 0.0480 sec. ||LR: 0.00000300
Epoch:8 || epochiter: 526/1562|| Totel iter 11460 || Loss: 0.0439||Batch time: 0.0497 sec. ||LR: 0.00000300
Epoch:8 || epochiter: 546/1562|| Totel iter 11480 || Loss: 0.0683||Batch time: 0.0430 sec. ||LR: 0.00000300
Epoch:8 || epochiter: 566/1562|| Totel iter 11500 || Loss: 0.0900||Batch time: 0.0460 sec. ||LR: 0.00000300
Epoch:8 || epochiter: 586/1562|| Totel iter 11520 || Loss: 0.0399||Batch time: 0.0442 sec. ||LR: 0.00000300
Epoch:8 || epochiter: 606/1562|| Totel iter 11540 || Loss: 0.0618||Batch time: 0.0728 sec. ||LR: 0.00000300
Epoch:8 || epochiter: 626/1562|| Totel iter 11560 || Loss: 0.0241||Batch time: 0.0688 sec. ||LR: 0.00000300
Epoch:8 || epochiter: 646/1562|| Totel iter 11580 || Loss: 0.0344||Batch time: 0.0596 sec. ||LR: 0.00000300
Epoch:8 || epochiter: 666/1562|| Totel iter 11600 || Loss: 0.0521||Batch time: 0.0559 sec. ||LR: 0.00000300
Epoch:8 || epochiter: 686/1562|| Totel iter 11620 || Loss: 0.0596||Batch time: 0.0455 sec. ||LR: 0.00000300
Epoch:8 || epochiter: 706/1562|| Totel iter 11640 || Loss: 0.0298||Batch time: 0.0566 sec. ||LR: 0.00000300
Epoch:8 || epochiter: 726/1562|| Totel iter 11660 || Loss: 0.0356||Batch time: 0.0451 sec. ||LR: 0.00000300
Epoch:8 || epochiter: 746/1562|| Totel iter 11680 || Loss: 0.1000||Batch time: 0.0461 sec. ||LR: 0.00000300
Epoch:8 || epochiter: 766/1562|| Totel iter 11700 || Loss: 0.1374||Batch time: 0.0561 sec. ||LR: 0.00000300
Epoch:8 || epochiter: 786/1562|| Totel iter 11720 || Loss: 0.0930||Batch time: 0.0435 sec. ||LR: 0.00000300
Epoch:8 || epochiter: 806/1562|| Totel iter 11740 || Loss: 0.0661||Batch time: 0.0467 sec. ||LR: 0.00000300
Epoch:8 || epochiter: 826/1562|| Totel iter 11760 || Loss: 0.0221||Batch time: 0.0499 sec. ||LR: 0.00000300
Epoch:8 || epochiter: 846/1562|| Totel iter 11780 || Loss: 0.0970||Batch time: 0.0500 sec. ||LR: 0.00000300
Epoch:8 || epochiter: 866/1562|| Totel iter 11800 || Loss: 0.0427||Batch time: 0.0775 sec. ||LR: 0.00000300
Epoch:8 || epochiter: 886/1562|| Totel iter 11820 || Loss: 0.0509||Batch time: 0.0848 sec. ||LR: 0.00000300
Epoch:8 || epochiter: 906/1562|| Totel iter 11840 || Loss: 0.0255||Batch time: 0.0586 sec. ||LR: 0.00000300
Epoch:8 || epochiter: 926/1562|| Totel iter 11860 || Loss: 0.0362||Batch time: 0.0711 sec. ||LR: 0.00000300
Epoch:8 || epochiter: 946/1562|| Totel iter 11880 || Loss: 0.0419||Batch time: 0.0699 sec. ||LR: 0.00000300
Epoch:8 || epochiter: 966/1562|| Totel iter 11900 || Loss: 0.0387||Batch time: 0.0700 sec. ||LR: 0.00000300
Epoch:8 || epochiter: 986/1562|| Totel iter 11920 || Loss: 0.0929||Batch time: 0.0825 sec. ||LR: 0.00000300
Epoch:8 || epochiter: 1006/1562|| Totel iter 11940 || Loss: 0.0284||Batch time: 0.0612 sec. ||LR: 0.00000300
Epoch:8 || epochiter: 1026/1562|| Totel iter 11960 || Loss: 0.0400||Batch time: 0.0660 sec. ||LR: 0.00000300
Epoch:8 || epochiter: 1046/1562|| Totel iter 11980 || Loss: 0.0518||Batch time: 0.0773 sec. ||LR: 0.00000300
Epoch:8 || epochiter: 1066/1562|| Totel iter 12000 || Loss: 0.0211||Batch time: 0.0377 sec. ||LR: 0.00000300
Epoch:8 || epochiter: 1086/1562|| Totel iter 12020 || Loss: 0.1173||Batch time: 0.0799 sec. ||LR: 0.00000300
Epoch:8 || epochiter: 1106/1562|| Totel iter 12040 || Loss: 0.0213||Batch time: 0.0855 sec. ||LR: 0.00000300
Epoch:8 || epochiter: 1126/1562|| Totel iter 12060 || Loss: 0.0247||Batch time: 0.0688 sec. ||LR: 0.00000300
Epoch:8 || epochiter: 1146/1562|| Totel iter 12080 || Loss: 0.0462||Batch time: 0.0442 sec. ||LR: 0.00000300
Epoch:8 || epochiter: 1166/1562|| Totel iter 12100 || Loss: 0.0159||Batch time: 0.0771 sec. ||LR: 0.00000300
Epoch:8 || epochiter: 1186/1562|| Totel iter 12120 || Loss: 0.0306||Batch time: 0.0593 sec. ||LR: 0.00000300
Epoch:8 || epochiter: 1206/1562|| Totel iter 12140 || Loss: 0.0563||Batch time: 0.0503 sec. ||LR: 0.00000300
Epoch:8 || epochiter: 1226/1562|| Totel iter 12160 || Loss: 0.0332||Batch time: 0.0588 sec. ||LR: 0.00000300
Epoch:8 || epochiter: 1246/1562|| Totel iter 12180 || Loss: 0.0401||Batch time: 0.0577 sec. ||LR: 0.00000300
Epoch:8 || epochiter: 1266/1562|| Totel iter 12200 || Loss: 0.0244||Batch time: 0.0558 sec. ||LR: 0.00000300
Epoch:8 || epochiter: 1286/1562|| Totel iter 12220 || Loss: 0.1021||Batch time: 0.0438 sec. ||LR: 0.00000300
Epoch:8 || epochiter: 1306/1562|| Totel iter 12240 || Loss: 0.0834||Batch time: 0.0444 sec. ||LR: 0.00000300
Epoch:8 || epochiter: 1326/1562|| Totel iter 12260 || Loss: 0.0444||Batch time: 0.0438 sec. ||LR: 0.00000300
Epoch:8 || epochiter: 1346/1562|| Totel iter 12280 || Loss: 0.0436||Batch time: 0.0444 sec. ||LR: 0.00000300
Epoch:8 || epochiter: 1366/1562|| Totel iter 12300 || Loss: 0.0551||Batch time: 0.0438 sec. ||LR: 0.00000300
Epoch:8 || epochiter: 1386/1562|| Totel iter 12320 || Loss: 0.0657||Batch time: 0.0463 sec. ||LR: 0.00000300
Epoch:8 || epochiter: 1406/1562|| Totel iter 12340 || Loss: 0.0422||Batch time: 0.0429 sec. ||LR: 0.00000300
Epoch:8 || epochiter: 1426/1562|| Totel iter 12360 || Loss: 0.0661||Batch time: 0.0453 sec. ||LR: 0.00000300
Epoch:8 || epochiter: 1446/1562|| Totel iter 12380 || Loss: 0.0794||Batch time: 0.0499 sec. ||LR: 0.00000300
Epoch:8 || epochiter: 1466/1562|| Totel iter 12400 || Loss: 0.0385||Batch time: 0.0451 sec. ||LR: 0.00000300
Epoch:8 || epochiter: 1486/1562|| Totel iter 12420 || Loss: 0.0941||Batch time: 0.0448 sec. ||LR: 0.00000300
Epoch:8 || epochiter: 1506/1562|| Totel iter 12440 || Loss: 0.0491||Batch time: 0.0459 sec. ||LR: 0.00000300
Epoch:8 || epochiter: 1526/1562|| Totel iter 12460 || Loss: 0.0459||Batch time: 0.0437 sec. ||LR: 0.00000300
Epoch:8 || epochiter: 1546/1562|| Totel iter 12480 || Loss: 0.0754||Batch time: 0.0470 sec. ||LR: 0.00000300
[Epoch Summary] Epoch 8 AvgLoss 0.0456
Final test Accuracy:
[Info] Test Accuracy: 0.9440176070428171 [94364:2316:3280:99960]
[Training Done] Best Test Accuracy: 0.944018
