Successful to build network!
[Env] device=cuda:0 model_training=True
【微调模式】成功加载预训练权重！保留了 62 个匹配的层。
[Data] mode=ccpd_board train_samples=100001 test_samples=99996 train_plate_box_aug=jitter_refine prob=0.85 board_anchors=1 province_balance=inv_sqrt first_char_aux=0.40
Epoch:1 || epochiter: 0/1563|| Totel iter 1 || Loss: 7.6680|| Aux: 18.5968||Batch time: 0.8087 sec. ||LR: 0.00010000
Epoch:1 || epochiter: 20/1563|| Totel iter 21 || Loss: 2.2800|| Aux: 4.9567||Batch time: 0.0461 sec. ||LR: 0.00010000
Epoch:1 || epochiter: 40/1563|| Totel iter 41 || Loss: 1.1582|| Aux: 2.3604||Batch time: 0.0445 sec. ||LR: 0.00010000
Epoch:1 || epochiter: 60/1563|| Totel iter 61 || Loss: 1.1966|| Aux: 2.4796||Batch time: 0.0446 sec. ||LR: 0.00010000
Epoch:1 || epochiter: 80/1563|| Totel iter 81 || Loss: 1.3671|| Aux: 2.6861||Batch time: 0.0565 sec. ||LR: 0.00010000
Epoch:1 || epochiter: 100/1563|| Totel iter 101 || Loss: 1.4401|| Aux: 2.9372||Batch time: 0.0521 sec. ||LR: 0.00010000
Epoch:1 || epochiter: 120/1563|| Totel iter 121 || Loss: 1.2893|| Aux: 2.7430||Batch time: 0.0477 sec. ||LR: 0.00010000
Epoch:1 || epochiter: 140/1563|| Totel iter 141 || Loss: 0.9058|| Aux: 1.8393||Batch time: 0.0441 sec. ||LR: 0.00010000
Epoch:1 || epochiter: 160/1563|| Totel iter 161 || Loss: 0.9466|| Aux: 1.9300||Batch time: 0.0500 sec. ||LR: 0.00010000
Epoch:1 || epochiter: 180/1563|| Totel iter 181 || Loss: 1.1761|| Aux: 2.2739||Batch time: 0.0460 sec. ||LR: 0.00010000
Epoch:1 || epochiter: 200/1563|| Totel iter 201 || Loss: 0.8209|| Aux: 1.6569||Batch time: 0.0440 sec. ||LR: 0.00010000
Epoch:1 || epochiter: 220/1563|| Totel iter 221 || Loss: 0.7049|| Aux: 1.5530||Batch time: 0.0442 sec. ||LR: 0.00010000
Epoch:1 || epochiter: 240/1563|| Totel iter 241 || Loss: 1.0770|| Aux: 2.1826||Batch time: 0.0441 sec. ||LR: 0.00010000
Epoch:1 || epochiter: 260/1563|| Totel iter 261 || Loss: 0.8840|| Aux: 1.8006||Batch time: 0.0438 sec. ||LR: 0.00010000
Epoch:1 || epochiter: 280/1563|| Totel iter 281 || Loss: 0.7430|| Aux: 1.4849||Batch time: 0.0437 sec. ||LR: 0.00010000
Epoch:1 || epochiter: 300/1563|| Totel iter 301 || Loss: 0.9817|| Aux: 1.8978||Batch time: 0.0440 sec. ||LR: 0.00010000
Epoch:1 || epochiter: 320/1563|| Totel iter 321 || Loss: 0.6557|| Aux: 1.3139||Batch time: 0.0449 sec. ||LR: 0.00010000
Epoch:1 || epochiter: 340/1563|| Totel iter 341 || Loss: 0.8839|| Aux: 1.8476||Batch time: 0.0427 sec. ||LR: 0.00010000
Epoch:1 || epochiter: 360/1563|| Totel iter 361 || Loss: 0.6417|| Aux: 1.1738||Batch time: 0.0434 sec. ||LR: 0.00010000
Epoch:1 || epochiter: 380/1563|| Totel iter 381 || Loss: 0.8040|| Aux: 1.5935||Batch time: 0.0517 sec. ||LR: 0.00010000
Epoch:1 || epochiter: 400/1563|| Totel iter 401 || Loss: 0.5785|| Aux: 1.2126||Batch time: 0.0474 sec. ||LR: 0.00010000
Epoch:1 || epochiter: 420/1563|| Totel iter 421 || Loss: 0.4226|| Aux: 0.7831||Batch time: 0.0560 sec. ||LR: 0.00010000
Epoch:1 || epochiter: 440/1563|| Totel iter 441 || Loss: 0.5863|| Aux: 1.1279||Batch time: 0.0509 sec. ||LR: 0.00010000
Epoch:1 || epochiter: 460/1563|| Totel iter 461 || Loss: 0.7464|| Aux: 1.3742||Batch time: 0.0479 sec. ||LR: 0.00010000
Epoch:1 || epochiter: 480/1563|| Totel iter 481 || Loss: 0.5076|| Aux: 1.0801||Batch time: 0.0476 sec. ||LR: 0.00010000
Epoch:1 || epochiter: 500/1563|| Totel iter 501 || Loss: 0.7832|| Aux: 1.6153||Batch time: 0.0449 sec. ||LR: 0.00010000
Epoch:1 || epochiter: 520/1563|| Totel iter 521 || Loss: 0.6548|| Aux: 1.2171||Batch time: 0.0552 sec. ||LR: 0.00010000
Epoch:1 || epochiter: 540/1563|| Totel iter 541 || Loss: 0.5358|| Aux: 1.1105||Batch time: 0.0465 sec. ||LR: 0.00010000
Epoch:1 || epochiter: 560/1563|| Totel iter 561 || Loss: 0.4503|| Aux: 0.7514||Batch time: 0.0513 sec. ||LR: 0.00010000
Epoch:1 || epochiter: 580/1563|| Totel iter 581 || Loss: 0.5805|| Aux: 0.9898||Batch time: 0.0467 sec. ||LR: 0.00010000
Epoch:1 || epochiter: 600/1563|| Totel iter 601 || Loss: 0.4548|| Aux: 0.9058||Batch time: 0.0467 sec. ||LR: 0.00010000
Epoch:1 || epochiter: 620/1563|| Totel iter 621 || Loss: 0.4674|| Aux: 0.8334||Batch time: 0.0468 sec. ||LR: 0.00010000
Epoch:1 || epochiter: 640/1563|| Totel iter 641 || Loss: 0.6493|| Aux: 1.2213||Batch time: 0.0540 sec. ||LR: 0.00010000
Epoch:1 || epochiter: 660/1563|| Totel iter 661 || Loss: 0.6780|| Aux: 1.3070||Batch time: 0.0478 sec. ||LR: 0.00010000
Epoch:1 || epochiter: 680/1563|| Totel iter 681 || Loss: 0.5012|| Aux: 0.9218||Batch time: 0.0465 sec. ||LR: 0.00010000
Epoch:1 || epochiter: 700/1563|| Totel iter 701 || Loss: 0.5165|| Aux: 0.9975||Batch time: 0.0533 sec. ||LR: 0.00010000
Epoch:1 || epochiter: 720/1563|| Totel iter 721 || Loss: 0.4638|| Aux: 0.8265||Batch time: 0.0480 sec. ||LR: 0.00010000
Epoch:1 || epochiter: 740/1563|| Totel iter 741 || Loss: 0.6320|| Aux: 1.2860||Batch time: 0.0439 sec. ||LR: 0.00010000
Epoch:1 || epochiter: 760/1563|| Totel iter 761 || Loss: 0.5232|| Aux: 0.8927||Batch time: 0.0469 sec. ||LR: 0.00010000
Epoch:1 || epochiter: 780/1563|| Totel iter 781 || Loss: 0.5525|| Aux: 1.0700||Batch time: 0.0462 sec. ||LR: 0.00010000
Epoch:1 || epochiter: 800/1563|| Totel iter 801 || Loss: 0.3788|| Aux: 0.6147||Batch time: 0.0474 sec. ||LR: 0.00010000
Epoch:1 || epochiter: 820/1563|| Totel iter 821 || Loss: 0.4978|| Aux: 0.7936||Batch time: 0.0454 sec. ||LR: 0.00010000
Epoch:1 || epochiter: 840/1563|| Totel iter 841 || Loss: 0.5366|| Aux: 1.0024||Batch time: 0.0494 sec. ||LR: 0.00010000
Epoch:1 || epochiter: 860/1563|| Totel iter 861 || Loss: 0.4113|| Aux: 0.8030||Batch time: 0.0471 sec. ||LR: 0.00010000
Epoch:1 || epochiter: 880/1563|| Totel iter 881 || Loss: 0.4978|| Aux: 0.8091||Batch time: 0.0463 sec. ||LR: 0.00010000
Epoch:1 || epochiter: 900/1563|| Totel iter 901 || Loss: 0.3723|| Aux: 0.6858||Batch time: 0.0466 sec. ||LR: 0.00010000
Epoch:1 || epochiter: 920/1563|| Totel iter 921 || Loss: 0.4573|| Aux: 0.8326||Batch time: 0.0475 sec. ||LR: 0.00010000
Epoch:1 || epochiter: 940/1563|| Totel iter 941 || Loss: 0.4664|| Aux: 0.8548||Batch time: 0.0504 sec. ||LR: 0.00010000
Epoch:1 || epochiter: 960/1563|| Totel iter 961 || Loss: 0.5617|| Aux: 0.9284||Batch time: 0.0452 sec. ||LR: 0.00010000
Epoch:1 || epochiter: 980/1563|| Totel iter 981 || Loss: 0.6039|| Aux: 1.1565||Batch time: 0.0526 sec. ||LR: 0.00010000
Epoch:1 || epochiter: 1000/1563|| Totel iter 1001 || Loss: 0.3559|| Aux: 0.5404||Batch time: 0.0545 sec. ||LR: 0.00010000
Epoch:1 || epochiter: 1020/1563|| Totel iter 1021 || Loss: 0.3507|| Aux: 0.6083||Batch time: 0.0521 sec. ||LR: 0.00010000
Epoch:1 || epochiter: 1040/1563|| Totel iter 1041 || Loss: 0.2714|| Aux: 0.3906||Batch time: 0.0476 sec. ||LR: 0.00010000
Epoch:1 || epochiter: 1060/1563|| Totel iter 1061 || Loss: 0.5744|| Aux: 1.0316||Batch time: 0.0499 sec. ||LR: 0.00010000
Epoch:1 || epochiter: 1080/1563|| Totel iter 1081 || Loss: 0.4506|| Aux: 0.7933||Batch time: 0.0508 sec. ||LR: 0.00010000
Epoch:1 || epochiter: 1100/1563|| Totel iter 1101 || Loss: 0.3764|| Aux: 0.6517||Batch time: 0.0488 sec. ||LR: 0.00010000
Epoch:1 || epochiter: 1120/1563|| Totel iter 1121 || Loss: 0.2093|| Aux: 0.3446||Batch time: 0.0488 sec. ||LR: 0.00010000
Epoch:1 || epochiter: 1140/1563|| Totel iter 1141 || Loss: 0.3000|| Aux: 0.4605||Batch time: 0.0489 sec. ||LR: 0.00010000
Epoch:1 || epochiter: 1160/1563|| Totel iter 1161 || Loss: 0.2693|| Aux: 0.4064||Batch time: 0.0460 sec. ||LR: 0.00010000
Epoch:1 || epochiter: 1180/1563|| Totel iter 1181 || Loss: 0.3153|| Aux: 0.5089||Batch time: 0.0527 sec. ||LR: 0.00010000
Epoch:1 || epochiter: 1200/1563|| Totel iter 1201 || Loss: 0.2964|| Aux: 0.4946||Batch time: 0.0516 sec. ||LR: 0.00010000
Epoch:1 || epochiter: 1220/1563|| Totel iter 1221 || Loss: 0.3251|| Aux: 0.4770||Batch time: 0.0502 sec. ||LR: 0.00010000
Epoch:1 || epochiter: 1240/1563|| Totel iter 1241 || Loss: 0.3720|| Aux: 0.7099||Batch time: 0.0508 sec. ||LR: 0.00010000
Epoch:1 || epochiter: 1260/1563|| Totel iter 1261 || Loss: 0.2581|| Aux: 0.4202||Batch time: 0.0497 sec. ||LR: 0.00010000
Epoch:1 || epochiter: 1280/1563|| Totel iter 1281 || Loss: 0.3876|| Aux: 0.6810||Batch time: 0.0551 sec. ||LR: 0.00010000
Epoch:1 || epochiter: 1300/1563|| Totel iter 1301 || Loss: 0.4601|| Aux: 0.6136||Batch time: 0.0498 sec. ||LR: 0.00010000
Epoch:1 || epochiter: 1320/1563|| Totel iter 1321 || Loss: 0.2834|| Aux: 0.5218||Batch time: 0.0513 sec. ||LR: 0.00010000
Epoch:1 || epochiter: 1340/1563|| Totel iter 1341 || Loss: 0.8642|| Aux: 1.4857||Batch time: 0.0494 sec. ||LR: 0.00010000
Epoch:1 || epochiter: 1360/1563|| Totel iter 1361 || Loss: 0.2716|| Aux: 0.3899||Batch time: 0.0505 sec. ||LR: 0.00010000
Epoch:1 || epochiter: 1380/1563|| Totel iter 1381 || Loss: 0.3203|| Aux: 0.6198||Batch time: 0.0513 sec. ||LR: 0.00010000
Epoch:1 || epochiter: 1400/1563|| Totel iter 1401 || Loss: 0.1302|| Aux: 0.1947||Batch time: 0.0518 sec. ||LR: 0.00010000
Epoch:1 || epochiter: 1420/1563|| Totel iter 1421 || Loss: 0.3565|| Aux: 0.7033||Batch time: 0.0498 sec. ||LR: 0.00010000
Epoch:1 || epochiter: 1440/1563|| Totel iter 1441 || Loss: 0.2851|| Aux: 0.4517||Batch time: 0.0526 sec. ||LR: 0.00010000
Epoch:1 || epochiter: 1460/1563|| Totel iter 1461 || Loss: 0.2614|| Aux: 0.3744||Batch time: 0.0507 sec. ||LR: 0.00010000
Epoch:1 || epochiter: 1480/1563|| Totel iter 1481 || Loss: 0.4292|| Aux: 0.8130||Batch time: 0.0548 sec. ||LR: 0.00010000
Epoch:1 || epochiter: 1500/1563|| Totel iter 1501 || Loss: 0.2486|| Aux: 0.4253||Batch time: 0.0530 sec. ||LR: 0.00010000
Epoch:1 || epochiter: 1520/1563|| Totel iter 1521 || Loss: 0.1152|| Aux: 0.1291||Batch time: 0.0537 sec. ||LR: 0.00010000
Epoch:1 || epochiter: 1540/1563|| Totel iter 1541 || Loss: 0.3135|| Aux: 0.5129||Batch time: 0.0501 sec. ||LR: 0.00010000
Epoch:1 || epochiter: 1560/1563|| Totel iter 1561 || Loss: 0.3531|| Aux: 0.5908||Batch time: 0.0468 sec. ||LR: 0.00010000
[Epoch Summary] Epoch 1 AvgLoss 0.6214 AvgAux 1.1937
[BoardAnchor] Epoch 1 exact 1.0000 first_char 1.0000 blank_mean 0.5000
[BoardAnchor][1] gt=京N8P8F8 pred=京N8P8F8 blank=0.5000 top5=[('京', 0.9924778342247009), ('豫', 0.006782473996281624), ('赣', 0.00018356794316787273), ('冀', 0.00017025510896928608), ('闽', 0.00016213662456721067)]
[BoardAnchor] New best checkpoint selected at epoch 1
Epoch:2 || epochiter: 0/1563|| Totel iter 1564 || Loss: 0.2942|| Aux: 0.5193||Batch time: 0.0360 sec. ||LR: 0.00010000
Epoch:2 || epochiter: 20/1563|| Totel iter 1584 || Loss: 0.2793|| Aux: 0.3357||Batch time: 0.0491 sec. ||LR: 0.00010000
Epoch:2 || epochiter: 40/1563|| Totel iter 1604 || Loss: 0.1999|| Aux: 0.3017||Batch time: 0.0513 sec. ||LR: 0.00010000
Epoch:2 || epochiter: 60/1563|| Totel iter 1624 || Loss: 0.2046|| Aux: 0.2874||Batch time: 0.0513 sec. ||LR: 0.00010000
Epoch:2 || epochiter: 80/1563|| Totel iter 1644 || Loss: 0.1800|| Aux: 0.2786||Batch time: 0.0495 sec. ||LR: 0.00010000
Epoch:2 || epochiter: 100/1563|| Totel iter 1664 || Loss: 0.2632|| Aux: 0.4199||Batch time: 0.0532 sec. ||LR: 0.00010000
Epoch:2 || epochiter: 120/1563|| Totel iter 1684 || Loss: 0.3463|| Aux: 0.5111||Batch time: 0.0493 sec. ||LR: 0.00010000
Epoch:2 || epochiter: 140/1563|| Totel iter 1704 || Loss: 0.2744|| Aux: 0.3945||Batch time: 0.0558 sec. ||LR: 0.00010000
Epoch:2 || epochiter: 160/1563|| Totel iter 1724 || Loss: 0.3764|| Aux: 0.5773||Batch time: 0.0545 sec. ||LR: 0.00010000
Epoch:2 || epochiter: 180/1563|| Totel iter 1744 || Loss: 0.3593|| Aux: 0.5218||Batch time: 0.0704 sec. ||LR: 0.00010000
Epoch:2 || epochiter: 200/1563|| Totel iter 1764 || Loss: 0.2866|| Aux: 0.3490||Batch time: 0.0521 sec. ||LR: 0.00010000
Epoch:2 || epochiter: 220/1563|| Totel iter 1784 || Loss: 0.3402|| Aux: 0.4672||Batch time: 0.0446 sec. ||LR: 0.00010000
Epoch:2 || epochiter: 240/1563|| Totel iter 1804 || Loss: 0.3444|| Aux: 0.3984||Batch time: 0.0481 sec. ||LR: 0.00010000
Epoch:2 || epochiter: 260/1563|| Totel iter 1824 || Loss: 0.2984|| Aux: 0.4466||Batch time: 0.0491 sec. ||LR: 0.00010000
Epoch:2 || epochiter: 280/1563|| Totel iter 1844 || Loss: 0.2470|| Aux: 0.3757||Batch time: 0.0513 sec. ||LR: 0.00010000
Epoch:2 || epochiter: 300/1563|| Totel iter 1864 || Loss: 0.3391|| Aux: 0.5783||Batch time: 0.0450 sec. ||LR: 0.00010000
Epoch:2 || epochiter: 320/1563|| Totel iter 1884 || Loss: 0.3438|| Aux: 0.4591||Batch time: 0.0443 sec. ||LR: 0.00010000
Epoch:2 || epochiter: 340/1563|| Totel iter 1904 || Loss: 0.3717|| Aux: 0.6472||Batch time: 0.0482 sec. ||LR: 0.00010000
Epoch:2 || epochiter: 360/1563|| Totel iter 1924 || Loss: 0.2377|| Aux: 0.2728||Batch time: 0.0477 sec. ||LR: 0.00010000
Epoch:2 || epochiter: 380/1563|| Totel iter 1944 || Loss: 0.3319|| Aux: 0.5304||Batch time: 0.0467 sec. ||LR: 0.00010000
Epoch:2 || epochiter: 400/1563|| Totel iter 1964 || Loss: 0.3235|| Aux: 0.4932||Batch time: 0.0440 sec. ||LR: 0.00010000
Epoch:2 || epochiter: 420/1563|| Totel iter 1984 || Loss: 0.1558|| Aux: 0.1934||Batch time: 0.0449 sec. ||LR: 0.00010000
Epoch:2 || epochiter: 440/1563|| Totel iter 2004 || Loss: 0.2892|| Aux: 0.4289||Batch time: 0.0441 sec. ||LR: 0.00010000
Epoch:2 || epochiter: 460/1563|| Totel iter 2024 || Loss: 0.2965|| Aux: 0.3392||Batch time: 0.0444 sec. ||LR: 0.00010000
Epoch:2 || epochiter: 480/1563|| Totel iter 2044 || Loss: 0.2600|| Aux: 0.4299||Batch time: 0.0438 sec. ||LR: 0.00010000
Epoch:2 || epochiter: 500/1563|| Totel iter 2064 || Loss: 0.1947|| Aux: 0.2847||Batch time: 0.0437 sec. ||LR: 0.00010000
Epoch:2 || epochiter: 520/1563|| Totel iter 2084 || Loss: 0.2082|| Aux: 0.2991||Batch time: 0.0558 sec. ||LR: 0.00010000
Epoch:2 || epochiter: 540/1563|| Totel iter 2104 || Loss: 0.2621|| Aux: 0.3532||Batch time: 0.0431 sec. ||LR: 0.00010000
Epoch:2 || epochiter: 560/1563|| Totel iter 2124 || Loss: 0.1430|| Aux: 0.2114||Batch time: 0.0451 sec. ||LR: 0.00010000
Epoch:2 || epochiter: 580/1563|| Totel iter 2144 || Loss: 0.2879|| Aux: 0.2954||Batch time: 0.0448 sec. ||LR: 0.00010000
Epoch:2 || epochiter: 600/1563|| Totel iter 2164 || Loss: 0.3763|| Aux: 0.6084||Batch time: 0.0473 sec. ||LR: 0.00010000
Epoch:2 || epochiter: 620/1563|| Totel iter 2184 || Loss: 0.1976|| Aux: 0.2450||Batch time: 0.0455 sec. ||LR: 0.00010000
Epoch:2 || epochiter: 640/1563|| Totel iter 2204 || Loss: 0.2134|| Aux: 0.2819||Batch time: 0.0480 sec. ||LR: 0.00010000
Epoch:2 || epochiter: 660/1563|| Totel iter 2224 || Loss: 0.3533|| Aux: 0.3167||Batch time: 0.0443 sec. ||LR: 0.00010000
Epoch:2 || epochiter: 680/1563|| Totel iter 2244 || Loss: 0.3678|| Aux: 0.4762||Batch time: 0.0459 sec. ||LR: 0.00010000
Epoch:2 || epochiter: 700/1563|| Totel iter 2264 || Loss: 0.1827|| Aux: 0.2770||Batch time: 0.0454 sec. ||LR: 0.00010000
Epoch:2 || epochiter: 720/1563|| Totel iter 2284 || Loss: 0.4057|| Aux: 0.6868||Batch time: 0.0466 sec. ||LR: 0.00010000
Epoch:2 || epochiter: 740/1563|| Totel iter 2304 || Loss: 0.2358|| Aux: 0.3296||Batch time: 0.0508 sec. ||LR: 0.00010000
Epoch:2 || epochiter: 760/1563|| Totel iter 2324 || Loss: 0.3597|| Aux: 0.5018||Batch time: 0.0464 sec. ||LR: 0.00010000
Epoch:2 || epochiter: 780/1563|| Totel iter 2344 || Loss: 0.0995|| Aux: 0.1481||Batch time: 0.0533 sec. ||LR: 0.00010000
Epoch:2 || epochiter: 800/1563|| Totel iter 2364 || Loss: 0.1709|| Aux: 0.2154||Batch time: 0.0495 sec. ||LR: 0.00010000
Epoch:2 || epochiter: 820/1563|| Totel iter 2384 || Loss: 0.2195|| Aux: 0.2483||Batch time: 0.0469 sec. ||LR: 0.00010000
Epoch:2 || epochiter: 840/1563|| Totel iter 2404 || Loss: 0.2806|| Aux: 0.4201||Batch time: 0.0521 sec. ||LR: 0.00010000
Epoch:2 || epochiter: 860/1563|| Totel iter 2424 || Loss: 0.1923|| Aux: 0.2207||Batch time: 0.0480 sec. ||LR: 0.00010000
Epoch:2 || epochiter: 880/1563|| Totel iter 2444 || Loss: 0.1520|| Aux: 0.2451||Batch time: 0.0473 sec. ||LR: 0.00010000
Epoch:2 || epochiter: 900/1563|| Totel iter 2464 || Loss: 0.1969|| Aux: 0.2191||Batch time: 0.0470 sec. ||LR: 0.00010000
Epoch:2 || epochiter: 920/1563|| Totel iter 2484 || Loss: 0.1672|| Aux: 0.1918||Batch time: 0.0475 sec. ||LR: 0.00010000
Epoch:2 || epochiter: 940/1563|| Totel iter 2504 || Loss: 0.2021|| Aux: 0.3187||Batch time: 0.0482 sec. ||LR: 0.00010000
Epoch:2 || epochiter: 960/1563|| Totel iter 2524 || Loss: 0.1113|| Aux: 0.1515||Batch time: 0.0524 sec. ||LR: 0.00010000
Epoch:2 || epochiter: 980/1563|| Totel iter 2544 || Loss: 0.3158|| Aux: 0.4822||Batch time: 0.0509 sec. ||LR: 0.00010000
Epoch:2 || epochiter: 1000/1563|| Totel iter 2564 || Loss: 0.2856|| Aux: 0.3064||Batch time: 0.0499 sec. ||LR: 0.00010000
Epoch:2 || epochiter: 1020/1563|| Totel iter 2584 || Loss: 0.2191|| Aux: 0.3600||Batch time: 0.0471 sec. ||LR: 0.00010000
Epoch:2 || epochiter: 1040/1563|| Totel iter 2604 || Loss: 0.2108|| Aux: 0.2898||Batch time: 0.0460 sec. ||LR: 0.00010000
Epoch:2 || epochiter: 1060/1563|| Totel iter 2624 || Loss: 0.2538|| Aux: 0.3463||Batch time: 0.0488 sec. ||LR: 0.00010000
Epoch:2 || epochiter: 1080/1563|| Totel iter 2644 || Loss: 0.1425|| Aux: 0.1275||Batch time: 0.0450 sec. ||LR: 0.00010000
Epoch:2 || epochiter: 1100/1563|| Totel iter 2664 || Loss: 0.0367|| Aux: 0.0492||Batch time: 0.0495 sec. ||LR: 0.00010000
Epoch:2 || epochiter: 1120/1563|| Totel iter 2684 || Loss: 0.1305|| Aux: 0.0594||Batch time: 0.0496 sec. ||LR: 0.00010000
Epoch:2 || epochiter: 1140/1563|| Totel iter 2704 || Loss: 0.1684|| Aux: 0.1721||Batch time: 0.0478 sec. ||LR: 0.00010000
Epoch:2 || epochiter: 1160/1563|| Totel iter 2724 || Loss: 0.2477|| Aux: 0.3848||Batch time: 0.0461 sec. ||LR: 0.00010000
Epoch:2 || epochiter: 1180/1563|| Totel iter 2744 || Loss: 0.2547|| Aux: 0.2612||Batch time: 0.0475 sec. ||LR: 0.00010000
Epoch:2 || epochiter: 1200/1563|| Totel iter 2764 || Loss: 0.1660|| Aux: 0.1545||Batch time: 0.0499 sec. ||LR: 0.00010000
Epoch:2 || epochiter: 1220/1563|| Totel iter 2784 || Loss: 0.2229|| Aux: 0.2277||Batch time: 0.0515 sec. ||LR: 0.00010000
Epoch:2 || epochiter: 1240/1563|| Totel iter 2804 || Loss: 0.3030|| Aux: 0.4562||Batch time: 0.0504 sec. ||LR: 0.00010000
Epoch:2 || epochiter: 1260/1563|| Totel iter 2824 || Loss: 0.2515|| Aux: 0.3633||Batch time: 0.0474 sec. ||LR: 0.00010000
Epoch:2 || epochiter: 1280/1563|| Totel iter 2844 || Loss: 0.1643|| Aux: 0.2185||Batch time: 0.0496 sec. ||LR: 0.00010000
Epoch:2 || epochiter: 1300/1563|| Totel iter 2864 || Loss: 0.3179|| Aux: 0.5033||Batch time: 0.0455 sec. ||LR: 0.00010000
Epoch:2 || epochiter: 1320/1563|| Totel iter 2884 || Loss: 0.0875|| Aux: 0.1116||Batch time: 0.0489 sec. ||LR: 0.00010000
Epoch:2 || epochiter: 1340/1563|| Totel iter 2904 || Loss: 0.3182|| Aux: 0.4811||Batch time: 0.0461 sec. ||LR: 0.00010000
Epoch:2 || epochiter: 1360/1563|| Totel iter 2924 || Loss: 0.2183|| Aux: 0.2815||Batch time: 0.0467 sec. ||LR: 0.00010000
Epoch:2 || epochiter: 1380/1563|| Totel iter 2944 || Loss: 0.0768|| Aux: 0.0784||Batch time: 0.0504 sec. ||LR: 0.00010000
Epoch:2 || epochiter: 1400/1563|| Totel iter 2964 || Loss: 0.1502|| Aux: 0.1567||Batch time: 0.0465 sec. ||LR: 0.00010000
Epoch:2 || epochiter: 1420/1563|| Totel iter 2984 || Loss: 0.2218|| Aux: 0.2361||Batch time: 0.0529 sec. ||LR: 0.00010000
Epoch:2 || epochiter: 1440/1563|| Totel iter 3004 || Loss: 0.2466|| Aux: 0.3387||Batch time: 0.0481 sec. ||LR: 0.00010000
Epoch:2 || epochiter: 1460/1563|| Totel iter 3024 || Loss: 0.1313|| Aux: 0.1798||Batch time: 0.0478 sec. ||LR: 0.00010000
Epoch:2 || epochiter: 1480/1563|| Totel iter 3044 || Loss: 0.1092|| Aux: 0.0765||Batch time: 0.0527 sec. ||LR: 0.00010000
Epoch:2 || epochiter: 1500/1563|| Totel iter 3064 || Loss: 0.1444|| Aux: 0.1345||Batch time: 0.0520 sec. ||LR: 0.00010000
Epoch:2 || epochiter: 1520/1563|| Totel iter 3084 || Loss: 0.1335|| Aux: 0.2060||Batch time: 0.0492 sec. ||LR: 0.00010000
Epoch:2 || epochiter: 1540/1563|| Totel iter 3104 || Loss: 0.1774|| Aux: 0.2455||Batch time: 0.0443 sec. ||LR: 0.00010000
Epoch:2 || epochiter: 1560/1563|| Totel iter 3124 || Loss: 0.2187|| Aux: 0.1839||Batch time: 0.0466 sec. ||LR: 0.00010000
[Epoch Summary] Epoch 2 AvgLoss 0.2183 AvgAux 0.2994
[BoardAnchor] Epoch 2 exact 1.0000 first_char 1.0000 blank_mean 0.5000
[BoardAnchor][1] gt=京N8P8F8 pred=京N8P8F8 blank=0.5000 top5=[('京', 0.9969246983528137), ('豫', 0.0030438106041401625), ('赣', 1.0628588825056795e-05), ('鄂', 6.062274678697577e-06), ('苏', 4.187505510344636e-06)]
Epoch:3 || epochiter: 0/1563|| Totel iter 3127 || Loss: 0.1558|| Aux: 0.1472||Batch time: 0.0330 sec. ||LR: 0.00001000
Epoch:3 || epochiter: 20/1563|| Totel iter 3147 || Loss: 0.0687|| Aux: 0.0721||Batch time: 0.0507 sec. ||LR: 0.00001000
Epoch:3 || epochiter: 40/1563|| Totel iter 3167 || Loss: 0.1709|| Aux: 0.1649||Batch time: 0.0539 sec. ||LR: 0.00001000
Epoch:3 || epochiter: 60/1563|| Totel iter 3187 || Loss: 0.1648|| Aux: 0.2014||Batch time: 0.0476 sec. ||LR: 0.00001000
Epoch:3 || epochiter: 80/1563|| Totel iter 3207 || Loss: 0.1427|| Aux: 0.0950||Batch time: 0.0458 sec. ||LR: 0.00001000
Epoch:3 || epochiter: 100/1563|| Totel iter 3227 || Loss: 0.1016|| Aux: 0.0875||Batch time: 0.0528 sec. ||LR: 0.00001000
Epoch:3 || epochiter: 120/1563|| Totel iter 3247 || Loss: 0.1329|| Aux: 0.2055||Batch time: 0.0513 sec. ||LR: 0.00001000
Epoch:3 || epochiter: 140/1563|| Totel iter 3267 || Loss: 0.1757|| Aux: 0.2228||Batch time: 0.0458 sec. ||LR: 0.00001000
Epoch:3 || epochiter: 160/1563|| Totel iter 3287 || Loss: 0.1989|| Aux: 0.1794||Batch time: 0.0511 sec. ||LR: 0.00001000
Epoch:3 || epochiter: 180/1563|| Totel iter 3307 || Loss: 0.0675|| Aux: 0.0869||Batch time: 0.0503 sec. ||LR: 0.00001000
Epoch:3 || epochiter: 200/1563|| Totel iter 3327 || Loss: 0.0645|| Aux: 0.0460||Batch time: 0.0480 sec. ||LR: 0.00001000
Epoch:3 || epochiter: 220/1563|| Totel iter 3347 || Loss: 0.0911|| Aux: 0.0659||Batch time: 0.0478 sec. ||LR: 0.00001000
Epoch:3 || epochiter: 240/1563|| Totel iter 3367 || Loss: 0.0821|| Aux: 0.0828||Batch time: 0.0479 sec. ||LR: 0.00001000
Epoch:3 || epochiter: 260/1563|| Totel iter 3387 || Loss: 0.1069|| Aux: 0.1132||Batch time: 0.0470 sec. ||LR: 0.00001000
Epoch:3 || epochiter: 280/1563|| Totel iter 3407 || Loss: 0.0774|| Aux: 0.0478||Batch time: 0.0496 sec. ||LR: 0.00001000
Epoch:3 || epochiter: 300/1563|| Totel iter 3427 || Loss: 0.1507|| Aux: 0.1343||Batch time: 0.0455 sec. ||LR: 0.00001000
Epoch:3 || epochiter: 320/1563|| Totel iter 3447 || Loss: 0.1205|| Aux: 0.0665||Batch time: 0.0485 sec. ||LR: 0.00001000
Epoch:3 || epochiter: 340/1563|| Totel iter 3467 || Loss: 0.1126|| Aux: 0.0885||Batch time: 0.0481 sec. ||LR: 0.00001000
Epoch:3 || epochiter: 360/1563|| Totel iter 3487 || Loss: 0.0945|| Aux: 0.0915||Batch time: 0.0464 sec. ||LR: 0.00001000
Epoch:3 || epochiter: 380/1563|| Totel iter 3507 || Loss: 0.2332|| Aux: 0.2811||Batch time: 0.0469 sec. ||LR: 0.00001000
Epoch:3 || epochiter: 400/1563|| Totel iter 3527 || Loss: 0.0674|| Aux: 0.0318||Batch time: 0.0464 sec. ||LR: 0.00001000
Epoch:3 || epochiter: 420/1563|| Totel iter 3547 || Loss: 0.2743|| Aux: 0.3543||Batch time: 0.0468 sec. ||LR: 0.00001000
Epoch:3 || epochiter: 440/1563|| Totel iter 3567 || Loss: 0.0831|| Aux: 0.0459||Batch time: 0.0463 sec. ||LR: 0.00001000
Epoch:3 || epochiter: 460/1563|| Totel iter 3587 || Loss: 0.1208|| Aux: 0.1919||Batch time: 0.0474 sec. ||LR: 0.00001000
Epoch:3 || epochiter: 480/1563|| Totel iter 3607 || Loss: 0.1280|| Aux: 0.1796||Batch time: 0.0456 sec. ||LR: 0.00001000
Epoch:3 || epochiter: 500/1563|| Totel iter 3627 || Loss: 0.1165|| Aux: 0.0686||Batch time: 0.0492 sec. ||LR: 0.00001000
Epoch:3 || epochiter: 520/1563|| Totel iter 3647 || Loss: 0.1320|| Aux: 0.1763||Batch time: 0.0492 sec. ||LR: 0.00001000
Epoch:3 || epochiter: 540/1563|| Totel iter 3667 || Loss: 0.1301|| Aux: 0.1157||Batch time: 0.0492 sec. ||LR: 0.00001000
Epoch:3 || epochiter: 560/1563|| Totel iter 3687 || Loss: 0.1723|| Aux: 0.1742||Batch time: 0.0492 sec. ||LR: 0.00001000
Epoch:3 || epochiter: 580/1563|| Totel iter 3707 || Loss: 0.2131|| Aux: 0.1637||Batch time: 0.0486 sec. ||LR: 0.00001000
Epoch:3 || epochiter: 600/1563|| Totel iter 3727 || Loss: 0.2327|| Aux: 0.3206||Batch time: 0.0478 sec. ||LR: 0.00001000
Epoch:3 || epochiter: 620/1563|| Totel iter 3747 || Loss: 0.0372|| Aux: 0.0534||Batch time: 0.0511 sec. ||LR: 0.00001000
Epoch:3 || epochiter: 640/1563|| Totel iter 3767 || Loss: 0.0781|| Aux: 0.0834||Batch time: 0.0533 sec. ||LR: 0.00001000
Epoch:3 || epochiter: 660/1563|| Totel iter 3787 || Loss: 0.1898|| Aux: 0.1812||Batch time: 0.0489 sec. ||LR: 0.00001000
Epoch:3 || epochiter: 680/1563|| Totel iter 3807 || Loss: 0.1076|| Aux: 0.0852||Batch time: 0.0506 sec. ||LR: 0.00001000
Epoch:3 || epochiter: 700/1563|| Totel iter 3827 || Loss: 0.1129|| Aux: 0.0897||Batch time: 0.0543 sec. ||LR: 0.00001000
Epoch:3 || epochiter: 720/1563|| Totel iter 3847 || Loss: 0.0496|| Aux: 0.0388||Batch time: 0.0495 sec. ||LR: 0.00001000
Epoch:3 || epochiter: 740/1563|| Totel iter 3867 || Loss: 0.1063|| Aux: 0.0995||Batch time: 0.0489 sec. ||LR: 0.00001000
Epoch:3 || epochiter: 760/1563|| Totel iter 3887 || Loss: 0.1290|| Aux: 0.1190||Batch time: 0.0471 sec. ||LR: 0.00001000
Epoch:3 || epochiter: 780/1563|| Totel iter 3907 || Loss: 0.0540|| Aux: 0.0310||Batch time: 0.0479 sec. ||LR: 0.00001000
Epoch:3 || epochiter: 800/1563|| Totel iter 3927 || Loss: 0.1319|| Aux: 0.1628||Batch time: 0.0514 sec. ||LR: 0.00001000
Epoch:3 || epochiter: 820/1563|| Totel iter 3947 || Loss: 0.2135|| Aux: 0.2216||Batch time: 0.0480 sec. ||LR: 0.00001000
Epoch:3 || epochiter: 840/1563|| Totel iter 3967 || Loss: 0.0786|| Aux: 0.0740||Batch time: 0.0461 sec. ||LR: 0.00001000
Epoch:3 || epochiter: 860/1563|| Totel iter 3987 || Loss: 0.0671|| Aux: 0.0628||Batch time: 0.0473 sec. ||LR: 0.00001000
Epoch:3 || epochiter: 880/1563|| Totel iter 4007 || Loss: 0.2020|| Aux: 0.1993||Batch time: 0.0472 sec. ||LR: 0.00001000
Epoch:3 || epochiter: 900/1563|| Totel iter 4027 || Loss: 0.1446|| Aux: 0.2139||Batch time: 0.0466 sec. ||LR: 0.00001000
Epoch:3 || epochiter: 920/1563|| Totel iter 4047 || Loss: 0.1455|| Aux: 0.1293||Batch time: 0.0476 sec. ||LR: 0.00001000
Epoch:3 || epochiter: 940/1563|| Totel iter 4067 || Loss: 0.0515|| Aux: 0.0293||Batch time: 0.0472 sec. ||LR: 0.00001000
Epoch:3 || epochiter: 960/1563|| Totel iter 4087 || Loss: 0.0911|| Aux: 0.0795||Batch time: 0.0476 sec. ||LR: 0.00001000
Epoch:3 || epochiter: 980/1563|| Totel iter 4107 || Loss: 0.0813|| Aux: 0.0733||Batch time: 0.0481 sec. ||LR: 0.00001000
Epoch:3 || epochiter: 1000/1563|| Totel iter 4127 || Loss: 0.1527|| Aux: 0.1172||Batch time: 0.0507 sec. ||LR: 0.00001000
Epoch:3 || epochiter: 1020/1563|| Totel iter 4147 || Loss: 0.1179|| Aux: 0.0998||Batch time: 0.0503 sec. ||LR: 0.00001000
Epoch:3 || epochiter: 1040/1563|| Totel iter 4167 || Loss: 0.2712|| Aux: 0.3648||Batch time: 0.0498 sec. ||LR: 0.00001000
Epoch:3 || epochiter: 1060/1563|| Totel iter 4187 || Loss: 0.0722|| Aux: 0.0629||Batch time: 0.0470 sec. ||LR: 0.00001000
Epoch:3 || epochiter: 1080/1563|| Totel iter 4207 || Loss: 0.0971|| Aux: 0.0820||Batch time: 0.0468 sec. ||LR: 0.00001000
Epoch:3 || epochiter: 1100/1563|| Totel iter 4227 || Loss: 0.1157|| Aux: 0.1514||Batch time: 0.0455 sec. ||LR: 0.00001000
Epoch:3 || epochiter: 1120/1563|| Totel iter 4247 || Loss: 0.1132|| Aux: 0.1143||Batch time: 0.0489 sec. ||LR: 0.00001000
Epoch:3 || epochiter: 1140/1563|| Totel iter 4267 || Loss: 0.2159|| Aux: 0.3229||Batch time: 0.0449 sec. ||LR: 0.00001000
Epoch:3 || epochiter: 1160/1563|| Totel iter 4287 || Loss: 0.1422|| Aux: 0.0916||Batch time: 0.0466 sec. ||LR: 0.00001000
Epoch:3 || epochiter: 1180/1563|| Totel iter 4307 || Loss: 0.0771|| Aux: 0.1130||Batch time: 0.0488 sec. ||LR: 0.00001000
Epoch:3 || epochiter: 1200/1563|| Totel iter 4327 || Loss: 0.1685|| Aux: 0.1751||Batch time: 0.0483 sec. ||LR: 0.00001000
Epoch:3 || epochiter: 1220/1563|| Totel iter 4347 || Loss: 0.1449|| Aux: 0.2040||Batch time: 0.0511 sec. ||LR: 0.00001000
Epoch:3 || epochiter: 1240/1563|| Totel iter 4367 || Loss: 0.1073|| Aux: 0.0455||Batch time: 0.0503 sec. ||LR: 0.00001000
Epoch:3 || epochiter: 1260/1563|| Totel iter 4387 || Loss: 0.1862|| Aux: 0.3450||Batch time: 0.0511 sec. ||LR: 0.00001000
Epoch:3 || epochiter: 1280/1563|| Totel iter 4407 || Loss: 0.2029|| Aux: 0.2193||Batch time: 0.0498 sec. ||LR: 0.00001000
Epoch:3 || epochiter: 1300/1563|| Totel iter 4427 || Loss: 0.0986|| Aux: 0.0416||Batch time: 0.0463 sec. ||LR: 0.00001000
Epoch:3 || epochiter: 1320/1563|| Totel iter 4447 || Loss: 0.1263|| Aux: 0.1245||Batch time: 0.0503 sec. ||LR: 0.00001000
Epoch:3 || epochiter: 1340/1563|| Totel iter 4467 || Loss: 0.0612|| Aux: 0.0557||Batch time: 0.0472 sec. ||LR: 0.00001000
Epoch:3 || epochiter: 1360/1563|| Totel iter 4487 || Loss: 0.0797|| Aux: 0.0508||Batch time: 0.0463 sec. ||LR: 0.00001000
Epoch:3 || epochiter: 1380/1563|| Totel iter 4507 || Loss: 0.0830|| Aux: 0.0453||Batch time: 0.0520 sec. ||LR: 0.00001000
Epoch:3 || epochiter: 1400/1563|| Totel iter 4527 || Loss: 0.1314|| Aux: 0.1260||Batch time: 0.0476 sec. ||LR: 0.00001000
Epoch:3 || epochiter: 1420/1563|| Totel iter 4547 || Loss: 0.1507|| Aux: 0.2112||Batch time: 0.0490 sec. ||LR: 0.00001000
Epoch:3 || epochiter: 1440/1563|| Totel iter 4567 || Loss: 0.1016|| Aux: 0.0912||Batch time: 0.0461 sec. ||LR: 0.00001000
Epoch:3 || epochiter: 1460/1563|| Totel iter 4587 || Loss: 0.1109|| Aux: 0.0439||Batch time: 0.0455 sec. ||LR: 0.00001000
Epoch:3 || epochiter: 1480/1563|| Totel iter 4607 || Loss: 0.0534|| Aux: 0.0333||Batch time: 0.0479 sec. ||LR: 0.00001000
Epoch:3 || epochiter: 1500/1563|| Totel iter 4627 || Loss: 0.0742|| Aux: 0.0822||Batch time: 0.0472 sec. ||LR: 0.00001000
Epoch:3 || epochiter: 1520/1563|| Totel iter 4647 || Loss: 0.3511|| Aux: 0.5303||Batch time: 0.0481 sec. ||LR: 0.00001000
Epoch:3 || epochiter: 1540/1563|| Totel iter 4667 || Loss: 0.1244|| Aux: 0.1276||Batch time: 0.0465 sec. ||LR: 0.00001000
Epoch:3 || epochiter: 1560/1563|| Totel iter 4687 || Loss: 0.1286|| Aux: 0.0615||Batch time: 0.0457 sec. ||LR: 0.00001000
[Epoch Summary] Epoch 3 AvgLoss 0.1265 AvgAux 0.1338
[BoardAnchor] Epoch 3 exact 1.0000 first_char 1.0000 blank_mean 0.5000
[BoardAnchor][1] gt=京N8P8F8 pred=京N8P8F8 blank=0.5000 top5=[('京', 0.9997935891151428), ('豫', 0.00020298606250435114), ('闽', 1.1691679446812486e-06), ('赣', 9.412319741386455e-07), ('苏', 6.78357878314273e-07)]
Epoch:4 || epochiter: 0/1563|| Totel iter 4690 || Loss: 0.1168|| Aux: 0.1319||Batch time: 0.0350 sec. ||LR: 0.00001000
Epoch:4 || epochiter: 20/1563|| Totel iter 4710 || Loss: 0.0722|| Aux: 0.0926||Batch time: 0.0490 sec. ||LR: 0.00001000
Epoch:4 || epochiter: 40/1563|| Totel iter 4730 || Loss: 0.1036|| Aux: 0.0855||Batch time: 0.0489 sec. ||LR: 0.00001000
Epoch:4 || epochiter: 60/1563|| Totel iter 4750 || Loss: 0.0549|| Aux: 0.0113||Batch time: 0.0520 sec. ||LR: 0.00001000
Epoch:4 || epochiter: 80/1563|| Totel iter 4770 || Loss: 0.1076|| Aux: 0.1189||Batch time: 0.0427 sec. ||LR: 0.00001000
Epoch:4 || epochiter: 100/1563|| Totel iter 4790 || Loss: 0.1132|| Aux: 0.0954||Batch time: 0.0548 sec. ||LR: 0.00001000
Epoch:4 || epochiter: 120/1563|| Totel iter 4810 || Loss: 0.0993|| Aux: 0.1064||Batch time: 0.0438 sec. ||LR: 0.00001000
Epoch:4 || epochiter: 140/1563|| Totel iter 4830 || Loss: 0.1227|| Aux: 0.0962||Batch time: 0.0484 sec. ||LR: 0.00001000
Epoch:4 || epochiter: 160/1563|| Totel iter 4850 || Loss: 0.0743|| Aux: 0.1390||Batch time: 0.0498 sec. ||LR: 0.00001000
Epoch:4 || epochiter: 180/1563|| Totel iter 4870 || Loss: 0.0550|| Aux: 0.0355||Batch time: 0.0459 sec. ||LR: 0.00001000
Epoch:4 || epochiter: 200/1563|| Totel iter 4890 || Loss: 0.1195|| Aux: 0.0531||Batch time: 0.0609 sec. ||LR: 0.00001000
Epoch:4 || epochiter: 220/1563|| Totel iter 4910 || Loss: 0.1672|| Aux: 0.2604||Batch time: 0.0500 sec. ||LR: 0.00001000
Epoch:4 || epochiter: 240/1563|| Totel iter 4930 || Loss: 0.0896|| Aux: 0.0487||Batch time: 0.0423 sec. ||LR: 0.00001000
Epoch:4 || epochiter: 260/1563|| Totel iter 4950 || Loss: 0.1893|| Aux: 0.1797||Batch time: 0.0523 sec. ||LR: 0.00001000
Epoch:4 || epochiter: 280/1563|| Totel iter 4970 || Loss: 0.1107|| Aux: 0.1699||Batch time: 0.0478 sec. ||LR: 0.00001000
Epoch:4 || epochiter: 300/1563|| Totel iter 4990 || Loss: 0.0821|| Aux: 0.0742||Batch time: 0.0528 sec. ||LR: 0.00001000
Epoch:4 || epochiter: 320/1563|| Totel iter 5010 || Loss: 0.1739|| Aux: 0.1416||Batch time: 0.0564 sec. ||LR: 0.00001000
Epoch:4 || epochiter: 340/1563|| Totel iter 5030 || Loss: 0.0892|| Aux: 0.0478||Batch time: 0.0505 sec. ||LR: 0.00001000
Epoch:4 || epochiter: 360/1563|| Totel iter 5050 || Loss: 0.0753|| Aux: 0.0670||Batch time: 0.0550 sec. ||LR: 0.00001000
Epoch:4 || epochiter: 380/1563|| Totel iter 5070 || Loss: 0.0925|| Aux: 0.0831||Batch time: 0.0570 sec. ||LR: 0.00001000
Epoch:4 || epochiter: 400/1563|| Totel iter 5090 || Loss: 0.0705|| Aux: 0.0283||Batch time: 0.0479 sec. ||LR: 0.00001000
Epoch:4 || epochiter: 420/1563|| Totel iter 5110 || Loss: 0.1606|| Aux: 0.1660||Batch time: 0.0608 sec. ||LR: 0.00001000
Epoch:4 || epochiter: 440/1563|| Totel iter 5130 || Loss: 0.1847|| Aux: 0.1850||Batch time: 0.0475 sec. ||LR: 0.00001000
Epoch:4 || epochiter: 460/1563|| Totel iter 5150 || Loss: 0.2248|| Aux: 0.2858||Batch time: 0.0450 sec. ||LR: 0.00001000
Epoch:4 || epochiter: 480/1563|| Totel iter 5170 || Loss: 0.0695|| Aux: 0.0765||Batch time: 0.0464 sec. ||LR: 0.00001000
Epoch:4 || epochiter: 500/1563|| Totel iter 5190 || Loss: 0.1184|| Aux: 0.1087||Batch time: 0.0508 sec. ||LR: 0.00001000
Epoch:4 || epochiter: 520/1563|| Totel iter 5210 || Loss: 0.1175|| Aux: 0.1464||Batch time: 0.0450 sec. ||LR: 0.00001000
Epoch:4 || epochiter: 540/1563|| Totel iter 5230 || Loss: 0.1076|| Aux: 0.0470||Batch time: 0.0483 sec. ||LR: 0.00001000
Epoch:4 || epochiter: 560/1563|| Totel iter 5250 || Loss: 0.1509|| Aux: 0.0967||Batch time: 0.0505 sec. ||LR: 0.00001000
Epoch:4 || epochiter: 580/1563|| Totel iter 5270 || Loss: 0.1613|| Aux: 0.1857||Batch time: 0.0493 sec. ||LR: 0.00001000
Epoch:4 || epochiter: 600/1563|| Totel iter 5290 || Loss: 0.1348|| Aux: 0.0359||Batch time: 0.0459 sec. ||LR: 0.00001000
Epoch:4 || epochiter: 620/1563|| Totel iter 5310 || Loss: 0.1389|| Aux: 0.2136||Batch time: 0.0477 sec. ||LR: 0.00001000
Epoch:4 || epochiter: 640/1563|| Totel iter 5330 || Loss: 0.0357|| Aux: 0.0202||Batch time: 0.0496 sec. ||LR: 0.00001000
Epoch:4 || epochiter: 660/1563|| Totel iter 5350 || Loss: 0.1428|| Aux: 0.1776||Batch time: 0.0514 sec. ||LR: 0.00001000
Epoch:4 || epochiter: 680/1563|| Totel iter 5370 || Loss: 0.1282|| Aux: 0.1205||Batch time: 0.0466 sec. ||LR: 0.00001000
Epoch:4 || epochiter: 700/1563|| Totel iter 5390 || Loss: 0.1715|| Aux: 0.1593||Batch time: 0.0475 sec. ||LR: 0.00001000
Epoch:4 || epochiter: 720/1563|| Totel iter 5410 || Loss: 0.1161|| Aux: 0.0781||Batch time: 0.0500 sec. ||LR: 0.00001000
Epoch:4 || epochiter: 740/1563|| Totel iter 5430 || Loss: 0.1420|| Aux: 0.1445||Batch time: 0.0475 sec. ||LR: 0.00001000
Epoch:4 || epochiter: 760/1563|| Totel iter 5450 || Loss: 0.0621|| Aux: 0.0499||Batch time: 0.0506 sec. ||LR: 0.00001000
Epoch:4 || epochiter: 780/1563|| Totel iter 5470 || Loss: 0.1380|| Aux: 0.1769||Batch time: 0.0511 sec. ||LR: 0.00001000
Epoch:4 || epochiter: 800/1563|| Totel iter 5490 || Loss: 0.0843|| Aux: 0.0641||Batch time: 0.0479 sec. ||LR: 0.00001000
Epoch:4 || epochiter: 820/1563|| Totel iter 5510 || Loss: 0.1654|| Aux: 0.0957||Batch time: 0.0468 sec. ||LR: 0.00001000
Epoch:4 || epochiter: 840/1563|| Totel iter 5530 || Loss: 0.0788|| Aux: 0.0363||Batch time: 0.0485 sec. ||LR: 0.00001000
Epoch:4 || epochiter: 860/1563|| Totel iter 5550 || Loss: 0.1122|| Aux: 0.1596||Batch time: 0.0458 sec. ||LR: 0.00001000
Epoch:4 || epochiter: 880/1563|| Totel iter 5570 || Loss: 0.1566|| Aux: 0.1347||Batch time: 0.0466 sec. ||LR: 0.00001000
Epoch:4 || epochiter: 900/1563|| Totel iter 5590 || Loss: 0.0660|| Aux: 0.0839||Batch time: 0.0552 sec. ||LR: 0.00001000
Epoch:4 || epochiter: 920/1563|| Totel iter 5610 || Loss: 0.0538|| Aux: 0.0282||Batch time: 0.0496 sec. ||LR: 0.00001000
Epoch:4 || epochiter: 940/1563|| Totel iter 5630 || Loss: 0.0488|| Aux: 0.0480||Batch time: 0.0518 sec. ||LR: 0.00001000
Epoch:4 || epochiter: 960/1563|| Totel iter 5650 || Loss: 0.0610|| Aux: 0.0372||Batch time: 0.0484 sec. ||LR: 0.00001000
Epoch:4 || epochiter: 980/1563|| Totel iter 5670 || Loss: 0.0901|| Aux: 0.0663||Batch time: 0.0450 sec. ||LR: 0.00001000
Epoch:4 || epochiter: 1000/1563|| Totel iter 5690 || Loss: 0.0666|| Aux: 0.1163||Batch time: 0.0480 sec. ||LR: 0.00001000
Epoch:4 || epochiter: 1020/1563|| Totel iter 5710 || Loss: 0.0321|| Aux: 0.0203||Batch time: 0.0439 sec. ||LR: 0.00001000
Epoch:4 || epochiter: 1040/1563|| Totel iter 5730 || Loss: 0.0440|| Aux: 0.0146||Batch time: 0.0453 sec. ||LR: 0.00001000
Epoch:4 || epochiter: 1060/1563|| Totel iter 5750 || Loss: 0.0484|| Aux: 0.0375||Batch time: 0.0474 sec. ||LR: 0.00001000
Epoch:4 || epochiter: 1080/1563|| Totel iter 5770 || Loss: 0.0875|| Aux: 0.0215||Batch time: 0.0472 sec. ||LR: 0.00001000
Epoch:4 || epochiter: 1100/1563|| Totel iter 5790 || Loss: 0.0788|| Aux: 0.0221||Batch time: 0.0491 sec. ||LR: 0.00001000
Epoch:4 || epochiter: 1120/1563|| Totel iter 5810 || Loss: 0.0680|| Aux: 0.0895||Batch time: 0.0479 sec. ||LR: 0.00001000
Epoch:4 || epochiter: 1140/1563|| Totel iter 5830 || Loss: 0.0643|| Aux: 0.0450||Batch time: 0.0510 sec. ||LR: 0.00001000
Epoch:4 || epochiter: 1160/1563|| Totel iter 5850 || Loss: 0.0563|| Aux: 0.0074||Batch time: 0.0507 sec. ||LR: 0.00001000
Epoch:4 || epochiter: 1180/1563|| Totel iter 5870 || Loss: 0.0594|| Aux: 0.0303||Batch time: 0.0550 sec. ||LR: 0.00001000
Epoch:4 || epochiter: 1200/1563|| Totel iter 5890 || Loss: 0.0368|| Aux: 0.0408||Batch time: 0.0492 sec. ||LR: 0.00001000
Epoch:4 || epochiter: 1220/1563|| Totel iter 5910 || Loss: 0.1476|| Aux: 0.1961||Batch time: 0.0480 sec. ||LR: 0.00001000
Epoch:4 || epochiter: 1240/1563|| Totel iter 5930 || Loss: 0.1185|| Aux: 0.1322||Batch time: 0.0489 sec. ||LR: 0.00001000
Epoch:4 || epochiter: 1260/1563|| Totel iter 5950 || Loss: 0.1048|| Aux: 0.0414||Batch time: 0.0459 sec. ||LR: 0.00001000
Epoch:4 || epochiter: 1280/1563|| Totel iter 5970 || Loss: 0.1410|| Aux: 0.1957||Batch time: 0.0557 sec. ||LR: 0.00001000
Epoch:4 || epochiter: 1300/1563|| Totel iter 5990 || Loss: 0.1936|| Aux: 0.1263||Batch time: 0.0520 sec. ||LR: 0.00001000
Epoch:4 || epochiter: 1320/1563|| Totel iter 6010 || Loss: 0.1106|| Aux: 0.0939||Batch time: 0.0512 sec. ||LR: 0.00001000
Epoch:4 || epochiter: 1340/1563|| Totel iter 6030 || Loss: 0.0899|| Aux: 0.0764||Batch time: 0.0484 sec. ||LR: 0.00001000
Epoch:4 || epochiter: 1360/1563|| Totel iter 6050 || Loss: 0.0722|| Aux: 0.0489||Batch time: 0.0515 sec. ||LR: 0.00001000
Epoch:4 || epochiter: 1380/1563|| Totel iter 6070 || Loss: 0.0851|| Aux: 0.1417||Batch time: 0.0494 sec. ||LR: 0.00001000
Epoch:4 || epochiter: 1400/1563|| Totel iter 6090 || Loss: 0.1781|| Aux: 0.0803||Batch time: 0.0494 sec. ||LR: 0.00001000
Epoch:4 || epochiter: 1420/1563|| Totel iter 6110 || Loss: 0.0536|| Aux: 0.0399||Batch time: 0.0532 sec. ||LR: 0.00001000
Epoch:4 || epochiter: 1440/1563|| Totel iter 6130 || Loss: 0.1741|| Aux: 0.0563||Batch time: 0.0523 sec. ||LR: 0.00001000
Epoch:4 || epochiter: 1460/1563|| Totel iter 6150 || Loss: 0.1347|| Aux: 0.1463||Batch time: 0.0484 sec. ||LR: 0.00001000
Epoch:4 || epochiter: 1480/1563|| Totel iter 6170 || Loss: 0.1059|| Aux: 0.1205||Batch time: 0.0547 sec. ||LR: 0.00001000
Epoch:4 || epochiter: 1500/1563|| Totel iter 6190 || Loss: 0.1410|| Aux: 0.1984||Batch time: 0.0530 sec. ||LR: 0.00001000
Epoch:4 || epochiter: 1520/1563|| Totel iter 6210 || Loss: 0.0739|| Aux: 0.0320||Batch time: 0.0543 sec. ||LR: 0.00001000
Epoch:4 || epochiter: 1540/1563|| Totel iter 6230 || Loss: 0.0686|| Aux: 0.0889||Batch time: 0.0523 sec. ||LR: 0.00001000
Epoch:4 || epochiter: 1560/1563|| Totel iter 6250 || Loss: 0.2879|| Aux: 0.3802||Batch time: 0.0498 sec. ||LR: 0.00001000
[Epoch Summary] Epoch 4 AvgLoss 0.1119 AvgAux 0.1076
[BoardAnchor] Epoch 4 exact 1.0000 first_char 1.0000 blank_mean 0.5000
[BoardAnchor][1] gt=京N8P8F8 pred=京N8P8F8 blank=0.5000 top5=[('京', 0.9997767806053162), ('豫', 0.00022042301134206355), ('苏', 7.348004942286934e-07), ('闽', 7.290599342013593e-07), ('赣', 5.592711431745556e-07)]
Epoch:5 || epochiter: 0/1563|| Totel iter 6253 || Loss: 0.1320|| Aux: 0.1158||Batch time: 0.0337 sec. ||LR: 0.00001000
Epoch:5 || epochiter: 20/1563|| Totel iter 6273 || Loss: 0.0778|| Aux: 0.0553||Batch time: 0.0556 sec. ||LR: 0.00001000
Epoch:5 || epochiter: 40/1563|| Totel iter 6293 || Loss: 0.1431|| Aux: 0.1042||Batch time: 0.0509 sec. ||LR: 0.00001000
Epoch:5 || epochiter: 60/1563|| Totel iter 6313 || Loss: 0.0659|| Aux: 0.0198||Batch time: 0.0526 sec. ||LR: 0.00001000
Epoch:5 || epochiter: 80/1563|| Totel iter 6333 || Loss: 0.0549|| Aux: 0.0461||Batch time: 0.0459 sec. ||LR: 0.00001000
Epoch:5 || epochiter: 100/1563|| Totel iter 6353 || Loss: 0.1095|| Aux: 0.0742||Batch time: 0.0533 sec. ||LR: 0.00001000
Epoch:5 || epochiter: 120/1563|| Totel iter 6373 || Loss: 0.1226|| Aux: 0.0832||Batch time: 0.0460 sec. ||LR: 0.00001000
Epoch:5 || epochiter: 140/1563|| Totel iter 6393 || Loss: 0.0307|| Aux: 0.0147||Batch time: 0.0489 sec. ||LR: 0.00001000
Epoch:5 || epochiter: 160/1563|| Totel iter 6413 || Loss: 0.1356|| Aux: 0.0870||Batch time: 0.0479 sec. ||LR: 0.00001000
Epoch:5 || epochiter: 180/1563|| Totel iter 6433 || Loss: 0.1187|| Aux: 0.0659||Batch time: 0.0480 sec. ||LR: 0.00001000
Epoch:5 || epochiter: 200/1563|| Totel iter 6453 || Loss: 0.0267|| Aux: 0.0339||Batch time: 0.0481 sec. ||LR: 0.00001000
Epoch:5 || epochiter: 220/1563|| Totel iter 6473 || Loss: 0.0394|| Aux: 0.0295||Batch time: 0.0486 sec. ||LR: 0.00001000
Epoch:5 || epochiter: 240/1563|| Totel iter 6493 || Loss: 0.1270|| Aux: 0.0559||Batch time: 0.0466 sec. ||LR: 0.00001000
Epoch:5 || epochiter: 260/1563|| Totel iter 6513 || Loss: 0.1314|| Aux: 0.1458||Batch time: 0.0460 sec. ||LR: 0.00001000
Epoch:5 || epochiter: 280/1563|| Totel iter 6533 || Loss: 0.1381|| Aux: 0.1173||Batch time: 0.0490 sec. ||LR: 0.00001000
Epoch:5 || epochiter: 300/1563|| Totel iter 6553 || Loss: 0.1317|| Aux: 0.1105||Batch time: 0.0475 sec. ||LR: 0.00001000
Epoch:5 || epochiter: 320/1563|| Totel iter 6573 || Loss: 0.1969|| Aux: 0.2589||Batch time: 0.0519 sec. ||LR: 0.00001000
Epoch:5 || epochiter: 340/1563|| Totel iter 6593 || Loss: 0.1063|| Aux: 0.0997||Batch time: 0.0450 sec. ||LR: 0.00001000
Epoch:5 || epochiter: 360/1563|| Totel iter 6613 || Loss: 0.1420|| Aux: 0.0863||Batch time: 0.0477 sec. ||LR: 0.00001000
Epoch:5 || epochiter: 380/1563|| Totel iter 6633 || Loss: 0.1509|| Aux: 0.1689||Batch time: 0.0479 sec. ||LR: 0.00001000
Epoch:5 || epochiter: 400/1563|| Totel iter 6653 || Loss: 0.0917|| Aux: 0.0472||Batch time: 0.0486 sec. ||LR: 0.00001000
Epoch:5 || epochiter: 420/1563|| Totel iter 6673 || Loss: 0.0750|| Aux: 0.0346||Batch time: 0.0497 sec. ||LR: 0.00001000
Epoch:5 || epochiter: 440/1563|| Totel iter 6693 || Loss: 0.1452|| Aux: 0.1473||Batch time: 0.0473 sec. ||LR: 0.00001000
Epoch:5 || epochiter: 460/1563|| Totel iter 6713 || Loss: 0.0837|| Aux: 0.0917||Batch time: 0.0514 sec. ||LR: 0.00001000
Epoch:5 || epochiter: 480/1563|| Totel iter 6733 || Loss: 0.2539|| Aux: 0.3577||Batch time: 0.0471 sec. ||LR: 0.00001000
Epoch:5 || epochiter: 500/1563|| Totel iter 6753 || Loss: 0.0942|| Aux: 0.0417||Batch time: 0.0472 sec. ||LR: 0.00001000
Epoch:5 || epochiter: 520/1563|| Totel iter 6773 || Loss: 0.1409|| Aux: 0.1895||Batch time: 0.0467 sec. ||LR: 0.00001000
Epoch:5 || epochiter: 540/1563|| Totel iter 6793 || Loss: 0.1896|| Aux: 0.1650||Batch time: 0.0472 sec. ||LR: 0.00001000
Epoch:5 || epochiter: 560/1563|| Totel iter 6813 || Loss: 0.0555|| Aux: 0.0306||Batch time: 0.0516 sec. ||LR: 0.00001000
Epoch:5 || epochiter: 580/1563|| Totel iter 6833 || Loss: 0.2288|| Aux: 0.2799||Batch time: 0.0474 sec. ||LR: 0.00001000
Epoch:5 || epochiter: 600/1563|| Totel iter 6853 || Loss: 0.0645|| Aux: 0.0817||Batch time: 0.0528 sec. ||LR: 0.00001000
Epoch:5 || epochiter: 620/1563|| Totel iter 6873 || Loss: 0.0894|| Aux: 0.0497||Batch time: 0.0533 sec. ||LR: 0.00001000
Epoch:5 || epochiter: 640/1563|| Totel iter 6893 || Loss: 0.0833|| Aux: 0.0658||Batch time: 0.0468 sec. ||LR: 0.00001000
Epoch:5 || epochiter: 660/1563|| Totel iter 6913 || Loss: 0.0723|| Aux: 0.0623||Batch time: 0.0509 sec. ||LR: 0.00001000
Epoch:5 || epochiter: 680/1563|| Totel iter 6933 || Loss: 0.1735|| Aux: 0.0632||Batch time: 0.0473 sec. ||LR: 0.00001000
Epoch:5 || epochiter: 700/1563|| Totel iter 6953 || Loss: 0.0536|| Aux: 0.0466||Batch time: 0.0472 sec. ||LR: 0.00001000
Epoch:5 || epochiter: 720/1563|| Totel iter 6973 || Loss: 0.0683|| Aux: 0.0309||Batch time: 0.0487 sec. ||LR: 0.00001000
Epoch:5 || epochiter: 740/1563|| Totel iter 6993 || Loss: 0.1103|| Aux: 0.0998||Batch time: 0.0474 sec. ||LR: 0.00001000
Epoch:5 || epochiter: 760/1563|| Totel iter 7013 || Loss: 0.1099|| Aux: 0.0606||Batch time: 0.0471 sec. ||LR: 0.00001000
Epoch:5 || epochiter: 780/1563|| Totel iter 7033 || Loss: 0.1160|| Aux: 0.1025||Batch time: 0.0468 sec. ||LR: 0.00001000
Epoch:5 || epochiter: 800/1563|| Totel iter 7053 || Loss: 0.0431|| Aux: 0.0609||Batch time: 0.0475 sec. ||LR: 0.00001000
Epoch:5 || epochiter: 820/1563|| Totel iter 7073 || Loss: 0.0501|| Aux: 0.0568||Batch time: 0.0472 sec. ||LR: 0.00001000
Epoch:5 || epochiter: 840/1563|| Totel iter 7093 || Loss: 0.0962|| Aux: 0.0485||Batch time: 0.0470 sec. ||LR: 0.00001000
Epoch:5 || epochiter: 860/1563|| Totel iter 7113 || Loss: 0.0493|| Aux: 0.0221||Batch time: 0.0479 sec. ||LR: 0.00001000
Epoch:5 || epochiter: 880/1563|| Totel iter 7133 || Loss: 0.0815|| Aux: 0.0890||Batch time: 0.0481 sec. ||LR: 0.00001000
Epoch:5 || epochiter: 900/1563|| Totel iter 7153 || Loss: 0.0523|| Aux: 0.0572||Batch time: 0.0503 sec. ||LR: 0.00001000
Epoch:5 || epochiter: 920/1563|| Totel iter 7173 || Loss: 0.1747|| Aux: 0.2836||Batch time: 0.0531 sec. ||LR: 0.00001000
Epoch:5 || epochiter: 940/1563|| Totel iter 7193 || Loss: 0.0749|| Aux: 0.0567||Batch time: 0.0468 sec. ||LR: 0.00001000
Epoch:5 || epochiter: 960/1563|| Totel iter 7213 || Loss: 0.1751|| Aux: 0.1603||Batch time: 0.0469 sec. ||LR: 0.00001000
Epoch:5 || epochiter: 980/1563|| Totel iter 7233 || Loss: 0.0853|| Aux: 0.0816||Batch time: 0.0474 sec. ||LR: 0.00001000
Epoch:5 || epochiter: 1000/1563|| Totel iter 7253 || Loss: 0.1131|| Aux: 0.1087||Batch time: 0.0488 sec. ||LR: 0.00001000
Epoch:5 || epochiter: 1020/1563|| Totel iter 7273 || Loss: 0.0270|| Aux: 0.0066||Batch time: 0.0476 sec. ||LR: 0.00001000
Epoch:5 || epochiter: 1040/1563|| Totel iter 7293 || Loss: 0.1465|| Aux: 0.1696||Batch time: 0.0480 sec. ||LR: 0.00001000
Epoch:5 || epochiter: 1060/1563|| Totel iter 7313 || Loss: 0.2004|| Aux: 0.2925||Batch time: 0.0483 sec. ||LR: 0.00001000
Epoch:5 || epochiter: 1080/1563|| Totel iter 7333 || Loss: 0.0747|| Aux: 0.0675||Batch time: 0.0477 sec. ||LR: 0.00001000
Epoch:5 || epochiter: 1100/1563|| Totel iter 7353 || Loss: 0.0482|| Aux: 0.0157||Batch time: 0.0519 sec. ||LR: 0.00001000
Epoch:5 || epochiter: 1120/1563|| Totel iter 7373 || Loss: 0.0947|| Aux: 0.0484||Batch time: 0.0523 sec. ||LR: 0.00001000
Epoch:5 || epochiter: 1140/1563|| Totel iter 7393 || Loss: 0.1585|| Aux: 0.1496||Batch time: 0.0499 sec. ||LR: 0.00001000
Epoch:5 || epochiter: 1160/1563|| Totel iter 7413 || Loss: 0.0867|| Aux: 0.0795||Batch time: 0.0489 sec. ||LR: 0.00001000
Epoch:5 || epochiter: 1180/1563|| Totel iter 7433 || Loss: 0.0934|| Aux: 0.1250||Batch time: 0.0487 sec. ||LR: 0.00001000
Epoch:5 || epochiter: 1200/1563|| Totel iter 7453 || Loss: 0.0915|| Aux: 0.0709||Batch time: 0.0478 sec. ||LR: 0.00001000
Epoch:5 || epochiter: 1220/1563|| Totel iter 7473 || Loss: 0.0798|| Aux: 0.0685||Batch time: 0.0490 sec. ||LR: 0.00001000
Epoch:5 || epochiter: 1240/1563|| Totel iter 7493 || Loss: 0.0703|| Aux: 0.0739||Batch time: 0.0533 sec. ||LR: 0.00001000
Epoch:5 || epochiter: 1260/1563|| Totel iter 7513 || Loss: 0.0760|| Aux: 0.0437||Batch time: 0.0488 sec. ||LR: 0.00001000
Epoch:5 || epochiter: 1280/1563|| Totel iter 7533 || Loss: 0.0936|| Aux: 0.0442||Batch time: 0.0470 sec. ||LR: 0.00001000
Epoch:5 || epochiter: 1300/1563|| Totel iter 7553 || Loss: 0.2316|| Aux: 0.2081||Batch time: 0.0455 sec. ||LR: 0.00001000
Epoch:5 || epochiter: 1320/1563|| Totel iter 7573 || Loss: 0.0405|| Aux: 0.0462||Batch time: 0.0689 sec. ||LR: 0.00001000
Epoch:5 || epochiter: 1340/1563|| Totel iter 7593 || Loss: 0.0653|| Aux: 0.0345||Batch time: 0.0476 sec. ||LR: 0.00001000
Epoch:5 || epochiter: 1360/1563|| Totel iter 7613 || Loss: 0.0886|| Aux: 0.0568||Batch time: 0.0450 sec. ||LR: 0.00001000
Epoch:5 || epochiter: 1380/1563|| Totel iter 7633 || Loss: 0.0617|| Aux: 0.0526||Batch time: 0.0476 sec. ||LR: 0.00001000
Epoch:5 || epochiter: 1400/1563|| Totel iter 7653 || Loss: 0.1004|| Aux: 0.1040||Batch time: 0.0445 sec. ||LR: 0.00001000
Epoch:5 || epochiter: 1420/1563|| Totel iter 7673 || Loss: 0.0808|| Aux: 0.0314||Batch time: 0.0462 sec. ||LR: 0.00001000
Epoch:5 || epochiter: 1440/1563|| Totel iter 7693 || Loss: 0.0556|| Aux: 0.0178||Batch time: 0.0499 sec. ||LR: 0.00001000
Epoch:5 || epochiter: 1460/1563|| Totel iter 7713 || Loss: 0.1083|| Aux: 0.1539||Batch time: 0.0472 sec. ||LR: 0.00001000
Epoch:5 || epochiter: 1480/1563|| Totel iter 7733 || Loss: 0.0577|| Aux: 0.0440||Batch time: 0.0462 sec. ||LR: 0.00001000
Epoch:5 || epochiter: 1500/1563|| Totel iter 7753 || Loss: 0.0908|| Aux: 0.0568||Batch time: 0.0461 sec. ||LR: 0.00001000
Epoch:5 || epochiter: 1520/1563|| Totel iter 7773 || Loss: 0.0836|| Aux: 0.0583||Batch time: 0.0464 sec. ||LR: 0.00001000
Epoch:5 || epochiter: 1540/1563|| Totel iter 7793 || Loss: 0.1367|| Aux: 0.1266||Batch time: 0.0467 sec. ||LR: 0.00001000
Epoch:5 || epochiter: 1560/1563|| Totel iter 7813 || Loss: 0.0889|| Aux: 0.0799||Batch time: 0.0461 sec. ||LR: 0.00001000
[Epoch Summary] Epoch 5 AvgLoss 0.1060 AvgAux 0.0987
[BoardAnchor] Epoch 5 exact 1.0000 first_char 1.0000 blank_mean 0.5000
[BoardAnchor][1] gt=京N8P8F8 pred=京N8P8F8 blank=0.5000 top5=[('京', 0.9999003410339355), ('豫', 9.806783054955304e-05), ('苏', 5.281444259708223e-07), ('闽', 4.417527748046268e-07), ('浙', 3.1627058660887997e-07)]
Epoch:6 || epochiter: 0/1563|| Totel iter 7816 || Loss: 0.1028|| Aux: 0.0611||Batch time: 0.0311 sec. ||LR: 0.00000100
Epoch:6 || epochiter: 20/1563|| Totel iter 7836 || Loss: 0.1850|| Aux: 0.2449||Batch time: 0.0475 sec. ||LR: 0.00000100
Epoch:6 || epochiter: 40/1563|| Totel iter 7856 || Loss: 0.0601|| Aux: 0.0548||Batch time: 0.0463 sec. ||LR: 0.00000100
Epoch:6 || epochiter: 60/1563|| Totel iter 7876 || Loss: 0.1433|| Aux: 0.1999||Batch time: 0.0523 sec. ||LR: 0.00000100
Epoch:6 || epochiter: 80/1563|| Totel iter 7896 || Loss: 0.1311|| Aux: 0.1998||Batch time: 0.0466 sec. ||LR: 0.00000100
Epoch:6 || epochiter: 100/1563|| Totel iter 7916 || Loss: 0.0722|| Aux: 0.1017||Batch time: 0.0502 sec. ||LR: 0.00000100
Epoch:6 || epochiter: 120/1563|| Totel iter 7936 || Loss: 0.1091|| Aux: 0.1073||Batch time: 0.0485 sec. ||LR: 0.00000100
Epoch:6 || epochiter: 140/1563|| Totel iter 7956 || Loss: 0.1294|| Aux: 0.0633||Batch time: 0.0448 sec. ||LR: 0.00000100
Epoch:6 || epochiter: 160/1563|| Totel iter 7976 || Loss: 0.1072|| Aux: 0.1120||Batch time: 0.0489 sec. ||LR: 0.00000100
Epoch:6 || epochiter: 180/1563|| Totel iter 7996 || Loss: 0.0481|| Aux: 0.0236||Batch time: 0.0457 sec. ||LR: 0.00000100
Epoch:6 || epochiter: 200/1563|| Totel iter 8016 || Loss: 0.0595|| Aux: 0.0262||Batch time: 0.0499 sec. ||LR: 0.00000100
Epoch:6 || epochiter: 220/1563|| Totel iter 8036 || Loss: 0.1035|| Aux: 0.1577||Batch time: 0.0493 sec. ||LR: 0.00000100
Epoch:6 || epochiter: 240/1563|| Totel iter 8056 || Loss: 0.0809|| Aux: 0.0847||Batch time: 0.0465 sec. ||LR: 0.00000100
Epoch:6 || epochiter: 260/1563|| Totel iter 8076 || Loss: 0.0909|| Aux: 0.0674||Batch time: 0.0471 sec. ||LR: 0.00000100
Epoch:6 || epochiter: 280/1563|| Totel iter 8096 || Loss: 0.2477|| Aux: 0.2636||Batch time: 0.0460 sec. ||LR: 0.00000100
Epoch:6 || epochiter: 300/1563|| Totel iter 8116 || Loss: 0.1057|| Aux: 0.0984||Batch time: 0.0490 sec. ||LR: 0.00000100
Epoch:6 || epochiter: 320/1563|| Totel iter 8136 || Loss: 0.0893|| Aux: 0.0749||Batch time: 0.0433 sec. ||LR: 0.00000100
Epoch:6 || epochiter: 340/1563|| Totel iter 8156 || Loss: 0.1037|| Aux: 0.0697||Batch time: 0.0484 sec. ||LR: 0.00000100
Epoch:6 || epochiter: 360/1563|| Totel iter 8176 || Loss: 0.0693|| Aux: 0.0404||Batch time: 0.0482 sec. ||LR: 0.00000100
Epoch:6 || epochiter: 380/1563|| Totel iter 8196 || Loss: 0.2392|| Aux: 0.2650||Batch time: 0.0510 sec. ||LR: 0.00000100
Epoch:6 || epochiter: 400/1563|| Totel iter 8216 || Loss: 0.0933|| Aux: 0.0803||Batch time: 0.0463 sec. ||LR: 0.00000100
Epoch:6 || epochiter: 420/1563|| Totel iter 8236 || Loss: 0.0691|| Aux: 0.0344||Batch time: 0.0459 sec. ||LR: 0.00000100
Epoch:6 || epochiter: 440/1563|| Totel iter 8256 || Loss: 0.1112|| Aux: 0.1659||Batch time: 0.0482 sec. ||LR: 0.00000100
Epoch:6 || epochiter: 460/1563|| Totel iter 8276 || Loss: 0.1597|| Aux: 0.1096||Batch time: 0.0461 sec. ||LR: 0.00000100
Epoch:6 || epochiter: 480/1563|| Totel iter 8296 || Loss: 0.1251|| Aux: 0.0986||Batch time: 0.0499 sec. ||LR: 0.00000100
Epoch:6 || epochiter: 500/1563|| Totel iter 8316 || Loss: 0.0592|| Aux: 0.0502||Batch time: 0.0520 sec. ||LR: 0.00000100
Epoch:6 || epochiter: 520/1563|| Totel iter 8336 || Loss: 0.1034|| Aux: 0.1622||Batch time: 0.0467 sec. ||LR: 0.00000100
Epoch:6 || epochiter: 540/1563|| Totel iter 8356 || Loss: 0.0246|| Aux: 0.0324||Batch time: 0.0498 sec. ||LR: 0.00000100
Epoch:6 || epochiter: 560/1563|| Totel iter 8376 || Loss: 0.1103|| Aux: 0.1271||Batch time: 0.0476 sec. ||LR: 0.00000100
Epoch:6 || epochiter: 580/1563|| Totel iter 8396 || Loss: 0.0760|| Aux: 0.0310||Batch time: 0.0474 sec. ||LR: 0.00000100
Epoch:6 || epochiter: 600/1563|| Totel iter 8416 || Loss: 0.1149|| Aux: 0.1657||Batch time: 0.0496 sec. ||LR: 0.00000100
Epoch:6 || epochiter: 620/1563|| Totel iter 8436 || Loss: 0.1809|| Aux: 0.2661||Batch time: 0.0485 sec. ||LR: 0.00000100
Epoch:6 || epochiter: 640/1563|| Totel iter 8456 || Loss: 0.1798|| Aux: 0.2894||Batch time: 0.0463 sec. ||LR: 0.00000100
Epoch:6 || epochiter: 660/1563|| Totel iter 8476 || Loss: 0.0737|| Aux: 0.0598||Batch time: 0.0490 sec. ||LR: 0.00000100
Epoch:6 || epochiter: 680/1563|| Totel iter 8496 || Loss: 0.0488|| Aux: 0.0300||Batch time: 0.0491 sec. ||LR: 0.00000100
Epoch:6 || epochiter: 700/1563|| Totel iter 8516 || Loss: 0.1359|| Aux: 0.0684||Batch time: 0.0494 sec. ||LR: 0.00000100
Epoch:6 || epochiter: 720/1563|| Totel iter 8536 || Loss: 0.0651|| Aux: 0.0655||Batch time: 0.0483 sec. ||LR: 0.00000100
Epoch:6 || epochiter: 740/1563|| Totel iter 8556 || Loss: 0.0918|| Aux: 0.0331||Batch time: 0.0460 sec. ||LR: 0.00000100
Epoch:6 || epochiter: 760/1563|| Totel iter 8576 || Loss: 0.1473|| Aux: 0.1946||Batch time: 0.0496 sec. ||LR: 0.00000100
Epoch:6 || epochiter: 780/1563|| Totel iter 8596 || Loss: 0.0518|| Aux: 0.0841||Batch time: 0.0475 sec. ||LR: 0.00000100
Epoch:6 || epochiter: 800/1563|| Totel iter 8616 || Loss: 0.1820|| Aux: 0.2286||Batch time: 0.0519 sec. ||LR: 0.00000100
Epoch:6 || epochiter: 820/1563|| Totel iter 8636 || Loss: 0.0693|| Aux: 0.0549||Batch time: 0.0444 sec. ||LR: 0.00000100
Epoch:6 || epochiter: 840/1563|| Totel iter 8656 || Loss: 0.0705|| Aux: 0.0554||Batch time: 0.0500 sec. ||LR: 0.00000100
Epoch:6 || epochiter: 860/1563|| Totel iter 8676 || Loss: 0.1031|| Aux: 0.1143||Batch time: 0.0478 sec. ||LR: 0.00000100
Epoch:6 || epochiter: 880/1563|| Totel iter 8696 || Loss: 0.0804|| Aux: 0.0640||Batch time: 0.0477 sec. ||LR: 0.00000100
Epoch:6 || epochiter: 900/1563|| Totel iter 8716 || Loss: 0.1162|| Aux: 0.1079||Batch time: 0.0490 sec. ||LR: 0.00000100
Epoch:6 || epochiter: 920/1563|| Totel iter 8736 || Loss: 0.0466|| Aux: 0.0199||Batch time: 0.0519 sec. ||LR: 0.00000100
Epoch:6 || epochiter: 940/1563|| Totel iter 8756 || Loss: 0.0749|| Aux: 0.0664||Batch time: 0.0470 sec. ||LR: 0.00000100
Epoch:6 || epochiter: 960/1563|| Totel iter 8776 || Loss: 0.1132|| Aux: 0.0870||Batch time: 0.0504 sec. ||LR: 0.00000100
Epoch:6 || epochiter: 980/1563|| Totel iter 8796 || Loss: 0.0732|| Aux: 0.0676||Batch time: 0.0500 sec. ||LR: 0.00000100
Epoch:6 || epochiter: 1000/1563|| Totel iter 8816 || Loss: 0.0820|| Aux: 0.0627||Batch time: 0.0471 sec. ||LR: 0.00000100
Epoch:6 || epochiter: 1020/1563|| Totel iter 8836 || Loss: 0.0640|| Aux: 0.0515||Batch time: 0.0558 sec. ||LR: 0.00000100
Epoch:6 || epochiter: 1040/1563|| Totel iter 8856 || Loss: 0.0766|| Aux: 0.0855||Batch time: 0.0491 sec. ||LR: 0.00000100
Epoch:6 || epochiter: 1060/1563|| Totel iter 8876 || Loss: 0.0328|| Aux: 0.0277||Batch time: 0.0520 sec. ||LR: 0.00000100
Epoch:6 || epochiter: 1080/1563|| Totel iter 8896 || Loss: 0.0875|| Aux: 0.0874||Batch time: 0.0524 sec. ||LR: 0.00000100
Epoch:6 || epochiter: 1100/1563|| Totel iter 8916 || Loss: 0.0522|| Aux: 0.0291||Batch time: 0.0483 sec. ||LR: 0.00000100
Epoch:6 || epochiter: 1120/1563|| Totel iter 8936 || Loss: 0.0675|| Aux: 0.0572||Batch time: 0.0508 sec. ||LR: 0.00000100
Epoch:6 || epochiter: 1140/1563|| Totel iter 8956 || Loss: 0.1673|| Aux: 0.0697||Batch time: 0.0498 sec. ||LR: 0.00000100
Epoch:6 || epochiter: 1160/1563|| Totel iter 8976 || Loss: 0.1057|| Aux: 0.0652||Batch time: 0.0600 sec. ||LR: 0.00000100
Epoch:6 || epochiter: 1180/1563|| Totel iter 8996 || Loss: 0.1111|| Aux: 0.1294||Batch time: 0.0508 sec. ||LR: 0.00000100
Epoch:6 || epochiter: 1200/1563|| Totel iter 9016 || Loss: 0.0833|| Aux: 0.0290||Batch time: 0.0482 sec. ||LR: 0.00000100
Epoch:6 || epochiter: 1220/1563|| Totel iter 9036 || Loss: 0.0924|| Aux: 0.0357||Batch time: 0.0513 sec. ||LR: 0.00000100
Epoch:6 || epochiter: 1240/1563|| Totel iter 9056 || Loss: 0.0907|| Aux: 0.0602||Batch time: 0.0538 sec. ||LR: 0.00000100
Epoch:6 || epochiter: 1260/1563|| Totel iter 9076 || Loss: 0.0843|| Aux: 0.0677||Batch time: 0.0518 sec. ||LR: 0.00000100
Epoch:6 || epochiter: 1280/1563|| Totel iter 9096 || Loss: 0.1088|| Aux: 0.0949||Batch time: 0.0530 sec. ||LR: 0.00000100
Epoch:6 || epochiter: 1300/1563|| Totel iter 9116 || Loss: 0.0725|| Aux: 0.0329||Batch time: 0.0515 sec. ||LR: 0.00000100
Epoch:6 || epochiter: 1320/1563|| Totel iter 9136 || Loss: 0.0665|| Aux: 0.0592||Batch time: 0.0529 sec. ||LR: 0.00000100
Epoch:6 || epochiter: 1340/1563|| Totel iter 9156 || Loss: 0.0317|| Aux: 0.0157||Batch time: 0.0551 sec. ||LR: 0.00000100
Epoch:6 || epochiter: 1360/1563|| Totel iter 9176 || Loss: 0.0943|| Aux: 0.1141||Batch time: 0.0560 sec. ||LR: 0.00000100
Epoch:6 || epochiter: 1380/1563|| Totel iter 9196 || Loss: 0.0515|| Aux: 0.0263||Batch time: 0.0531 sec. ||LR: 0.00000100
Epoch:6 || epochiter: 1400/1563|| Totel iter 9216 || Loss: 0.1015|| Aux: 0.0782||Batch time: 0.0528 sec. ||LR: 0.00000100
Epoch:6 || epochiter: 1420/1563|| Totel iter 9236 || Loss: 0.1104|| Aux: 0.1386||Batch time: 0.0493 sec. ||LR: 0.00000100
Epoch:6 || epochiter: 1440/1563|| Totel iter 9256 || Loss: 0.1335|| Aux: 0.0904||Batch time: 0.0546 sec. ||LR: 0.00000100
Epoch:6 || epochiter: 1460/1563|| Totel iter 9276 || Loss: 0.0512|| Aux: 0.0577||Batch time: 0.0499 sec. ||LR: 0.00000100
Epoch:6 || epochiter: 1480/1563|| Totel iter 9296 || Loss: 0.1022|| Aux: 0.1768||Batch time: 0.0445 sec. ||LR: 0.00000100
Epoch:6 || epochiter: 1500/1563|| Totel iter 9316 || Loss: 0.0835|| Aux: 0.0411||Batch time: 0.0473 sec. ||LR: 0.00000100
Epoch:6 || epochiter: 1520/1563|| Totel iter 9336 || Loss: 0.0825|| Aux: 0.0868||Batch time: 0.0479 sec. ||LR: 0.00000100
Epoch:6 || epochiter: 1540/1563|| Totel iter 9356 || Loss: 0.0512|| Aux: 0.0688||Batch time: 0.0482 sec. ||LR: 0.00000100
Epoch:6 || epochiter: 1560/1563|| Totel iter 9376 || Loss: 0.1490|| Aux: 0.0505||Batch time: 0.0476 sec. ||LR: 0.00000100
[Epoch Summary] Epoch 6 AvgLoss 0.1008 AvgAux 0.0935
[BoardAnchor] Epoch 6 exact 1.0000 first_char 1.0000 blank_mean 0.5000
[BoardAnchor][1] gt=京N8P8F8 pred=京N8P8F8 blank=0.5000 top5=[('京', 0.9998879432678223), ('豫', 0.0001101617090171203), ('苏', 8.229034733631124e-07), ('浙', 3.969355475419434e-07), ('闽', 3.863526671921136e-07)]
Epoch:7 || epochiter: 0/1563|| Totel iter 9379 || Loss: 0.0621|| Aux: 0.0200||Batch time: 0.0319 sec. ||LR: 0.00000100
Epoch:7 || epochiter: 20/1563|| Totel iter 9399 || Loss: 0.1081|| Aux: 0.0533||Batch time: 0.0518 sec. ||LR: 0.00000100
Epoch:7 || epochiter: 40/1563|| Totel iter 9419 || Loss: 0.1345|| Aux: 0.0526||Batch time: 0.0504 sec. ||LR: 0.00000100
Epoch:7 || epochiter: 60/1563|| Totel iter 9439 || Loss: 0.0800|| Aux: 0.0592||Batch time: 0.0489 sec. ||LR: 0.00000100
Epoch:7 || epochiter: 80/1563|| Totel iter 9459 || Loss: 0.0776|| Aux: 0.0244||Batch time: 0.0508 sec. ||LR: 0.00000100
Epoch:7 || epochiter: 100/1563|| Totel iter 9479 || Loss: 0.1170|| Aux: 0.0704||Batch time: 0.0492 sec. ||LR: 0.00000100
Epoch:7 || epochiter: 120/1563|| Totel iter 9499 || Loss: 0.0683|| Aux: 0.0538||Batch time: 0.0480 sec. ||LR: 0.00000100
Epoch:7 || epochiter: 140/1563|| Totel iter 9519 || Loss: 0.0664|| Aux: 0.0800||Batch time: 0.0549 sec. ||LR: 0.00000100
Epoch:7 || epochiter: 160/1563|| Totel iter 9539 || Loss: 0.0918|| Aux: 0.1396||Batch time: 0.0500 sec. ||LR: 0.00000100
Epoch:7 || epochiter: 180/1563|| Totel iter 9559 || Loss: 0.1197|| Aux: 0.0909||Batch time: 0.0479 sec. ||LR: 0.00000100
Epoch:7 || epochiter: 200/1563|| Totel iter 9579 || Loss: 0.0815|| Aux: 0.0648||Batch time: 0.0472 sec. ||LR: 0.00000100
Epoch:7 || epochiter: 220/1563|| Totel iter 9599 || Loss: 0.0950|| Aux: 0.1148||Batch time: 0.0525 sec. ||LR: 0.00000100
Epoch:7 || epochiter: 240/1563|| Totel iter 9619 || Loss: 0.0712|| Aux: 0.0398||Batch time: 0.0523 sec. ||LR: 0.00000100
Epoch:7 || epochiter: 260/1563|| Totel iter 9639 || Loss: 0.0874|| Aux: 0.1344||Batch time: 0.0504 sec. ||LR: 0.00000100
Epoch:7 || epochiter: 280/1563|| Totel iter 9659 || Loss: 0.2259|| Aux: 0.3394||Batch time: 0.0568 sec. ||LR: 0.00000100
Epoch:7 || epochiter: 300/1563|| Totel iter 9679 || Loss: 0.0917|| Aux: 0.0755||Batch time: 0.0469 sec. ||LR: 0.00000100
Epoch:7 || epochiter: 320/1563|| Totel iter 9699 || Loss: 0.1045|| Aux: 0.0496||Batch time: 0.0548 sec. ||LR: 0.00000100
Epoch:7 || epochiter: 340/1563|| Totel iter 9719 || Loss: 0.0552|| Aux: 0.0645||Batch time: 0.0596 sec. ||LR: 0.00000100
Epoch:7 || epochiter: 360/1563|| Totel iter 9739 || Loss: 0.2263|| Aux: 0.2466||Batch time: 0.0487 sec. ||LR: 0.00000100
Epoch:7 || epochiter: 380/1563|| Totel iter 9759 || Loss: 0.1199|| Aux: 0.0215||Batch time: 0.0523 sec. ||LR: 0.00000100
Epoch:7 || epochiter: 400/1563|| Totel iter 9779 || Loss: 0.0627|| Aux: 0.0666||Batch time: 0.0554 sec. ||LR: 0.00000100
Epoch:7 || epochiter: 420/1563|| Totel iter 9799 || Loss: 0.0759|| Aux: 0.0398||Batch time: 0.0506 sec. ||LR: 0.00000100
Epoch:7 || epochiter: 440/1563|| Totel iter 9819 || Loss: 0.1409|| Aux: 0.1927||Batch time: 0.0502 sec. ||LR: 0.00000100
Epoch:7 || epochiter: 460/1563|| Totel iter 9839 || Loss: 0.1367|| Aux: 0.1027||Batch time: 0.0508 sec. ||LR: 0.00000100
Epoch:7 || epochiter: 480/1563|| Totel iter 9859 || Loss: 0.1231|| Aux: 0.0608||Batch time: 0.0536 sec. ||LR: 0.00000100
Epoch:7 || epochiter: 500/1563|| Totel iter 9879 || Loss: 0.0314|| Aux: 0.0389||Batch time: 0.0486 sec. ||LR: 0.00000100
Epoch:7 || epochiter: 520/1563|| Totel iter 9899 || Loss: 0.0734|| Aux: 0.0470||Batch time: 0.0545 sec. ||LR: 0.00000100
Epoch:7 || epochiter: 540/1563|| Totel iter 9919 || Loss: 0.1935|| Aux: 0.1868||Batch time: 0.0558 sec. ||LR: 0.00000100
Epoch:7 || epochiter: 560/1563|| Totel iter 9939 || Loss: 0.0610|| Aux: 0.0288||Batch time: 0.0483 sec. ||LR: 0.00000100
Epoch:7 || epochiter: 580/1563|| Totel iter 9959 || Loss: 0.1844|| Aux: 0.1951||Batch time: 0.0549 sec. ||LR: 0.00000100
Epoch:7 || epochiter: 600/1563|| Totel iter 9979 || Loss: 0.0577|| Aux: 0.0287||Batch time: 0.0542 sec. ||LR: 0.00000100
Epoch:7 || epochiter: 620/1563|| Totel iter 9999 || Loss: 0.0527|| Aux: 0.0125||Batch time: 0.0554 sec. ||LR: 0.00000100
Epoch:7 || epochiter: 640/1563|| Totel iter 10019 || Loss: 0.0842|| Aux: 0.0537||Batch time: 0.0486 sec. ||LR: 0.00000100
Epoch:7 || epochiter: 660/1563|| Totel iter 10039 || Loss: 0.1544|| Aux: 0.1795||Batch time: 0.0507 sec. ||LR: 0.00000100
Epoch:7 || epochiter: 680/1563|| Totel iter 10059 || Loss: 0.0937|| Aux: 0.0449||Batch time: 0.0515 sec. ||LR: 0.00000100
Epoch:7 || epochiter: 700/1563|| Totel iter 10079 || Loss: 0.0708|| Aux: 0.0234||Batch time: 0.0522 sec. ||LR: 0.00000100
Epoch:7 || epochiter: 720/1563|| Totel iter 10099 || Loss: 0.0446|| Aux: 0.0161||Batch time: 0.0472 sec. ||LR: 0.00000100
Epoch:7 || epochiter: 740/1563|| Totel iter 10119 || Loss: 0.0911|| Aux: 0.0768||Batch time: 0.0467 sec. ||LR: 0.00000100
Epoch:7 || epochiter: 760/1563|| Totel iter 10139 || Loss: 0.0617|| Aux: 0.0753||Batch time: 0.0486 sec. ||LR: 0.00000100
Epoch:7 || epochiter: 780/1563|| Totel iter 10159 || Loss: 0.0993|| Aux: 0.0495||Batch time: 0.0502 sec. ||LR: 0.00000100
Epoch:7 || epochiter: 800/1563|| Totel iter 10179 || Loss: 0.1792|| Aux: 0.2157||Batch time: 0.0454 sec. ||LR: 0.00000100
Epoch:7 || epochiter: 820/1563|| Totel iter 10199 || Loss: 0.1543|| Aux: 0.0711||Batch time: 0.0468 sec. ||LR: 0.00000100
Epoch:7 || epochiter: 840/1563|| Totel iter 10219 || Loss: 0.0862|| Aux: 0.0661||Batch time: 0.0499 sec. ||LR: 0.00000100
Epoch:7 || epochiter: 860/1563|| Totel iter 10239 || Loss: 0.1170|| Aux: 0.1205||Batch time: 0.0439 sec. ||LR: 0.00000100
Epoch:7 || epochiter: 880/1563|| Totel iter 10259 || Loss: 0.1258|| Aux: 0.1643||Batch time: 0.0473 sec. ||LR: 0.00000100
Epoch:7 || epochiter: 900/1563|| Totel iter 10279 || Loss: 0.0759|| Aux: 0.0602||Batch time: 0.0484 sec. ||LR: 0.00000100
Epoch:7 || epochiter: 920/1563|| Totel iter 10299 || Loss: 0.0832|| Aux: 0.1192||Batch time: 0.0519 sec. ||LR: 0.00000100
Epoch:7 || epochiter: 940/1563|| Totel iter 10319 || Loss: 0.0753|| Aux: 0.0436||Batch time: 0.0524 sec. ||LR: 0.00000100
Epoch:7 || epochiter: 960/1563|| Totel iter 10339 || Loss: 0.0674|| Aux: 0.0563||Batch time: 0.0462 sec. ||LR: 0.00000100
Epoch:7 || epochiter: 980/1563|| Totel iter 10359 || Loss: 0.0832|| Aux: 0.0729||Batch time: 0.0537 sec. ||LR: 0.00000100
Epoch:7 || epochiter: 1000/1563|| Totel iter 10379 || Loss: 0.0995|| Aux: 0.1418||Batch time: 0.0499 sec. ||LR: 0.00000100
Epoch:7 || epochiter: 1020/1563|| Totel iter 10399 || Loss: 0.0952|| Aux: 0.0176||Batch time: 0.0515 sec. ||LR: 0.00000100
Epoch:7 || epochiter: 1040/1563|| Totel iter 10419 || Loss: 0.1678|| Aux: 0.2240||Batch time: 0.0686 sec. ||LR: 0.00000100
Epoch:7 || epochiter: 1060/1563|| Totel iter 10439 || Loss: 0.1525|| Aux: 0.1684||Batch time: 0.0451 sec. ||LR: 0.00000100
Epoch:7 || epochiter: 1080/1563|| Totel iter 10459 || Loss: 0.0802|| Aux: 0.0554||Batch time: 0.0430 sec. ||LR: 0.00000100
Epoch:7 || epochiter: 1100/1563|| Totel iter 10479 || Loss: 0.0905|| Aux: 0.0626||Batch time: 0.0566 sec. ||LR: 0.00000100
Epoch:7 || epochiter: 1120/1563|| Totel iter 10499 || Loss: 0.1751|| Aux: 0.2261||Batch time: 0.0493 sec. ||LR: 0.00000100
Epoch:7 || epochiter: 1140/1563|| Totel iter 10519 || Loss: 0.1350|| Aux: 0.1716||Batch time: 0.0516 sec. ||LR: 0.00000100
Epoch:7 || epochiter: 1160/1563|| Totel iter 10539 || Loss: 0.1142|| Aux: 0.0645||Batch time: 0.0534 sec. ||LR: 0.00000100
Epoch:7 || epochiter: 1180/1563|| Totel iter 10559 || Loss: 0.1539|| Aux: 0.1766||Batch time: 0.0509 sec. ||LR: 0.00000100
Epoch:7 || epochiter: 1200/1563|| Totel iter 10579 || Loss: 0.0287|| Aux: 0.0226||Batch time: 0.0483 sec. ||LR: 0.00000100
Epoch:7 || epochiter: 1220/1563|| Totel iter 10599 || Loss: 0.1898|| Aux: 0.2163||Batch time: 0.0514 sec. ||LR: 0.00000100
Epoch:7 || epochiter: 1240/1563|| Totel iter 10619 || Loss: 0.1699|| Aux: 0.2119||Batch time: 0.0570 sec. ||LR: 0.00000100
Epoch:7 || epochiter: 1260/1563|| Totel iter 10639 || Loss: 0.0592|| Aux: 0.0522||Batch time: 0.0501 sec. ||LR: 0.00000100
Epoch:7 || epochiter: 1280/1563|| Totel iter 10659 || Loss: 0.0684|| Aux: 0.0663||Batch time: 0.0501 sec. ||LR: 0.00000100
Epoch:7 || epochiter: 1300/1563|| Totel iter 10679 || Loss: 0.0590|| Aux: 0.0190||Batch time: 0.0478 sec. ||LR: 0.00000100
Epoch:7 || epochiter: 1320/1563|| Totel iter 10699 || Loss: 0.0539|| Aux: 0.0723||Batch time: 0.0507 sec. ||LR: 0.00000100
Epoch:7 || epochiter: 1340/1563|| Totel iter 10719 || Loss: 0.0721|| Aux: 0.0516||Batch time: 0.0530 sec. ||LR: 0.00000100
Epoch:7 || epochiter: 1360/1563|| Totel iter 10739 || Loss: 0.0798|| Aux: 0.0520||Batch time: 0.0518 sec. ||LR: 0.00000100
Epoch:7 || epochiter: 1380/1563|| Totel iter 10759 || Loss: 0.1000|| Aux: 0.1315||Batch time: 0.0619 sec. ||LR: 0.00000100
Epoch:7 || epochiter: 1400/1563|| Totel iter 10779 || Loss: 0.0799|| Aux: 0.0396||Batch time: 0.0504 sec. ||LR: 0.00000100
Epoch:7 || epochiter: 1420/1563|| Totel iter 10799 || Loss: 0.0962|| Aux: 0.0709||Batch time: 0.0494 sec. ||LR: 0.00000100
Epoch:7 || epochiter: 1440/1563|| Totel iter 10819 || Loss: 0.0652|| Aux: 0.0221||Batch time: 0.0486 sec. ||LR: 0.00000100
Epoch:7 || epochiter: 1460/1563|| Totel iter 10839 || Loss: 0.0987|| Aux: 0.0459||Batch time: 0.0502 sec. ||LR: 0.00000100
Epoch:7 || epochiter: 1480/1563|| Totel iter 10859 || Loss: 0.1098|| Aux: 0.1397||Batch time: 0.0549 sec. ||LR: 0.00000100
Epoch:7 || epochiter: 1500/1563|| Totel iter 10879 || Loss: 0.1682|| Aux: 0.1749||Batch time: 0.0461 sec. ||LR: 0.00000100
Epoch:7 || epochiter: 1520/1563|| Totel iter 10899 || Loss: 0.1073|| Aux: 0.1307||Batch time: 0.0510 sec. ||LR: 0.00000100
Epoch:7 || epochiter: 1540/1563|| Totel iter 10919 || Loss: 0.1068|| Aux: 0.0970||Batch time: 0.0470 sec. ||LR: 0.00000100
Epoch:7 || epochiter: 1560/1563|| Totel iter 10939 || Loss: 0.0563|| Aux: 0.0469||Batch time: 0.0498 sec. ||LR: 0.00000100
[Epoch Summary] Epoch 7 AvgLoss 0.0992 AvgAux 0.0898
[BoardAnchor] Epoch 7 exact 1.0000 first_char 1.0000 blank_mean 0.5000
[BoardAnchor][1] gt=京N8P8F8 pred=京N8P8F8 blank=0.5000 top5=[('京', 0.9998646974563599), ('豫', 0.0001333444524789229), ('苏', 8.180767849808035e-07), ('浙', 4.3082656020487775e-07), ('闽', 4.150558652327163e-07)]
Epoch:8 || epochiter: 0/1563|| Totel iter 10942 || Loss: 0.0771|| Aux: 0.0735||Batch time: 0.0355 sec. ||LR: 0.00000010
Epoch:8 || epochiter: 20/1563|| Totel iter 10962 || Loss: 0.1273|| Aux: 0.0950||Batch time: 0.0443 sec. ||LR: 0.00000010
Epoch:8 || epochiter: 40/1563|| Totel iter 10982 || Loss: 0.1200|| Aux: 0.1332||Batch time: 0.0480 sec. ||LR: 0.00000010
Epoch:8 || epochiter: 60/1563|| Totel iter 11002 || Loss: 0.0767|| Aux: 0.0575||Batch time: 0.0475 sec. ||LR: 0.00000010
Epoch:8 || epochiter: 80/1563|| Totel iter 11022 || Loss: 0.0536|| Aux: 0.0154||Batch time: 0.0597 sec. ||LR: 0.00000010
Epoch:8 || epochiter: 100/1563|| Totel iter 11042 || Loss: 0.1919|| Aux: 0.2646||Batch time: 0.0497 sec. ||LR: 0.00000010
Epoch:8 || epochiter: 120/1563|| Totel iter 11062 || Loss: 0.1172|| Aux: 0.1671||Batch time: 0.0470 sec. ||LR: 0.00000010
Epoch:8 || epochiter: 140/1563|| Totel iter 11082 || Loss: 0.1495|| Aux: 0.1827||Batch time: 0.0488 sec. ||LR: 0.00000010
Epoch:8 || epochiter: 160/1563|| Totel iter 11102 || Loss: 0.0634|| Aux: 0.0493||Batch time: 0.0474 sec. ||LR: 0.00000010
Epoch:8 || epochiter: 180/1563|| Totel iter 11122 || Loss: 0.1357|| Aux: 0.1389||Batch time: 0.0473 sec. ||LR: 0.00000010
Epoch:8 || epochiter: 200/1563|| Totel iter 11142 || Loss: 0.1137|| Aux: 0.0970||Batch time: 0.0507 sec. ||LR: 0.00000010
Epoch:8 || epochiter: 220/1563|| Totel iter 11162 || Loss: 0.1137|| Aux: 0.1264||Batch time: 0.0483 sec. ||LR: 0.00000010
Epoch:8 || epochiter: 240/1563|| Totel iter 11182 || Loss: 0.0827|| Aux: 0.0796||Batch time: 0.0460 sec. ||LR: 0.00000010
Epoch:8 || epochiter: 260/1563|| Totel iter 11202 || Loss: 0.0787|| Aux: 0.0462||Batch time: 0.0569 sec. ||LR: 0.00000010
Epoch:8 || epochiter: 280/1563|| Totel iter 11222 || Loss: 0.0727|| Aux: 0.0258||Batch time: 0.0515 sec. ||LR: 0.00000010
Epoch:8 || epochiter: 300/1563|| Totel iter 11242 || Loss: 0.1222|| Aux: 0.1063||Batch time: 0.0535 sec. ||LR: 0.00000010
Epoch:8 || epochiter: 320/1563|| Totel iter 11262 || Loss: 0.0633|| Aux: 0.0955||Batch time: 0.0538 sec. ||LR: 0.00000010
Epoch:8 || epochiter: 340/1563|| Totel iter 11282 || Loss: 0.0336|| Aux: 0.0115||Batch time: 0.0539 sec. ||LR: 0.00000010
Epoch:8 || epochiter: 360/1563|| Totel iter 11302 || Loss: 0.0906|| Aux: 0.0288||Batch time: 0.0521 sec. ||LR: 0.00000010
Epoch:8 || epochiter: 380/1563|| Totel iter 11322 || Loss: 0.0555|| Aux: 0.0253||Batch time: 0.0542 sec. ||LR: 0.00000010
Epoch:8 || epochiter: 400/1563|| Totel iter 11342 || Loss: 0.1270|| Aux: 0.1942||Batch time: 0.0541 sec. ||LR: 0.00000010
Epoch:8 || epochiter: 420/1563|| Totel iter 11362 || Loss: 0.1287|| Aux: 0.0692||Batch time: 0.0494 sec. ||LR: 0.00000010
Epoch:8 || epochiter: 440/1563|| Totel iter 11382 || Loss: 0.1742|| Aux: 0.2607||Batch time: 0.0481 sec. ||LR: 0.00000010
Epoch:8 || epochiter: 460/1563|| Totel iter 11402 || Loss: 0.0936|| Aux: 0.0661||Batch time: 0.0463 sec. ||LR: 0.00000010
Epoch:8 || epochiter: 480/1563|| Totel iter 11422 || Loss: 0.0912|| Aux: 0.0959||Batch time: 0.0461 sec. ||LR: 0.00000010
Epoch:8 || epochiter: 500/1563|| Totel iter 11442 || Loss: 0.1861|| Aux: 0.2325||Batch time: 0.0483 sec. ||LR: 0.00000010
Epoch:8 || epochiter: 520/1563|| Totel iter 11462 || Loss: 0.0733|| Aux: 0.0556||Batch time: 0.0492 sec. ||LR: 0.00000010
Epoch:8 || epochiter: 540/1563|| Totel iter 11482 || Loss: 0.1043|| Aux: 0.0987||Batch time: 0.0478 sec. ||LR: 0.00000010
Epoch:8 || epochiter: 560/1563|| Totel iter 11502 || Loss: 0.1521|| Aux: 0.1263||Batch time: 0.0488 sec. ||LR: 0.00000010
Epoch:8 || epochiter: 580/1563|| Totel iter 11522 || Loss: 0.1258|| Aux: 0.1535||Batch time: 0.0477 sec. ||LR: 0.00000010
Epoch:8 || epochiter: 600/1563|| Totel iter 11542 || Loss: 0.1228|| Aux: 0.1366||Batch time: 0.0487 sec. ||LR: 0.00000010
Epoch:8 || epochiter: 620/1563|| Totel iter 11562 || Loss: 0.0637|| Aux: 0.0485||Batch time: 0.0482 sec. ||LR: 0.00000010
Epoch:8 || epochiter: 640/1563|| Totel iter 11582 || Loss: 0.0925|| Aux: 0.0536||Batch time: 0.0476 sec. ||LR: 0.00000010
Epoch:8 || epochiter: 660/1563|| Totel iter 11602 || Loss: 0.1125|| Aux: 0.0946||Batch time: 0.0473 sec. ||LR: 0.00000010
Epoch:8 || epochiter: 680/1563|| Totel iter 11622 || Loss: 0.0337|| Aux: 0.0277||Batch time: 0.0523 sec. ||LR: 0.00000010
Epoch:8 || epochiter: 700/1563|| Totel iter 11642 || Loss: 0.0870|| Aux: 0.0639||Batch time: 0.0509 sec. ||LR: 0.00000010
Epoch:8 || epochiter: 720/1563|| Totel iter 11662 || Loss: 0.1651|| Aux: 0.1064||Batch time: 0.0444 sec. ||LR: 0.00000010
Epoch:8 || epochiter: 740/1563|| Totel iter 11682 || Loss: 0.0430|| Aux: 0.0285||Batch time: 0.0472 sec. ||LR: 0.00000010
Epoch:8 || epochiter: 760/1563|| Totel iter 11702 || Loss: 0.0897|| Aux: 0.0150||Batch time: 0.0512 sec. ||LR: 0.00000010
Epoch:8 || epochiter: 780/1563|| Totel iter 11722 || Loss: 0.1737|| Aux: 0.1543||Batch time: 0.0498 sec. ||LR: 0.00000010
Epoch:8 || epochiter: 800/1563|| Totel iter 11742 || Loss: 0.1340|| Aux: 0.2194||Batch time: 0.0477 sec. ||LR: 0.00000010
Epoch:8 || epochiter: 820/1563|| Totel iter 11762 || Loss: 0.0985|| Aux: 0.0777||Batch time: 0.0523 sec. ||LR: 0.00000010
Epoch:8 || epochiter: 840/1563|| Totel iter 11782 || Loss: 0.0779|| Aux: 0.0756||Batch time: 0.0451 sec. ||LR: 0.00000010
Epoch:8 || epochiter: 860/1563|| Totel iter 11802 || Loss: 0.2064|| Aux: 0.0715||Batch time: 0.0472 sec. ||LR: 0.00000010
Epoch:8 || epochiter: 880/1563|| Totel iter 11822 || Loss: 0.0428|| Aux: 0.0253||Batch time: 0.0514 sec. ||LR: 0.00000010
Epoch:8 || epochiter: 900/1563|| Totel iter 11842 || Loss: 0.0603|| Aux: 0.0685||Batch time: 0.0484 sec. ||LR: 0.00000010
Epoch:8 || epochiter: 920/1563|| Totel iter 11862 || Loss: 0.0620|| Aux: 0.0339||Batch time: 0.0484 sec. ||LR: 0.00000010
Epoch:8 || epochiter: 940/1563|| Totel iter 11882 || Loss: 0.1136|| Aux: 0.0838||Batch time: 0.0514 sec. ||LR: 0.00000010
Epoch:8 || epochiter: 960/1563|| Totel iter 11902 || Loss: 0.0454|| Aux: 0.0225||Batch time: 0.0470 sec. ||LR: 0.00000010
Epoch:8 || epochiter: 980/1563|| Totel iter 11922 || Loss: 0.1043|| Aux: 0.0694||Batch time: 0.0520 sec. ||LR: 0.00000010
Epoch:8 || epochiter: 1000/1563|| Totel iter 11942 || Loss: 0.1137|| Aux: 0.2059||Batch time: 0.0491 sec. ||LR: 0.00000010
Epoch:8 || epochiter: 1020/1563|| Totel iter 11962 || Loss: 0.1068|| Aux: 0.0632||Batch time: 0.0519 sec. ||LR: 0.00000010
Epoch:8 || epochiter: 1040/1563|| Totel iter 11982 || Loss: 0.0876|| Aux: 0.0436||Batch time: 0.0452 sec. ||LR: 0.00000010
Epoch:8 || epochiter: 1060/1563|| Totel iter 12002 || Loss: 0.1066|| Aux: 0.0479||Batch time: 0.0528 sec. ||LR: 0.00000010
Epoch:8 || epochiter: 1080/1563|| Totel iter 12022 || Loss: 0.0632|| Aux: 0.0124||Batch time: 0.0471 sec. ||LR: 0.00000010
Epoch:8 || epochiter: 1100/1563|| Totel iter 12042 || Loss: 0.0893|| Aux: 0.1288||Batch time: 0.0478 sec. ||LR: 0.00000010
Epoch:8 || epochiter: 1120/1563|| Totel iter 12062 || Loss: 0.0774|| Aux: 0.1166||Batch time: 0.0495 sec. ||LR: 0.00000010
Epoch:8 || epochiter: 1140/1563|| Totel iter 12082 || Loss: 0.0327|| Aux: 0.0231||Batch time: 0.0481 sec. ||LR: 0.00000010
Epoch:8 || epochiter: 1160/1563|| Totel iter 12102 || Loss: 0.1018|| Aux: 0.0400||Batch time: 0.0480 sec. ||LR: 0.00000010
Epoch:8 || epochiter: 1180/1563|| Totel iter 12122 || Loss: 0.1613|| Aux: 0.1228||Batch time: 0.0489 sec. ||LR: 0.00000010
Epoch:8 || epochiter: 1200/1563|| Totel iter 12142 || Loss: 0.0600|| Aux: 0.0553||Batch time: 0.0487 sec. ||LR: 0.00000010
Epoch:8 || epochiter: 1220/1563|| Totel iter 12162 || Loss: 0.1307|| Aux: 0.0641||Batch time: 0.0479 sec. ||LR: 0.00000010
Epoch:8 || epochiter: 1240/1563|| Totel iter 12182 || Loss: 0.1160|| Aux: 0.1140||Batch time: 0.0515 sec. ||LR: 0.00000010
Epoch:8 || epochiter: 1260/1563|| Totel iter 12202 || Loss: 0.1202|| Aux: 0.1251||Batch time: 0.0518 sec. ||LR: 0.00000010
Epoch:8 || epochiter: 1280/1563|| Totel iter 12222 || Loss: 0.0489|| Aux: 0.0182||Batch time: 0.0471 sec. ||LR: 0.00000010
Epoch:8 || epochiter: 1300/1563|| Totel iter 12242 || Loss: 0.0480|| Aux: 0.0190||Batch time: 0.0481 sec. ||LR: 0.00000010
Epoch:8 || epochiter: 1320/1563|| Totel iter 12262 || Loss: 0.0619|| Aux: 0.0502||Batch time: 0.0466 sec. ||LR: 0.00000010
Epoch:8 || epochiter: 1340/1563|| Totel iter 12282 || Loss: 0.0678|| Aux: 0.0422||Batch time: 0.0530 sec. ||LR: 0.00000010
Epoch:8 || epochiter: 1360/1563|| Totel iter 12302 || Loss: 0.0807|| Aux: 0.1112||Batch time: 0.0459 sec. ||LR: 0.00000010
Epoch:8 || epochiter: 1380/1563|| Totel iter 12322 || Loss: 0.0749|| Aux: 0.0803||Batch time: 0.0502 sec. ||LR: 0.00000010
Epoch:8 || epochiter: 1400/1563|| Totel iter 12342 || Loss: 0.0908|| Aux: 0.0702||Batch time: 0.0466 sec. ||LR: 0.00000010
Epoch:8 || epochiter: 1420/1563|| Totel iter 12362 || Loss: 0.1000|| Aux: 0.0557||Batch time: 0.0507 sec. ||LR: 0.00000010
Epoch:8 || epochiter: 1440/1563|| Totel iter 12382 || Loss: 0.0705|| Aux: 0.0744||Batch time: 0.0477 sec. ||LR: 0.00000010
Epoch:8 || epochiter: 1460/1563|| Totel iter 12402 || Loss: 0.0570|| Aux: 0.0322||Batch time: 0.0492 sec. ||LR: 0.00000010
Epoch:8 || epochiter: 1480/1563|| Totel iter 12422 || Loss: 0.0626|| Aux: 0.0236||Batch time: 0.0481 sec. ||LR: 0.00000010
Epoch:8 || epochiter: 1500/1563|| Totel iter 12442 || Loss: 0.0631|| Aux: 0.0631||Batch time: 0.0474 sec. ||LR: 0.00000010
Epoch:8 || epochiter: 1520/1563|| Totel iter 12462 || Loss: 0.1173|| Aux: 0.1270||Batch time: 0.0489 sec. ||LR: 0.00000010
Epoch:8 || epochiter: 1540/1563|| Totel iter 12482 || Loss: 0.0865|| Aux: 0.0542||Batch time: 0.0457 sec. ||LR: 0.00000010
Epoch:8 || epochiter: 1560/1563|| Totel iter 12502 || Loss: 0.0626|| Aux: 0.0555||Batch time: 0.0455 sec. ||LR: 0.00000010
[Epoch Summary] Epoch 8 AvgLoss 0.0989 AvgAux 0.0890
[BoardAnchor] Epoch 8 exact 1.0000 first_char 1.0000 blank_mean 0.5000
[BoardAnchor][1] gt=京N8P8F8 pred=京N8P8F8 blank=0.5000 top5=[('京', 0.9998961687088013), ('豫', 0.00010206115257460624), ('苏', 8.916535989555996e-07), ('浙', 3.668787940114271e-07), ('闽', 2.960801452900341e-07)]
[Training Done] Load best board-anchor checkpoint from epoch 1
Final test Accuracy:
[Info] Test Accuracy: 0.8386354541816726 [83830:5128:11002:99960]
[Training Done] Best Test Accuracy: 0.838635
[Training Done] Best board anchor metrics: exact 1.0000 first_char 1.0000 blank_mean 0.5000
